Log file open, 02/11/22 13:23:21
LogInit: Display: Running engine for game: Inverted
LogPlatformFile: Not using cached read wrapper
LogTaskGraph: Started task graph with 5 named threads and 35 total threads with 3 sets of task threads.
LogStats: Stats thread started at 0.240575
LogD3D11RHI: Loaded GFSDK_Aftermath_Lib.x64.dll
LogICUInternationalization: ICU TimeZone Detection - Raw Offset: +0:00, Platform Override: ''
LogPluginManager: Mounting plugin Paper2D
LogPluginManager: Mounting plugin AISupport
LogPluginManager: Mounting plugin LightPropagationVolume
LogPluginManager: Mounting plugin CameraShakePreviewer
LogPluginManager: Mounting plugin ActorLayerUtilities
LogPluginManager: Mounting plugin AnimationSharing
LogPluginManager: Mounting plugin CLionSourceCodeAccess
LogPluginManager: Mounting plugin CodeLiteSourceCodeAccess
LogPluginManager: Mounting plugin GitSourceControl
LogPluginManager: Mounting plugin KDevelopSourceCodeAccess
LogPluginManager: Mounting plugin NullSourceCodeAccess
LogPluginManager: Mounting plugin PerforceSourceControl
LogPluginManager: Mounting plugin PlasticSourceControl
LogPluginManager: Mounting plugin RiderSourceCodeAccess
LogPluginManager: Mounting plugin SubversionSourceControl
LogPluginManager: Mounting plugin UObjectPlugin
LogPluginManager: Mounting plugin VisualStudioCodeSourceCodeAccess
LogPluginManager: Mounting plugin VisualStudioSourceCodeAccess
LogPluginManager: Mounting plugin XCodeSourceCodeAccess
LogPluginManager: Mounting plugin AssetManagerEditor
LogPluginManager: Mounting plugin CryptoKeys
LogPluginManager: Mounting plugin CurveEditorTools
LogPluginManager: Mounting plugin DataValidation
LogPluginManager: Mounting plugin EditorScriptingUtilities
LogPluginManager: Mounting plugin FacialAnimation
LogPluginManager: Mounting plugin GameplayTagsEditor
LogPluginManager: Mounting plugin GeometryMode
LogPluginManager: Mounting plugin MacGraphicsSwitching
LogPluginManager: Mounting plugin MaterialAnalyzer
LogPluginManager: Mounting plugin MobileLauncherProfileWizard
LogPluginManager: Mounting plugin PluginBrowser
LogPluginManager: Mounting plugin SpeedTreeImporter
LogPluginManager: Mounting plugin DatasmithContent
LogPluginManager: Mounting plugin VariantManagerContent
LogPluginManager: Mounting plugin AlembicImporter
LogPluginManager: Mounting plugin AutomationUtils
LogPluginManager: Mounting plugin BackChannel
LogPluginManager: Mounting plugin ChaosCloth
LogPluginManager: Mounting plugin ChaosClothEditor
LogPluginManager: Mounting plugin ChaosEditor
LogPluginManager: Mounting plugin ChaosNiagara
LogPluginManager: Mounting plugin ChaosSolverPlugin
LogPluginManager: Mounting plugin CharacterAI
LogPluginManager: Mounting plugin GeometryCache
LogPluginManager: Mounting plugin GeometryCollectionPlugin
LogPluginManager: Mounting plugin GeometryProcessing
LogPluginManager: Mounting plugin PlanarCut
LogPluginManager: Mounting plugin PlatformCrypto
LogPluginManager: Mounting plugin ProxyLODPlugin
LogPluginManager: Mounting plugin SkeletalReduction
LogPluginManager: Mounting plugin Niagara
LogPluginManager: Mounting plugin MagicLeap
LogPluginManager: Mounting plugin MagicLeapLightEstimation
LogPluginManager: Mounting plugin MagicLeapMedia
LogPluginManager: Mounting plugin MagicLeapPassableWorld
LogPluginManager: Mounting plugin MLSDK
LogPluginManager: Mounting plugin AndroidMedia
LogPluginManager: Mounting plugin AvfMedia
LogPluginManager: Mounting plugin ImgMedia
LogPluginManager: Mounting plugin MediaCompositing
LogPluginManager: Mounting plugin MediaPlayerEditor
LogPluginManager: Mounting plugin WebMMedia
LogPluginManager: Mounting plugin WmfMedia
LogPluginManager: Mounting plugin MeshPainting
LogPluginManager: Mounting plugin TcpMessaging
LogPluginManager: Mounting plugin UdpMessaging
LogPluginManager: Mounting plugin ActorSequence
LogPluginManager: Mounting plugin LevelSequenceEditor
LogPluginManager: Mounting plugin MatineeToLevelSequence
LogPluginManager: Mounting plugin MovieRenderPipeline
LogPluginManager: Mounting plugin TemplateSequence
LogPluginManager: Mounting plugin NetcodeUnitTest
LogPluginManager: Mounting plugin NUTUnrealEngine4
LogPluginManager: Mounting plugin OnlineSubsystemGooglePlay
LogPluginManager: Mounting plugin OnlineSubsystemIOS
LogPluginManager: Mounting plugin OnlineSubsystem
LogPluginManager: Mounting plugin OnlineSubsystemNull
LogPluginManager: Mounting plugin OnlineSubsystemUtils
LogPluginManager: Mounting plugin LauncherChunkInstaller
LogPluginManager: Mounting plugin AndroidDeviceProfileSelector
LogPluginManager: Mounting plugin AndroidMoviePlayer
LogPluginManager: Mounting plugin AndroidPermission
LogPluginManager: Mounting plugin AppleImageUtils
LogPluginManager: Mounting plugin AppleMoviePlayer
LogPluginManager: Mounting plugin ArchVisCharacter
LogPluginManager: Mounting plugin AssetTags
LogPluginManager: Mounting plugin AudioCapture
LogPluginManager: Mounting plugin CableComponent
LogPluginManager: Mounting plugin CustomMeshComponent
LogPluginManager: Mounting plugin EditableMesh
LogPluginManager: Mounting plugin ExampleDeviceProfileSelector
LogPluginManager: Mounting plugin GoogleCloudMessaging
LogPluginManager: Mounting plugin GooglePAD
LogPluginManager: Mounting plugin IOSDeviceProfileSelector
LogPluginManager: Mounting plugin LinuxDeviceProfileSelector
LogPluginManager: Mounting plugin LocationServicesBPLibrary
LogPluginManager: Mounting plugin MobilePatchingUtils
LogPluginManager: Mounting plugin OculusVR
LogPluginManager: Mounting plugin PhysXVehicles
LogPluginManager: Mounting plugin PostSplashScreen
LogPluginManager: Mounting plugin ProceduralMeshComponent
LogPluginManager: Mounting plugin RuntimePhysXCooking
LogPluginManager: Mounting plugin SignificanceManager
LogPluginManager: Mounting plugin SoundFields
LogPluginManager: Mounting plugin SteamVR
LogPluginManager: Mounting plugin Synthesis
LogPluginManager: Mounting plugin WebMMoviePlayer
LogPluginManager: Mounting plugin WindowsMoviePlayer
LogPluginManager: Mounting plugin ScreenshotTools
LogInit: Using libcurl 7.55.1-DEV
LogInit:  - built for x86_64-pc-win32
LogInit:  - supports SSL with OpenSSL/1.1.1
LogInit:  - supports HTTP deflate (compression) using libz 1.2.8
LogInit:  - other features:
LogInit:      CURL_VERSION_SSL
LogInit:      CURL_VERSION_LIBZ
LogInit:      CURL_VERSION_IPV6
LogInit:      CURL_VERSION_ASYNCHDNS
LogInit:      CURL_VERSION_LARGEFILE
LogInit:      CURL_VERSION_IDN
LogInit:  CurlRequestOptions (configurable via config and command line):
LogInit:  - bVerifyPeer = true  - Libcurl will verify peer certificate
LogInit:  - bUseHttpProxy = false  - Libcurl will NOT use HTTP proxy
LogInit:  - bDontReuseConnections = false  - Libcurl will reuse connections
LogInit:  - MaxHostConnections = 16  - Libcurl will limit the number of connections to a host
LogInit:  - LocalHostAddr = Default
LogInit:  - BufferSize = 65536
LogOnline: OSS: Creating online subsystem instance for: NULL
LogInit: WinSock: version 1.1 (2.2), MaxSocks=32767, MaxUdp=65467
LogOnline: OSS: TryLoadSubsystemAndSetDefault: Loaded subsystem for module [NULL]
LogInit: Build: ++UE4+Release-4.25-CL-14469661
LogInit: Engine Version: 4.25.4-14469661+++UE4+Release-4.25
LogInit: Compatible Engine Version: 4.25.0-13144385+++UE4+Release-4.25
LogInit: Net CL: 13144385
LogInit: OS: Windows 10 (Release 2009) (), CPU: Intel(R) Core(TM) i7-8750H CPU @ 2.20GHz, GPU: Intel(R) UHD Graphics 630
LogInit: Compiled (64-bit): Oct 11 2020 08:10:49
LogInit: Compiled with Visual C++: 19.24.28315.00
LogInit: Build Configuration: Development
LogInit: Branch Name: ++UE4+Release-4.25
LogInit: Command Line:  /Game/FirstPersonBP/Maps/FirstPersonExampleMap -game -PIEVIACONSOLE -Multiprocess GameUserSettingsINI=D:/MyGameProjects/2022-yr1-team-icarus/Inverted/Saved/Config/Windows/PIEGameUserSettings0.ini -MultiprocessSaveConfig -MultiprocessOSS -messaging -SessionName="Play in Standalone Game" -windowed -ResX=1280 -ResY=720
LogInit: Base Directory: C:/Program Files/Epic Games/UE_4.25/Engine/Binaries/Win64/
LogInit: Allocator: TBB
LogInit: Installed Engine Build: 1
LogDevObjectVersion: Number of dev versions registered: 26
LogDevObjectVersion:   Dev-Blueprints (B0D832E4-1F89-4F0D-ACCF-7EB736FD4AA2): 10
LogDevObjectVersion:   Dev-Build (E1C64328-A22C-4D53-A36C-8E866417BD8C): 0
LogDevObjectVersion:   Dev-Core (375EC13C-06E4-48FB-B500-84F0262A717E): 4
LogDevObjectVersion:   Dev-Editor (E4B068ED-F494-42E9-A231-DA0B2E46BB41): 38
LogDevObjectVersion:   Dev-Framework (CFFC743F-43B0-4480-9391-14DF171D2073): 37
LogDevObjectVersion:   Dev-Mobile (B02B49B5-BB20-44E9-A304-32B752E40360): 2
LogDevObjectVersion:   Dev-Networking (A4E4105C-59A1-49B5-A7C5-40C4547EDFEE): 0
LogDevObjectVersion:   Dev-Online (39C831C9-5AE6-47DC-9A44-9C173E1C8E7C): 0
LogDevObjectVersion:   Dev-Physics (78F01B33-EBEA-4F98-B9B4-84EACCB95AA2): 4
LogDevObjectVersion:   Dev-Platform (6631380F-2D4D-43E0-8009-CF276956A95A): 0
LogDevObjectVersion:   Dev-Rendering (12F88B9F-8875-4AFC-A67C-D90C383ABD29): 43
LogDevObjectVersion:   Dev-Sequencer (7B5AE74C-D270-4C10-A958-57980B212A5A): 12
LogDevObjectVersion:   Dev-VR (D7296918-1DD6-4BDD-9DE2-64A83CC13884): 3
LogDevObjectVersion:   Dev-LoadTimes (C2A15278-BFE7-4AFE-6C17-90FF531DF755): 1
LogDevObjectVersion:   Private-Geometry (6EACA3D4-40EC-4CC1-B786-8BED09428FC5): 3
LogDevObjectVersion:   Dev-AnimPhys (29E575DD-E0A3-4627-9D10-D276232CDCEA): 17
LogDevObjectVersion:   Dev-Anim (AF43A65D-7FD3-4947-9873-3E8ED9C1BB05): 7
LogDevObjectVersion:   Dev-ReflectionCapture (6B266CEC-1EC7-4B8F-A30B-E4D90942FC07): 1
LogDevObjectVersion:   Dev-Automation (0DF73D61-A23F-47EA-B727-89E90C41499A): 1
LogDevObjectVersion:   FortniteMain (601D1886-AC64-4F84-AA16-D3DE0DEAC7D6): 31
LogDevObjectVersion:   Dev-Enterprise (9DFFBCD6-494F-0158-E221-12823C92A888): 10
LogDevObjectVersion:   Dev-Niagara (F2AED0AC-9AFE-416F-8664-AA7FFA26D6FC): 1
LogDevObjectVersion:   Dev-Destruction (174F1F0B-B4C6-45A5-B13F-2EE8D0FB917D): 10
LogDevObjectVersion:   Dev-Physics-Ext (35F94A83-E258-406C-A318-09F59610247C): 37
LogDevObjectVersion:   Dev-PhysicsMaterial-Chaos (B68FC16E-8B1B-42E2-B453-215C058844FE): 1
LogDevObjectVersion:   Dev-CineCamera (B2E18506-4273-CFC2-A54E-F4BB758BBA07): 1
LogInit: Presizing for max 25165824 objects, including 0 objects not considered by GC, pre-allocating 0 bytes for permanent pool.
LogConfig: Applying CVar settings from Section [/Script/Engine.StreamingSettings] File [D:/MyGameProjects/2022-yr1-team-icarus/Inverted/Saved/Config/Windows/Engine.ini]
LogConfig: Setting CVar [[s.MinBulkDataSizeForAsyncLoading:131072]]
LogConfig: Setting CVar [[s.AsyncLoadingThreadEnabled:0]]
LogConfig: Setting CVar [[s.EventDrivenLoaderEnabled:1]]
LogConfig: Setting CVar [[s.WarnIfTimeLimitExceeded:0]]
LogConfig: Setting CVar [[s.TimeLimitExceededMultiplier:1.5]]
LogConfig: Setting CVar [[s.TimeLimitExceededMinTime:0.005]]
LogConfig: Setting CVar [[s.UseBackgroundLevelStreaming:1]]
LogConfig: Setting CVar [[s.PriorityAsyncLoadingExtraTime:15.0]]
LogConfig: Setting CVar [[s.LevelStreamingActorsUpdateTimeLimit:5.0]]
LogConfig: Setting CVar [[s.PriorityLevelStreamingActorsUpdateExtraTime:5.0]]
LogConfig: Setting CVar [[s.LevelStreamingComponentsRegistrationGranularity:10]]
LogConfig: Setting CVar [[s.UnregisterComponentsTimeLimit:1.0]]
LogConfig: Setting CVar [[s.LevelStreamingComponentsUnregistrationGranularity:5]]
LogConfig: Setting CVar [[s.FlushStreamingOnExit:1]]
LogInit: Object subsystem initialized
LogConfig: Setting CVar [[con.DebugEarlyDefault:1]]
LogConfig: Setting CVar [[r.setres:1280x720]]
[2022.02.11-13.23.21:729][  0]LogConfig: Setting CVar [[con.DebugEarlyDefault:1]]
[2022.02.11-13.23.21:729][  0]LogConfig: Setting CVar [[r.setres:1280x720]]
[2022.02.11-13.23.21:729][  0]LogConfig: Applying CVar settings from Section [/Script/Engine.RendererSettings] File [D:/MyGameProjects/2022-yr1-team-icarus/Inverted/Saved/Config/Windows/Engine.ini]
[2022.02.11-13.23.21:729][  0]LogConfig: Setting CVar [[r.GPUCrashDebugging:0]]
[2022.02.11-13.23.21:729][  0]LogConfig: Applying CVar settings from Section [/Script/Engine.RendererOverrideSettings] File [D:/MyGameProjects/2022-yr1-team-icarus/Inverted/Saved/Config/Windows/Engine.ini]
[2022.02.11-13.23.21:729][  0]LogConfig: Applying CVar settings from Section [/Script/Engine.StreamingSettings] File [D:/MyGameProjects/2022-yr1-team-icarus/Inverted/Saved/Config/Windows/Engine.ini]
[2022.02.11-13.23.21:729][  0]LogConfig: Setting CVar [[s.MinBulkDataSizeForAsyncLoading:131072]]
[2022.02.11-13.23.21:729][  0]LogConfig: Setting CVar [[s.AsyncLoadingThreadEnabled:0]]
[2022.02.11-13.23.21:729][  0]LogConfig: Setting CVar [[s.EventDrivenLoaderEnabled:1]]
[2022.02.11-13.23.21:729][  0]LogConfig: Setting CVar [[s.WarnIfTimeLimitExceeded:0]]
[2022.02.11-13.23.21:729][  0]LogConfig: Setting CVar [[s.TimeLimitExceededMultiplier:1.5]]
[2022.02.11-13.23.21:729][  0]LogConfig: Setting CVar [[s.TimeLimitExceededMinTime:0.005]]
[2022.02.11-13.23.21:729][  0]LogConfig: Setting CVar [[s.UseBackgroundLevelStreaming:1]]
[2022.02.11-13.23.21:729][  0]LogConfig: Setting CVar [[s.PriorityAsyncLoadingExtraTime:15.0]]
[2022.02.11-13.23.21:729][  0]LogConfig: Setting CVar [[s.LevelStreamingActorsUpdateTimeLimit:5.0]]
[2022.02.11-13.23.21:729][  0]LogConfig: Setting CVar [[s.PriorityLevelStreamingActorsUpdateExtraTime:5.0]]
[2022.02.11-13.23.21:729][  0]LogConfig: Setting CVar [[s.LevelStreamingComponentsRegistrationGranularity:10]]
[2022.02.11-13.23.21:729][  0]LogConfig: Setting CVar [[s.UnregisterComponentsTimeLimit:1.0]]
[2022.02.11-13.23.21:729][  0]LogConfig: Setting CVar [[s.LevelStreamingComponentsUnregistrationGranularity:5]]
[2022.02.11-13.23.21:729][  0]LogConfig: Setting CVar [[s.FlushStreamingOnExit:1]]
[2022.02.11-13.23.21:729][  0]LogConfig: Applying CVar settings from Section [/Script/Engine.GarbageCollectionSettings] File [D:/MyGameProjects/2022-yr1-team-icarus/Inverted/Saved/Config/Windows/Engine.ini]
[2022.02.11-13.23.21:729][  0]LogConfig: Setting CVar [[gc.MaxObjectsNotConsideredByGC:1]]
[2022.02.11-13.23.21:729][  0]LogConfig: Setting CVar [[gc.SizeOfPermanentObjectPool:0]]
[2022.02.11-13.23.21:729][  0]LogConfig: Setting CVar [[gc.FlushStreamingOnGC:0]]
[2022.02.11-13.23.21:729][  0]LogConfig: Setting CVar [[gc.NumRetriesBeforeForcingGC:10]]
[2022.02.11-13.23.21:729][  0]LogConfig: Setting CVar [[gc.AllowParallelGC:1]]
[2022.02.11-13.23.21:729][  0]LogConfig: Setting CVar [[gc.TimeBetweenPurgingPendingKillObjects:61.1]]
[2022.02.11-13.23.21:729][  0]LogConfig: Setting CVar [[gc.MaxObjectsInEditor:25165824]]
[2022.02.11-13.23.21:729][  0]LogConfig: Setting CVar [[gc.IncrementalBeginDestroyEnabled:1]]
[2022.02.11-13.23.21:729][  0]LogConfig: Setting CVar [[gc.CreateGCClusters:1]]
[2022.02.11-13.23.21:729][  0]LogConfig: Setting CVar [[gc.MinGCClusterSize:5]]
[2022.02.11-13.23.21:729][  0]LogConfig: Setting CVar [[gc.ActorClusteringEnabled:0]]
[2022.02.11-13.23.21:729][  0]LogConfig: Setting CVar [[gc.BlueprintClusteringEnabled:0]]
[2022.02.11-13.23.21:729][  0]LogConfig: Setting CVar [[gc.UseDisregardForGCOnDedicatedServers:0]]
[2022.02.11-13.23.21:729][  0]LogConfig: Applying CVar settings from Section [/Script/Engine.NetworkSettings] File [D:/MyGameProjects/2022-yr1-team-icarus/Inverted/Saved/Config/Windows/Engine.ini]
[2022.02.11-13.23.21:729][  0]LogConfig: Applying CVar settings from Section [/Script/UnrealEd.CookerSettings] File [D:/MyGameProjects/2022-yr1-team-icarus/Inverted/Saved/Config/Windows/Engine.ini]
[2022.02.11-13.23.21:732][  0]LogConfig: Applying CVar settings from Section [ViewDistanceQuality@3] File [D:/MyGameProjects/2022-yr1-team-icarus/Inverted/Saved/Config/Windows/Scalability.ini]
[2022.02.11-13.23.21:732][  0]LogConfig: Setting CVar [[r.SkeletalMeshLODBias:0]]
[2022.02.11-13.23.21:732][  0]LogConfig: Setting CVar [[r.ViewDistanceScale:1.0]]
[2022.02.11-13.23.21:732][  0]LogConfig: Applying CVar settings from Section [AntiAliasingQuality@3] File [D:/MyGameProjects/2022-yr1-team-icarus/Inverted/Saved/Config/Windows/Scalability.ini]
[2022.02.11-13.23.21:732][  0]LogConfig: Setting CVar [[r.PostProcessAAQuality:4]]
[2022.02.11-13.23.21:732][  0]LogConfig: Applying CVar settings from Section [ShadowQuality@3] File [D:/MyGameProjects/2022-yr1-team-icarus/Inverted/Saved/Config/Windows/Scalability.ini]
[2022.02.11-13.23.21:732][  0]LogConfig: Setting CVar [[r.LightFunctionQuality:1]]
[2022.02.11-13.23.21:732][  0]LogConfig: Setting CVar [[r.ShadowQuality:5]]
[2022.02.11-13.23.21:732][  0]LogConfig: Setting CVar [[r.Shadow.CSM.MaxCascades:10]]
[2022.02.11-13.23.21:732][  0]LogConfig: Setting CVar [[r.Shadow.MaxResolution:2048]]
[2022.02.11-13.23.21:732][  0]LogConfig: Setting CVar [[r.Shadow.MaxCSMResolution:2048]]
[2022.02.11-13.23.21:732][  0]LogConfig: Setting CVar [[r.Shadow.RadiusThreshold:0.01]]
[2022.02.11-13.23.21:732][  0]LogConfig: Setting CVar [[r.Shadow.DistanceScale:1.0]]
[2022.02.11-13.23.21:732][  0]LogConfig: Setting CVar [[r.Shadow.CSM.TransitionScale:1.0]]
[2022.02.11-13.23.21:732][  0]LogConfig: Setting CVar [[r.Shadow.PreShadowResolutionFactor:1.0]]
[2022.02.11-13.23.21:732][  0]LogConfig: Setting CVar [[r.DistanceFieldShadowing:1]]
[2022.02.11-13.23.21:732][  0]LogConfig: Setting CVar [[r.DistanceFieldAO:1]]
[2022.02.11-13.23.21:732][  0]LogConfig: Setting CVar [[r.AOQuality:2]]
[2022.02.11-13.23.21:732][  0]LogConfig: Setting CVar [[r.VolumetricFog:1]]
[2022.02.11-13.23.21:732][  0]LogConfig: Setting CVar [[r.VolumetricFog.GridPixelSize:8]]
[2022.02.11-13.23.21:732][  0]LogConfig: Setting CVar [[r.VolumetricFog.GridSizeZ:128]]
[2022.02.11-13.23.21:732][  0]LogConfig: Setting CVar [[r.VolumetricFog.HistoryMissSupersampleCount:4]]
[2022.02.11-13.23.21:732][  0]LogConfig: Setting CVar [[r.LightMaxDrawDistanceScale:1]]
[2022.02.11-13.23.21:732][  0]LogConfig: Setting CVar [[r.CapsuleShadows:1]]
[2022.02.11-13.23.21:732][  0]LogConfig: Applying CVar settings from Section [PostProcessQuality@3] File [D:/MyGameProjects/2022-yr1-team-icarus/Inverted/Saved/Config/Windows/Scalability.ini]
[2022.02.11-13.23.21:732][  0]LogConfig: Setting CVar [[r.MotionBlurQuality:4]]
[2022.02.11-13.23.21:732][  0]LogConfig: Setting CVar [[r.AmbientOcclusionMipLevelFactor:0.4]]
[2022.02.11-13.23.21:732][  0]LogConfig: Setting CVar [[r.AmbientOcclusionMaxQuality:100]]
[2022.02.11-13.23.21:732][  0]LogConfig: Setting CVar [[r.AmbientOcclusionLevels:-1]]
[2022.02.11-13.23.21:732][  0]LogConfig: Setting CVar [[r.AmbientOcclusionRadiusScale:1.0]]
[2022.02.11-13.23.21:732][  0]LogConfig: Setting CVar [[r.DepthOfFieldQuality:2]]
[2022.02.11-13.23.21:733][  0]LogConfig: Setting CVar [[r.RenderTargetPoolMin:400]]
[2022.02.11-13.23.21:733][  0]LogConfig: Setting CVar [[r.LensFlareQuality:2]]
[2022.02.11-13.23.21:733][  0]LogConfig: Setting CVar [[r.SceneColorFringeQuality:1]]
[2022.02.11-13.23.21:733][  0]LogConfig: Setting CVar [[r.EyeAdaptationQuality:2]]
[2022.02.11-13.23.21:733][  0]LogConfig: Setting CVar [[r.BloomQuality:5]]
[2022.02.11-13.23.21:733][  0]LogConfig: Setting CVar [[r.FastBlurThreshold:100]]
[2022.02.11-13.23.21:733][  0]LogConfig: Setting CVar [[r.Upscale.Quality:3]]
[2022.02.11-13.23.21:733][  0]LogConfig: Setting CVar [[r.Tonemapper.GrainQuantization:1]]
[2022.02.11-13.23.21:733][  0]LogConfig: Setting CVar [[r.LightShaftQuality:1]]
[2022.02.11-13.23.21:733][  0]LogConfig: Setting CVar [[r.Filter.SizeScale:1]]
[2022.02.11-13.23.21:733][  0]LogConfig: Setting CVar [[r.Tonemapper.Quality:5]]
[2022.02.11-13.23.21:733][  0]LogConfig: Setting CVar [[r.DOF.Gather.AccumulatorQuality:1        ; higher gathering accumulator quality]]
[2022.02.11-13.23.21:733][  0]LogConfig: Setting CVar [[r.DOF.Gather.PostfilterMethod:1          ; Median3x3 postfilering method]]
[2022.02.11-13.23.21:733][  0]LogConfig: Setting CVar [[r.DOF.Gather.EnableBokehSettings:0       ; no bokeh simulation when gathering]]
[2022.02.11-13.23.21:733][  0]LogConfig: Setting CVar [[r.DOF.Gather.RingCount:4                 ; medium number of samples when gathering]]
[2022.02.11-13.23.21:733][  0]LogConfig: Setting CVar [[r.DOF.Scatter.ForegroundCompositing:1    ; additive foreground scattering]]
[2022.02.11-13.23.21:733][  0]LogConfig: Setting CVar [[r.DOF.Scatter.BackgroundCompositing:2    ; additive background scattering]]
[2022.02.11-13.23.21:733][  0]LogConfig: Setting CVar [[r.DOF.Scatter.EnableBokehSettings:1      ; bokeh simulation when scattering]]
[2022.02.11-13.23.21:733][  0]LogConfig: Setting CVar [[r.DOF.Scatter.MaxSpriteRatio:0.1         ; only a maximum of 10% of scattered bokeh]]
[2022.02.11-13.23.21:733][  0]LogConfig: Setting CVar [[r.DOF.Recombine.Quality:1                ; cheap slight out of focus]]
[2022.02.11-13.23.21:733][  0]LogConfig: Setting CVar [[r.DOF.Recombine.EnableBokehSettings:0    ; no bokeh simulation on slight out of focus]]
[2022.02.11-13.23.21:733][  0]LogConfig: Setting CVar [[r.DOF.TemporalAAQuality:1                ; more stable temporal accumulation]]
[2022.02.11-13.23.21:733][  0]LogConfig: Setting CVar [[r.DOF.Kernel.MaxForegroundRadius:0.025]]
[2022.02.11-13.23.21:733][  0]LogConfig: Setting CVar [[r.DOF.Kernel.MaxBackgroundRadius:0.025]]
[2022.02.11-13.23.21:733][  0]LogConfig: Applying CVar settings from Section [TextureQuality@3] File [D:/MyGameProjects/2022-yr1-team-icarus/Inverted/Saved/Config/Windows/Scalability.ini]
[2022.02.11-13.23.21:733][  0]LogConfig: Setting CVar [[r.Streaming.MipBias:0]]
[2022.02.11-13.23.21:733][  0]LogConfig: Setting CVar [[r.Streaming.AmortizeCPUToGPUCopy:0]]
[2022.02.11-13.23.21:733][  0]LogConfig: Setting CVar [[r.Streaming.MaxNumTexturesToStreamPerFrame:0]]
[2022.02.11-13.23.21:733][  0]LogConfig: Setting CVar [[r.Streaming.Boost:1]]
[2022.02.11-13.23.21:733][  0]LogConfig: Setting CVar [[r.MaxAnisotropy:8]]
[2022.02.11-13.23.21:733][  0]LogConfig: Setting CVar [[r.VT.MaxAnisotropy:8]]
[2022.02.11-13.23.21:733][  0]LogConfig: Setting CVar [[r.Streaming.LimitPoolSizeToVRAM:0]]
[2022.02.11-13.23.21:733][  0]LogConfig: Setting CVar [[r.Streaming.PoolSize:1000]]
[2022.02.11-13.23.21:733][  0]LogConfig: Setting CVar [[r.Streaming.MaxEffectiveScreenSize:0]]
[2022.02.11-13.23.21:733][  0]LogConfig: Applying CVar settings from Section [EffectsQuality@3] File [D:/MyGameProjects/2022-yr1-team-icarus/Inverted/Saved/Config/Windows/Scalability.ini]
[2022.02.11-13.23.21:733][  0]LogConfig: Setting CVar [[r.TranslucencyLightingVolumeDim:64]]
[2022.02.11-13.23.21:733][  0]LogConfig: Setting CVar [[r.RefractionQuality:2]]
[2022.02.11-13.23.21:733][  0]LogConfig: Setting CVar [[r.SSR.Quality:3]]
[2022.02.11-13.23.21:733][  0]LogConfig: Setting CVar [[r.SSR.HalfResSceneColor:0]]
[2022.02.11-13.23.21:733][  0]LogConfig: Setting CVar [[r.SceneColorFormat:4]]
[2022.02.11-13.23.21:733][  0]LogConfig: Setting CVar [[r.DetailMode:2]]
[2022.02.11-13.23.21:733][  0]LogConfig: Setting CVar [[r.TranslucencyVolumeBlur:1]]
[2022.02.11-13.23.21:733][  0]LogConfig: Setting CVar [[r.MaterialQualityLevel:1 ; High quality]]
[2022.02.11-13.23.21:733][  0]LogConfig: Setting CVar [[r.SSS.Scale:1]]
[2022.02.11-13.23.21:733][  0]LogConfig: Setting CVar [[r.SSS.SampleSet:2]]
[2022.02.11-13.23.21:733][  0]LogConfig: Setting CVar [[r.SSS.Quality:1]]
[2022.02.11-13.23.21:733][  0]LogConfig: Setting CVar [[r.SSS.HalfRes:0]]
[2022.02.11-13.23.21:733][  0]LogConfig: Setting CVar [[r.SSGI.Quality:3]]
[2022.02.11-13.23.21:733][  0]LogConfig: Setting CVar [[r.EmitterSpawnRateScale:1.0]]
[2022.02.11-13.23.21:733][  0]LogConfig: Setting CVar [[r.ParticleLightQuality:2]]
[2022.02.11-13.23.21:733][  0]LogConfig: Setting CVar [[r.SkyAtmosphere.AerialPerspectiveLUT.FastApplyOnOpaque:1 ; Always have FastSkyLUT 1 in this case to avoid wrong sky]]
[2022.02.11-13.23.21:733][  0]LogConfig: Setting CVar [[r.SkyAtmosphere.AerialPerspectiveLUT.SampleCountPerSlice:1]]
[2022.02.11-13.23.21:733][  0]LogConfig: Setting CVar [[r.SkyAtmosphere.AerialPerspectiveLUT.DepthResolution:16.0]]
[2022.02.11-13.23.21:733][  0]LogConfig: Setting CVar [[r.SkyAtmosphere.FastSkyLUT:1]]
[2022.02.11-13.23.21:733][  0]LogConfig: Setting CVar [[r.SkyAtmosphere.FastSkyLUT.SampleCountMin:4.0]]
[2022.02.11-13.23.21:733][  0]LogConfig: Setting CVar [[r.SkyAtmosphere.FastSkyLUT.SampleCountMax:32.0]]
[2022.02.11-13.23.21:733][  0]LogConfig: Setting CVar [[r.SkyAtmosphere.SampleCountMin:4.0]]
[2022.02.11-13.23.21:733][  0]LogConfig: Setting CVar [[r.SkyAtmosphere.SampleCountMax:32.0]]
[2022.02.11-13.23.21:733][  0]LogConfig: Setting CVar [[r.SkyAtmosphere.TransmittanceLUT.UseSmallFormat:0]]
[2022.02.11-13.23.21:733][  0]LogConfig: Setting CVar [[r.SkyAtmosphere.TransmittanceLUT.SampleCount:10.0]]
[2022.02.11-13.23.21:733][  0]LogConfig: Setting CVar [[r.SkyAtmosphere.MultiScatteringLUT.SampleCount:15.0]]
[2022.02.11-13.23.21:733][  0]LogConfig: Applying CVar settings from Section [FoliageQuality@3] File [D:/MyGameProjects/2022-yr1-team-icarus/Inverted/Saved/Config/Windows/Scalability.ini]
[2022.02.11-13.23.21:733][  0]LogConfig: Setting CVar [[foliage.DensityScale:1.0]]
[2022.02.11-13.23.21:733][  0]LogConfig: Setting CVar [[grass.DensityScale:1.0]]
[2022.02.11-13.23.21:733][  0]LogConfig: Applying CVar settings from Section [ShadingQuality@3] File [D:/MyGameProjects/2022-yr1-team-icarus/Inverted/Saved/Config/Windows/Scalability.ini]
[2022.02.11-13.23.21:733][  0]LogConfig: Setting CVar [[r.HairStrands.SkyLighting.SampleCount:16]]
[2022.02.11-13.23.21:733][  0]LogConfig: Setting CVar [[r.HairStrands.SkyLighting.JitterIntegration:0]]
[2022.02.11-13.23.21:733][  0]LogConfig: Setting CVar [[r.HairStrands.SkyAO.SampleCount:16]]
[2022.02.11-13.23.21:733][  0]LogConfig: Setting CVar [[r.HairStrands.DeepShadow.SuperSampling:0]]
[2022.02.11-13.23.21:733][  0]LogConfig: Setting CVar [[r.HairStrands.VisibilityPPLL:0]]
[2022.02.11-13.23.21:733][  0]LogConfig: Setting CVar [[r.HairStrands.RasterizationScale:0.5]]
[2022.02.11-13.23.21:733][  0]LogConfig: Setting CVar [[r.HairStrands.VelocityRasterizationScale:1]]
[2022.02.11-13.23.21:733][  0]LogInit: Selected Device Profile: [Windows]
[2022.02.11-13.23.21:733][  0]LogInit: Applying CVar settings loaded from the selected device profile: [Windows]
[2022.02.11-13.23.21:734][  0]LogHAL: Display: Platform has ~ 16 GB [17032126464 / 17179869184 / 16], which maps to Larger [LargestMinGB=32, LargerMinGB=12, DefaultMinGB=8, SmallerMinGB=6, SmallestMinGB=0)
[2022.02.11-13.23.21:734][  0]LogInit: Going up to parent DeviceProfile []
[2022.02.11-13.23.21:734][  0]LogConfig: Applying CVar settings from Section [ViewDistanceQuality@3] File [D:/MyGameProjects/2022-yr1-team-icarus/Inverted/Saved/Config/Windows/Scalability.ini]
[2022.02.11-13.23.21:734][  0]LogConfig: Setting CVar [[r.SkeletalMeshLODBias:0]]
[2022.02.11-13.23.21:734][  0]LogConfig: Setting CVar [[r.ViewDistanceScale:1.0]]
[2022.02.11-13.23.21:734][  0]LogConfig: Applying CVar settings from Section [AntiAliasingQuality@3] File [D:/MyGameProjects/2022-yr1-team-icarus/Inverted/Saved/Config/Windows/Scalability.ini]
[2022.02.11-13.23.21:734][  0]LogConfig: Setting CVar [[r.PostProcessAAQuality:4]]
[2022.02.11-13.23.21:734][  0]LogConfig: Applying CVar settings from Section [ShadowQuality@3] File [D:/MyGameProjects/2022-yr1-team-icarus/Inverted/Saved/Config/Windows/Scalability.ini]
[2022.02.11-13.23.21:734][  0]LogConfig: Setting CVar [[r.LightFunctionQuality:1]]
[2022.02.11-13.23.21:734][  0]LogConfig: Setting CVar [[r.ShadowQuality:5]]
[2022.02.11-13.23.21:734][  0]LogConfig: Setting CVar [[r.Shadow.CSM.MaxCascades:10]]
[2022.02.11-13.23.21:734][  0]LogConfig: Setting CVar [[r.Shadow.MaxResolution:2048]]
[2022.02.11-13.23.21:734][  0]LogConfig: Setting CVar [[r.Shadow.MaxCSMResolution:2048]]
[2022.02.11-13.23.21:734][  0]LogConfig: Setting CVar [[r.Shadow.RadiusThreshold:0.01]]
[2022.02.11-13.23.21:734][  0]LogConfig: Setting CVar [[r.Shadow.DistanceScale:1.0]]
[2022.02.11-13.23.21:734][  0]LogConfig: Setting CVar [[r.Shadow.CSM.TransitionScale:1.0]]
[2022.02.11-13.23.21:734][  0]LogConfig: Setting CVar [[r.Shadow.PreShadowResolutionFactor:1.0]]
[2022.02.11-13.23.21:734][  0]LogConfig: Setting CVar [[r.DistanceFieldShadowing:1]]
[2022.02.11-13.23.21:734][  0]LogConfig: Setting CVar [[r.DistanceFieldAO:1]]
[2022.02.11-13.23.21:734][  0]LogConfig: Setting CVar [[r.AOQuality:2]]
[2022.02.11-13.23.21:734][  0]LogConfig: Setting CVar [[r.VolumetricFog:1]]
[2022.02.11-13.23.21:734][  0]LogConfig: Setting CVar [[r.VolumetricFog.GridPixelSize:8]]
[2022.02.11-13.23.21:734][  0]LogConfig: Setting CVar [[r.VolumetricFog.GridSizeZ:128]]
[2022.02.11-13.23.21:734][  0]LogConfig: Setting CVar [[r.VolumetricFog.HistoryMissSupersampleCount:4]]
[2022.02.11-13.23.21:734][  0]LogConfig: Setting CVar [[r.LightMaxDrawDistanceScale:1]]
[2022.02.11-13.23.21:734][  0]LogConfig: Setting CVar [[r.CapsuleShadows:1]]
[2022.02.11-13.23.21:734][  0]LogConfig: Applying CVar settings from Section [PostProcessQuality@3] File [D:/MyGameProjects/2022-yr1-team-icarus/Inverted/Saved/Config/Windows/Scalability.ini]
[2022.02.11-13.23.21:734][  0]LogConfig: Setting CVar [[r.MotionBlurQuality:4]]
[2022.02.11-13.23.21:734][  0]LogConfig: Setting CVar [[r.AmbientOcclusionMipLevelFactor:0.4]]
[2022.02.11-13.23.21:734][  0]LogConfig: Setting CVar [[r.AmbientOcclusionMaxQuality:100]]
[2022.02.11-13.23.21:734][  0]LogConfig: Setting CVar [[r.AmbientOcclusionLevels:-1]]
[2022.02.11-13.23.21:734][  0]LogConfig: Setting CVar [[r.AmbientOcclusionRadiusScale:1.0]]
[2022.02.11-13.23.21:734][  0]LogConfig: Setting CVar [[r.DepthOfFieldQuality:2]]
[2022.02.11-13.23.21:734][  0]LogConfig: Setting CVar [[r.RenderTargetPoolMin:400]]
[2022.02.11-13.23.21:734][  0]LogConfig: Setting CVar [[r.LensFlareQuality:2]]
[2022.02.11-13.23.21:734][  0]LogConfig: Setting CVar [[r.SceneColorFringeQuality:1]]
[2022.02.11-13.23.21:734][  0]LogConfig: Setting CVar [[r.EyeAdaptationQuality:2]]
[2022.02.11-13.23.21:734][  0]LogConfig: Setting CVar [[r.BloomQuality:5]]
[2022.02.11-13.23.21:734][  0]LogConfig: Setting CVar [[r.FastBlurThreshold:100]]
[2022.02.11-13.23.21:734][  0]LogConfig: Setting CVar [[r.Upscale.Quality:3]]
[2022.02.11-13.23.21:734][  0]LogConfig: Setting CVar [[r.Tonemapper.GrainQuantization:1]]
[2022.02.11-13.23.21:734][  0]LogConfig: Setting CVar [[r.LightShaftQuality:1]]
[2022.02.11-13.23.21:734][  0]LogConfig: Setting CVar [[r.Filter.SizeScale:1]]
[2022.02.11-13.23.21:734][  0]LogConfig: Setting CVar [[r.Tonemapper.Quality:5]]
[2022.02.11-13.23.21:734][  0]LogConfig: Setting CVar [[r.DOF.Gather.AccumulatorQuality:1        ; higher gathering accumulator quality]]
[2022.02.11-13.23.21:734][  0]LogConfig: Setting CVar [[r.DOF.Gather.PostfilterMethod:1          ; Median3x3 postfilering method]]
[2022.02.11-13.23.21:734][  0]LogConfig: Setting CVar [[r.DOF.Gather.EnableBokehSettings:0       ; no bokeh simulation when gathering]]
[2022.02.11-13.23.21:734][  0]LogConfig: Setting CVar [[r.DOF.Gather.RingCount:4                 ; medium number of samples when gathering]]
[2022.02.11-13.23.21:734][  0]LogConfig: Setting CVar [[r.DOF.Scatter.ForegroundCompositing:1    ; additive foreground scattering]]
[2022.02.11-13.23.21:734][  0]LogConfig: Setting CVar [[r.DOF.Scatter.BackgroundCompositing:2    ; additive background scattering]]
[2022.02.11-13.23.21:734][  0]LogConfig: Setting CVar [[r.DOF.Scatter.EnableBokehSettings:1      ; bokeh simulation when scattering]]
[2022.02.11-13.23.21:734][  0]LogConfig: Setting CVar [[r.DOF.Scatter.MaxSpriteRatio:0.1         ; only a maximum of 10% of scattered bokeh]]
[2022.02.11-13.23.21:734][  0]LogConfig: Setting CVar [[r.DOF.Recombine.Quality:1                ; cheap slight out of focus]]
[2022.02.11-13.23.21:734][  0]LogConfig: Setting CVar [[r.DOF.Recombine.EnableBokehSettings:0    ; no bokeh simulation on slight out of focus]]
[2022.02.11-13.23.21:734][  0]LogConfig: Setting CVar [[r.DOF.TemporalAAQuality:1                ; more stable temporal accumulation]]
[2022.02.11-13.23.21:734][  0]LogConfig: Setting CVar [[r.DOF.Kernel.MaxForegroundRadius:0.025]]
[2022.02.11-13.23.21:734][  0]LogConfig: Setting CVar [[r.DOF.Kernel.MaxBackgroundRadius:0.025]]
[2022.02.11-13.23.21:734][  0]LogConfig: Applying CVar settings from Section [TextureQuality@3] File [D:/MyGameProjects/2022-yr1-team-icarus/Inverted/Saved/Config/Windows/Scalability.ini]
[2022.02.11-13.23.21:734][  0]LogConfig: Setting CVar [[r.Streaming.MipBias:0]]
[2022.02.11-13.23.21:734][  0]LogConfig: Setting CVar [[r.Streaming.AmortizeCPUToGPUCopy:0]]
[2022.02.11-13.23.21:734][  0]LogConfig: Setting CVar [[r.Streaming.MaxNumTexturesToStreamPerFrame:0]]
[2022.02.11-13.23.21:734][  0]LogConfig: Setting CVar [[r.Streaming.Boost:1]]
[2022.02.11-13.23.21:734][  0]LogConfig: Setting CVar [[r.MaxAnisotropy:8]]
[2022.02.11-13.23.21:735][  0]LogConfig: Setting CVar [[r.VT.MaxAnisotropy:8]]
[2022.02.11-13.23.21:735][  0]LogConfig: Setting CVar [[r.Streaming.LimitPoolSizeToVRAM:0]]
[2022.02.11-13.23.21:735][  0]LogConfig: Setting CVar [[r.Streaming.PoolSize:1000]]
[2022.02.11-13.23.21:735][  0]LogConfig: Setting CVar [[r.Streaming.MaxEffectiveScreenSize:0]]
[2022.02.11-13.23.21:735][  0]LogConfig: Applying CVar settings from Section [EffectsQuality@3] File [D:/MyGameProjects/2022-yr1-team-icarus/Inverted/Saved/Config/Windows/Scalability.ini]
[2022.02.11-13.23.21:735][  0]LogConfig: Setting CVar [[r.TranslucencyLightingVolumeDim:64]]
[2022.02.11-13.23.21:735][  0]LogConfig: Setting CVar [[r.RefractionQuality:2]]
[2022.02.11-13.23.21:735][  0]LogConfig: Setting CVar [[r.SSR.Quality:3]]
[2022.02.11-13.23.21:735][  0]LogConfig: Setting CVar [[r.SSR.HalfResSceneColor:0]]
[2022.02.11-13.23.21:735][  0]LogConfig: Setting CVar [[r.SceneColorFormat:4]]
[2022.02.11-13.23.21:735][  0]LogConfig: Setting CVar [[r.DetailMode:2]]
[2022.02.11-13.23.21:735][  0]LogConfig: Setting CVar [[r.TranslucencyVolumeBlur:1]]
[2022.02.11-13.23.21:735][  0]LogConfig: Setting CVar [[r.MaterialQualityLevel:1 ; High quality]]
[2022.02.11-13.23.21:735][  0]LogConfig: Setting CVar [[r.SSS.Scale:1]]
[2022.02.11-13.23.21:735][  0]LogConfig: Setting CVar [[r.SSS.SampleSet:2]]
[2022.02.11-13.23.21:735][  0]LogConfig: Setting CVar [[r.SSS.Quality:1]]
[2022.02.11-13.23.21:735][  0]LogConfig: Setting CVar [[r.SSS.HalfRes:0]]
[2022.02.11-13.23.21:735][  0]LogConfig: Setting CVar [[r.SSGI.Quality:3]]
[2022.02.11-13.23.21:735][  0]LogConfig: Setting CVar [[r.EmitterSpawnRateScale:1.0]]
[2022.02.11-13.23.21:735][  0]LogConfig: Setting CVar [[r.ParticleLightQuality:2]]
[2022.02.11-13.23.21:735][  0]LogConfig: Setting CVar [[r.SkyAtmosphere.AerialPerspectiveLUT.FastApplyOnOpaque:1 ; Always have FastSkyLUT 1 in this case to avoid wrong sky]]
[2022.02.11-13.23.21:735][  0]LogConfig: Setting CVar [[r.SkyAtmosphere.AerialPerspectiveLUT.SampleCountPerSlice:1]]
[2022.02.11-13.23.21:735][  0]LogConfig: Setting CVar [[r.SkyAtmosphere.AerialPerspectiveLUT.DepthResolution:16.0]]
[2022.02.11-13.23.21:735][  0]LogConfig: Setting CVar [[r.SkyAtmosphere.FastSkyLUT:1]]
[2022.02.11-13.23.21:735][  0]LogConfig: Setting CVar [[r.SkyAtmosphere.FastSkyLUT.SampleCountMin:4.0]]
[2022.02.11-13.23.21:735][  0]LogConfig: Setting CVar [[r.SkyAtmosphere.FastSkyLUT.SampleCountMax:32.0]]
[2022.02.11-13.23.21:735][  0]LogConfig: Setting CVar [[r.SkyAtmosphere.SampleCountMin:4.0]]
[2022.02.11-13.23.21:735][  0]LogConfig: Setting CVar [[r.SkyAtmosphere.SampleCountMax:32.0]]
[2022.02.11-13.23.21:735][  0]LogConfig: Setting CVar [[r.SkyAtmosphere.TransmittanceLUT.UseSmallFormat:0]]
[2022.02.11-13.23.21:735][  0]LogConfig: Setting CVar [[r.SkyAtmosphere.TransmittanceLUT.SampleCount:10.0]]
[2022.02.11-13.23.21:735][  0]LogConfig: Setting CVar [[r.SkyAtmosphere.MultiScatteringLUT.SampleCount:15.0]]
[2022.02.11-13.23.21:735][  0]LogConfig: Applying CVar settings from Section [FoliageQuality@3] File [D:/MyGameProjects/2022-yr1-team-icarus/Inverted/Saved/Config/Windows/Scalability.ini]
[2022.02.11-13.23.21:735][  0]LogConfig: Setting CVar [[foliage.DensityScale:1.0]]
[2022.02.11-13.23.21:735][  0]LogConfig: Setting CVar [[grass.DensityScale:1.0]]
[2022.02.11-13.23.21:735][  0]LogConfig: Applying CVar settings from Section [ShadingQuality@3] File [D:/MyGameProjects/2022-yr1-team-icarus/Inverted/Saved/Config/Windows/Scalability.ini]
[2022.02.11-13.23.21:735][  0]LogConfig: Setting CVar [[r.HairStrands.SkyLighting.SampleCount:16]]
[2022.02.11-13.23.21:735][  0]LogConfig: Setting CVar [[r.HairStrands.SkyLighting.JitterIntegration:0]]
[2022.02.11-13.23.21:735][  0]LogConfig: Setting CVar [[r.HairStrands.SkyAO.SampleCount:16]]
[2022.02.11-13.23.21:735][  0]LogConfig: Setting CVar [[r.HairStrands.DeepShadow.SuperSampling:0]]
[2022.02.11-13.23.21:735][  0]LogConfig: Setting CVar [[r.HairStrands.VisibilityPPLL:0]]
[2022.02.11-13.23.21:735][  0]LogConfig: Setting CVar [[r.HairStrands.RasterizationScale:0.5]]
[2022.02.11-13.23.21:735][  0]LogConfig: Setting CVar [[r.HairStrands.VelocityRasterizationScale:1]]
[2022.02.11-13.23.21:735][  0]LogConfig: Applying CVar settings from Section [Startup] File [../../../Engine/Config/ConsoleVariables.ini]
[2022.02.11-13.23.21:736][  0]LogConfig: Setting CVar [[net.UseAdaptiveNetUpdateFrequency:0]]
[2022.02.11-13.23.21:736][  0]LogConfig: Setting CVar [[p.chaos.AllowCreatePhysxBodies:1]]
[2022.02.11-13.23.21:736][  0]LogConfig: Setting CVar [[fx.SkipVectorVMBackendOptimizations:1]]
[2022.02.11-13.23.21:736][  0]LogConfig: Applying CVar settings from Section [ConsoleVariables] File [D:/MyGameProjects/2022-yr1-team-icarus/Inverted/Saved/Config/Windows/Engine.ini]
[2022.02.11-13.23.21:736][  0]LogInit: Computer: DARBOS-LAPTOP
[2022.02.11-13.23.21:736][  0]LogInit: User: muscl
[2022.02.11-13.23.21:736][  0]LogInit: CPU Page size=4096, Cores=6
[2022.02.11-13.23.21:736][  0]LogInit: High frequency timer resolution =10.000000 MHz
[2022.02.11-13.23.21:736][  0]LogMemory: Memory total: Physical=15.9GB (16GB approx)
[2022.02.11-13.23.21:736][  0]LogMemory: Platform Memory Stats for Windows
[2022.02.11-13.23.21:736][  0]LogMemory: Process Physical Memory: 115.00 MB used, 115.00 MB peak
[2022.02.11-13.23.21:736][  0]LogMemory: Process Virtual Memory: 97.04 MB used, 97.04 MB peak
[2022.02.11-13.23.21:736][  0]LogMemory: Physical Memory: 8649.02 MB used,  7594.08 MB free, 16243.10 MB total
[2022.02.11-13.23.21:736][  0]LogMemory: Virtual Memory: 5166.64 MB used,  134212560.00 MB free, 134217728.00 MB total
[2022.02.11-13.23.21:743][  0]LogWindows: WindowsPlatformFeatures enabled
[2022.02.11-13.23.21:809][  0]LogInit: Physics initialised using underlying interface: PhysX
[2022.02.11-13.23.21:809][  0]LogInit: Using OS detected language (en-GB).
[2022.02.11-13.23.21:809][  0]LogInit: Using OS detected locale (en-GB).
[2022.02.11-13.23.21:812][  0]LogTextLocalizationManager: No specific localization for 'en-GB' exists, so the 'en' localization will be used.
[2022.02.11-13.23.24:374][  0]LogSlate: New Slate User Created.  User Index 0, Is Virtual User: 0
[2022.02.11-13.23.24:374][  0]LogSlate: Slate User Registered.  User Index 0, Is Virtual User: 0
[2022.02.11-13.23.24:430][  0]LogHMD: Failed to initialize OpenVR with code 110
[2022.02.11-13.23.24:430][  0]LogD3D11RHI: D3D11 min allowed feature level: 11_0
[2022.02.11-13.23.24:430][  0]LogD3D11RHI: D3D11 max allowed feature level: 11_0
[2022.02.11-13.23.24:430][  0]LogD3D11RHI: D3D11 adapters:
[2022.02.11-13.23.24:575][  0]LogD3D11RHI:    0. 'NVIDIA GeForce GTX 1060' (Feature Level 11_0)
[2022.02.11-13.23.24:575][  0]LogD3D11RHI:       6052/0/8121 MB DedicatedVideo/DedicatedSystem/SharedSystem, Outputs:1, VendorId:0x10de
[2022.02.11-13.23.24:618][  0]LogD3D11RHI:    1. 'Intel(R) UHD Graphics 630' (Feature Level 11_0)
[2022.02.11-13.23.24:618][  0]LogD3D11RHI:       128/0/8121 MB DedicatedVideo/DedicatedSystem/SharedSystem, Outputs:0, VendorId:0x8086
[2022.02.11-13.23.24:620][  0]LogD3D11RHI:    2. 'Microsoft Basic Render Driver' (Feature Level 11_0)
[2022.02.11-13.23.24:620][  0]LogD3D11RHI:       0/0/8121 MB DedicatedVideo/DedicatedSystem/SharedSystem, Outputs:0, VendorId:0x1414
[2022.02.11-13.23.24:620][  0]LogD3D11RHI: Chosen D3D11 Adapter: 0
[2022.02.11-13.23.24:627][  0]LogD3D11RHI: Creating new Direct3DDevice
[2022.02.11-13.23.24:627][  0]LogD3D11RHI:     GPU DeviceId: 0x1c20 (for the marketing name, search the web for "GPU Device Id")
[2022.02.11-13.23.24:627][  0]LogWindows: EnumDisplayDevices:
[2022.02.11-13.23.24:627][  0]LogWindows:    0. 'Intel(R) UHD Graphics 630' (P:1 D:1)
[2022.02.11-13.23.24:628][  0]LogWindows:    1. 'Intel(R) UHD Graphics 630' (P:0 D:0)
[2022.02.11-13.23.24:628][  0]LogWindows:    2. 'Intel(R) UHD Graphics 630' (P:0 D:0)
[2022.02.11-13.23.24:628][  0]LogWindows:    3. 'NVIDIA GeForce GTX 1060' (P:0 D:0)
[2022.02.11-13.23.24:628][  0]LogWindows:    4. 'NVIDIA GeForce GTX 1060' (P:0 D:0)
[2022.02.11-13.23.24:629][  0]LogWindows:    5. 'NVIDIA GeForce GTX 1060' (P:0 D:0)
[2022.02.11-13.23.24:629][  0]LogWindows:    6. 'NVIDIA GeForce GTX 1060' (P:0 D:0)
[2022.02.11-13.23.24:629][  0]LogWindows: DebugString: PrimaryIsNotTheChoosenAdapter PrimaryIsNotTheChoosenAdapter PrimaryIsNotTheChoosenAdapter FoundDriverCount:4 
[2022.02.11-13.23.24:629][  0]LogD3D11RHI:     Adapter Name: NVIDIA GeForce GTX 1060
[2022.02.11-13.23.24:629][  0]LogD3D11RHI:   Driver Version: 461.40 (internal:27.21.14.6140, unified:461.40)
[2022.02.11-13.23.24:629][  0]LogD3D11RHI:      Driver Date: 1-22-2021
[2022.02.11-13.23.24:629][  0]LogRHI: Texture pool is 4236 MB (70% of 6052 MB)
[2022.02.11-13.23.24:726][  0]LogD3D11RHI: RHI has support for 64 bit atomics
[2022.02.11-13.23.24:726][  0]LogD3D11RHI: Async texture creation enabled
[2022.02.11-13.23.24:726][  0]LogD3D11RHI: Array index from any shader is supported
[2022.02.11-13.23.24:773][  0]LogD3D11RHI: GPU Timing Frequency: 1000.000000 (Debug: 2 1)
[2022.02.11-13.23.25:161][  0]LogTargetPlatformManager: Display: Loaded TargetPlatform 'WindowsNoEditor'
[2022.02.11-13.23.25:166][  0]LogTargetPlatformManager: Display: Loaded TargetPlatform 'Windows'
[2022.02.11-13.23.25:175][  0]LogTargetPlatformManager: Display: Loaded TargetPlatform 'WindowsClient'
[2022.02.11-13.23.25:185][  0]LogTargetPlatformManager: Display: Loaded TargetPlatform 'WindowsServer'
[2022.02.11-13.23.25:185][  0]LogTargetPlatformManager: Display: Building Assets For Windows
[2022.02.11-13.23.25:193][  0]LogAudioDebug: Display: Lib vorbis DLL was dynamically loaded.
[2022.02.11-13.23.25:254][  0]LogShaderCompilers: Guid format shader working directory is -2 characters bigger than the processId version (D:/MyGameProjects/2022-yr1-team-icarus/Inverted/Intermediate/Shaders/WorkingDirectory/18816/).
[2022.02.11-13.23.25:254][  0]LogShaderCompilers: Cleaned the shader compiler working directory 'C:/Users/muscl/AppData/Local/Temp/UnrealShaderWorkingDir/970171614DE013BC9C5041BBD7B1580F/'.
[2022.02.11-13.23.25:254][  0]LogXGEController: Cannot use XGE Controller as Incredibuild is not installed on this machine.
[2022.02.11-13.23.25:255][  0]LogShaderCompilers: Cannot use XGE Shader Compiler as Incredibuild is not installed on this machine.
[2022.02.11-13.23.25:255][  0]LogShaderCompilers: Display: Using Local Shader Compiler.
[2022.02.11-13.23.26:049][  0]LogDerivedDataCache: Display: Max Cache Size: 512 MB
[2022.02.11-13.23.26:104][  0]LogDerivedDataCache: Loaded boot cache 0.06s 75MB C:/Users/muscl/AppData/Local/UnrealEngine/4.25/DerivedDataCache/Boot.ddc.
[2022.02.11-13.23.26:104][  0]LogDerivedDataCache: Display: Loaded Boot cache: C:/Users/muscl/AppData/Local/UnrealEngine/4.25/DerivedDataCache/Boot.ddc
[2022.02.11-13.23.26:104][  0]LogDerivedDataCache: FDerivedDataBackendGraph:  Pak pak cache file D:/MyGameProjects/2022-yr1-team-icarus/Inverted/DerivedDataCache/DDC.ddp not found, will not use a pak cache.
[2022.02.11-13.23.26:104][  0]LogDerivedDataCache: Unable to find inner node Pak for hierarchical cache Hierarchy.
[2022.02.11-13.23.26:104][  0]LogDerivedDataCache: FDerivedDataBackendGraph:  CompressedPak pak cache file D:/MyGameProjects/2022-yr1-team-icarus/Inverted/DerivedDataCache/Compressed.ddp not found, will not use a pak cache.
[2022.02.11-13.23.26:104][  0]LogDerivedDataCache: Unable to find inner node CompressedPak for hierarchical cache Hierarchy.
[2022.02.11-13.23.26:115][  0]LogDerivedDataCache: Display: Pak cache opened for reading ../../../Engine/DerivedDataCache/Compressed.ddp.
[2022.02.11-13.23.26:115][  0]LogDerivedDataCache: FDerivedDataBackendGraph:  EnterprisePak pak cache file ../../../Enterprise/DerivedDataCache/Compressed.ddp not found, will not use a pak cache.
[2022.02.11-13.23.26:115][  0]LogDerivedDataCache: Unable to find inner node EnterprisePak for hierarchical cache Hierarchy.
[2022.02.11-13.23.26:116][  0]LogDerivedDataCache: Using Local data cache path C:/Users/muscl/AppData/Local/UnrealEngine/Common/DerivedDataCache: Writable
[2022.02.11-13.23.26:116][  0]LogDerivedDataCache: Shared data cache path not found in *engine.ini, will not use an Shared cache.
[2022.02.11-13.23.26:116][  0]LogDerivedDataCache: Unable to find inner node Shared for hierarchical cache Hierarchy.
[2022.02.11-13.23.26:166][  0]LogSlate: Using FreeType 2.10.0
[2022.02.11-13.23.26:167][  0]LogSlate: SlateFontServices - WITH_FREETYPE: 1, WITH_HARFBUZZ: 1
[2022.02.11-13.23.26:332][  0]LogInit: Using OS detected language (en-GB).
[2022.02.11-13.23.26:332][  0]LogInit: Using OS detected locale (en-GB).
[2022.02.11-13.23.26:332][  0]LogTextLocalizationManager: No localization for 'en-GB' exists, so 'en' will be used for the language.
[2022.02.11-13.23.26:332][  0]LogTextLocalizationManager: No localization for 'en-GB' exists, so 'en' will be used for the locale.
[2022.02.11-13.23.26:332][  0]LogSlate: FontCache flush requested. Reason: Culture for localization was changed
[2022.02.11-13.23.26:332][  0]LogSlate: FontCache flush requested. Reason: Culture for localization was changed
[2022.02.11-13.23.26:335][  0]LogTextLocalizationManager: Compacting localization data took   0.02ms
[2022.02.11-13.23.26:337][  0]LogAssetRegistry: FAssetRegistry took 0.0016 seconds to start up
[2022.02.11-13.23.26:610][  0]LogPackageLocalizationCache: Processed 19 localized package path(s) for 1 prioritized culture(s) in 0.001370 seconds
[2022.02.11-13.23.26:659][  0]LogInit: Selected Device Profile: [Windows]
[2022.02.11-13.23.29:033][  0]LogMeshReduction: Using QuadricMeshReduction for automatic static mesh reduction
[2022.02.11-13.23.29:034][  0]LogMeshReduction: Using SimplygonMeshReduction for automatic skeletal mesh reduction
[2022.02.11-13.23.29:034][  0]LogMeshReduction: Using ProxyLODMeshReduction for automatic mesh merging
[2022.02.11-13.23.29:034][  0]LogMeshReduction: No distributed automatic mesh merging module available
[2022.02.11-13.23.29:034][  0]LogMeshMerging: No distributed automatic mesh merging module available
[2022.02.11-13.23.29:054][  0]LogNetVersion: Inverted 1.0.0, NetCL: 13144385, EngineNetVer: 14, GameNetVer: 0 (Checksum: 3839550269)
[2022.02.11-13.23.29:369][  0]LogAISub: UAISubsystem::UAISubsystem AISubsystem (000001CC5A317480), frame # 0
[2022.02.11-13.23.29:369][  0]LogAISub: UAISubsystem::UAISubsystem AIPerceptionSystem (000001CC5A2687C0), frame # 0
[2022.02.11-13.23.29:370][  0]LogAISub: UAISubsystem::UAISubsystem EnvQueryManager (000001CC5A227C00), frame # 0
[2022.02.11-13.23.29:485][  0]LogCollectionManager: Loaded 0 collections in 0.002473 seconds
[2022.02.11-13.23.29:489][  0]LogFileCache: Scanning file cache for directory 'D:/MyGameProjects/2022-yr1-team-icarus/Inverted/Saved/Collections/' took 0.00s
[2022.02.11-13.23.29:489][  0]LogFileCache: Scanning file cache for directory 'D:/MyGameProjects/2022-yr1-team-icarus/Inverted/Content/Developers/muscl/Collections/' took 0.00s
[2022.02.11-13.23.29:489][  0]LogFileCache: Scanning file cache for directory 'D:/MyGameProjects/2022-yr1-team-icarus/Inverted/Content/Collections/' took 0.00s
[2022.02.11-13.23.29:489][  0]LogCollectionManager: Fixed up redirectors for 0 collections in 0.000005 seconds (updated 0 objects)
[2022.02.11-13.23.29:564][  0]LogMoviePlayer: Initializing movie player
[2022.02.11-13.23.29:747][  0]LogTcpMessaging: Initializing TcpMessaging bridge
[2022.02.11-13.23.29:751][  0]LogUdpMessaging: Initializing bridge on interface 0.0.0.0:0 to multicast group 230.0.0.1:6666.
[2022.02.11-13.23.29:791][  0]SourceControl: Source control is disabled
[2022.02.11-13.23.29:792][  0]SourceControl: Source control is disabled
[2022.02.11-13.23.29:798][  0]SourceControl: Source control is disabled
[2022.02.11-13.23.29:916][  0]LogAndroidPermission: UAndroidPermissionCallbackProxy::GetInstance
[2022.02.11-13.23.29:932][  0]LogAudioCaptureCore: Display: No Audio Capture implementations found. Audio input will be silent.
[2022.02.11-13.23.29:932][  0]LogAudioCaptureCore: Display: No Audio Capture implementations found. Audio input will be silent.
[2022.02.11-13.23.29:976][  0]LogOcInput: OculusInput pre-init called
[2022.02.11-13.23.29:991][  0]LogUObjectArray: 19064 objects as part of root set at end of initial load.
[2022.02.11-13.23.29:991][  0]LogUObjectAllocator: 5015424 out of 0 bytes used by permanent object pool.
[2022.02.11-13.23.29:991][  0]LogUObjectArray: CloseDisregardForGC: 0/0 objects in disregard for GC pool
[2022.02.11-13.23.30:042][  0]LogEngine: Initializing Engine...
[2022.02.11-13.23.30:043][  0]LogHMD: Failed to initialize OpenVR with code 110
[2022.02.11-13.23.30:043][  0]LogMagicLeap: Warning: VR disabled because ZI is not enabled.  To enable, in the editor, Edit -> Project Settings -> Plugins -> Magic Leap Plugin -> Enable Zero Iteration
[2022.02.11-13.23.30:045][  0]LogStats: UGameplayTagsManager::InitializeManager -  0.000 s
[2022.02.11-13.23.30:159][  0]LogInit: Initializing FReadOnlyCVARCache
[2022.02.11-13.23.30:165][  0]LogAudioMixer: Display: Audio Mixer Platform Settings:
[2022.02.11-13.23.30:165][  0]LogAudioMixer: Display: 	Sample Rate:						  48000
[2022.02.11-13.23.30:165][  0]LogAudioMixer: Display: 	Callback Buffer Frame Size Requested: 1024
[2022.02.11-13.23.30:165][  0]LogAudioMixer: Display: 	Callback Buffer Frame Size To Use:	  1024
[2022.02.11-13.23.30:165][  0]LogAudioMixer: Display: 	Number of buffers to queue:			  2
[2022.02.11-13.23.30:165][  0]LogAudioMixer: Display: 	Max Channels (voices):				  32
[2022.02.11-13.23.30:165][  0]LogAudioMixer: Display: 	Number of Async Source Workers:		  0
[2022.02.11-13.23.30:165][  0]LogAudio: Display: AudioDevice MaxSources: 32
[2022.02.11-13.23.30:165][  0]LogAudio: Display: Using built-in audio occlusion.
[2022.02.11-13.23.30:165][  0]LogAudioMixer: Display: Initializing audio mixer.
[2022.02.11-13.23.30:193][  0]LogAudioMixer: Display: 0: FrontLeft
[2022.02.11-13.23.30:193][  0]LogAudioMixer: Display: 1: FrontRight
[2022.02.11-13.23.30:193][  0]LogAudioMixer: Display: 2: FrontCenter
[2022.02.11-13.23.30:193][  0]LogAudioMixer: Display: 3: LowFrequency
[2022.02.11-13.23.30:193][  0]LogAudioMixer: Display: 4: BackLeft
[2022.02.11-13.23.30:193][  0]LogAudioMixer: Display: 5: BackRight
[2022.02.11-13.23.30:193][  0]LogAudioMixer: Display: 6: SideLeft
[2022.02.11-13.23.30:193][  0]LogAudioMixer: Display: 7: SideRight
[2022.02.11-13.23.30:248][  0]LogAudioMixer: Display: Using Audio Device Speakers (7.1 Surround Sound)
[2022.02.11-13.23.30:255][  0]LogAudioMixer: Display: Initializing Sound Submixes...
[2022.02.11-13.23.30:257][  0]LogAudioMixer: Display: Creating Master Submix 'MasterSubmixDefault'
[2022.02.11-13.23.30:257][  0]LogAudioMixer: Display: Creating Master Submix 'MasterReverbSubmixDefault'
[2022.02.11-13.23.30:259][  0]LogAudioMixer: Display: Creating Master Submix 'MasterEQSubmixDefault'
[2022.02.11-13.23.30:260][  0]LogInit: FAudioDevice initialized.
[2022.02.11-13.23.30:263][  0]LogNetVersion: Set ProjectVersion to 1.0.0.0. Version Checksum will be recalculated on next use.
[2022.02.11-13.23.30:263][  0]LogInit: Texture streaming: Enabled
[2022.02.11-13.23.30:330][  0]LogSlate: Updating window title bar state: overlay mode, drag disabled, window buttons hidden, title bar hidden
[2022.02.11-13.23.30:332][  0]LogInit: Display: Game Engine Initialized.
[2022.02.11-13.23.30:332][  0]LogNiagaraEditor: Warning: GEditor isn't valid! Particle reset commands will not work for Niagara components!
[2022.02.11-13.23.30:359][  0]LogInit: Display: Starting Game.
[2022.02.11-13.23.30:359][  0]LogNet: Browse: /Game/FirstPersonBP/Maps/FirstPersonExampleMap?Name=Player
[2022.02.11-13.23.30:360][  0]LogLoad: LoadMap: /Game/FirstPersonBP/Maps/FirstPersonExampleMap?Name=Player
[2022.02.11-13.23.30:360][  0]LogWorld: BeginTearingDown for /Temp/Untitled_0
[2022.02.11-13.23.30:362][  0]LogWorld: UWorld::CleanupWorld for Untitled, bSessionEnded=true, bCleanupResources=true
[2022.02.11-13.23.30:362][  0]LogSlate: InvalidateAllWidgets triggered.  All widgets were invalidated
[2022.02.11-13.23.30:380][  0]LogUObjectHash: Compacting FUObjectHashTables data took   0.86ms
[2022.02.11-13.23.30:673][  0]LogAIModule: Creating AISystem for world FirstPersonExampleMap
[2022.02.11-13.23.30:673][  0]LogAISub: UAISubsystem::UAISubsystem EnvQueryManager (000001CC5057BC00), frame # 0
[2022.02.11-13.23.30:673][  0]LogAISub: UAISubsystem::UAISubsystem AIPerceptionSystem (000001CC5F7DA840), frame # 0
[2022.02.11-13.23.30:674][  0]LogLoad: Game class is 'FirstPersonGameMode_C'
[2022.02.11-13.23.30:700][  0]LogWorld: Bringing World /Game/FirstPersonBP/Maps/FirstPersonExampleMap.FirstPersonExampleMap up for play (max tick rate 0) at 2022.02.11-13.23.30
[2022.02.11-13.23.30:701][  0]LogWorld: Bringing up level for play took: 0.025355
[2022.02.11-13.23.30:705][  0]LogLoad: Took 0.345342 seconds to LoadMap(/Game/FirstPersonBP/Maps/FirstPersonExampleMap)
[2022.02.11-13.23.30:731][  0]LogSlate: Took 0.000343 seconds to synchronously load lazily loaded font '../../../Engine/Content/Slate/Fonts/Roboto-Regular.ttf' (155K)
[2022.02.11-13.23.30:763][  0]LogRenderer: Reallocating scene render targets to support 1280x720 Format 10 NumSamples 1 (Frame:1).
[2022.02.11-13.23.30:763][  0]LogLoad: (Engine Initialization) Total time: 13.38 seconds
[2022.02.11-13.23.30:763][  0]LogLoad: (Engine Initialization) Total Blueprint compile time: 0.00 seconds
[2022.02.11-13.23.30:795][  0]LogContentStreaming: Texture pool size now 1000 MB
[2022.02.11-13.23.30:802][  0]LogSlate: InvalidateAllWidgets triggered.  All widgets were invalidated
[2022.02.11-13.23.30:939][  0]LogRenderer: Reallocating scene render targets to support 128x128 Format 10 NumSamples 1 (Frame:1).
[2022.02.11-13.23.30:982][  0]LogRenderer: Reallocating scene render targets to support 1280x720 Format 10 NumSamples 1 (Frame:2).
[2022.02.11-13.23.31:028][  1]LogSlate: Took 0.000152 seconds to synchronously load lazily loaded font '../../../Engine/Content/Slate/Fonts/Roboto-Regular.ttf' (155K)
[2022.02.11-13.23.56:312][346]Closing by request
[2022.02.11-13.23.56:312][346]LogWindows: FPlatformMisc::RequestExit(0)
[2022.02.11-13.23.56:312][346]LogCore: Engine exit requested (reason: Win RequestExit)
[2022.02.11-13.23.56:313][347]LogCore: Engine exit requested (reason: EngineExit() was called; note: exit was already requested)
[2022.02.11-13.23.56:315][347]LogAudio: Display: Shutting down audio device while 2 references to it are still alive. For more information, compile with INSTRUMENT_AUDIODEVICE_HANDLES.
[2022.02.11-13.23.56:364][347]LogInit: Display: PreExit Game.
[2022.02.11-13.24.22:455][347]LogWorld: BeginTearingDown for /Game/FirstPersonBP/Maps/FirstPersonExampleMap
[2022.02.11-13.24.22:455][347]LogWorld: UWorld::CleanupWorld for FirstPersonExampleMap, bSessionEnded=true, bCleanupResources=true
[2022.02.11-13.24.22:456][347]LogSlate: InvalidateAllWidgets triggered.  All widgets were invalidated
[2022.02.11-13.24.23:080][347]LogSlate: Window 'Inverted (64-bit Development PCD3D_SM5) ' being destroyed
[2022.02.11-13.24.23:080][347]LogWindowsTextInputMethodSystem: Display: IME system now deactivated.
[2022.02.11-13.24.23:094][347]LogWindowsTextInputMethodSystem: Display: IME system now deactivated.
[2022.02.11-13.24.24:095][347]LogExit: Preparing to exit.
[2022.02.11-13.24.24:780][347]LogMoviePlayer: Shutting down movie player
[2022.02.11-13.24.24:921][347]LogSlate: Updating window title bar state: overlay mode, drag disabled, window buttons hidden, title bar hidden
[2022.02.11-13.24.24:924][347]LogDemo: Cleaned up 0 splitscreen connections with owner deletion
[2022.02.11-13.24.24:928][347]LogExit: Game engine shut down
[2022.02.11-13.24.24:936][347]LogAISub: UAISubsystem::~UAISubsystem AISubsystem (000001CC5A317480), frame # 6347
[2022.02.11-13.24.24:936][347]LogAISub: UAISubsystem::~UAISubsystem AIPerceptionSystem (000001CC5A2687C0), frame # 6347
[2022.02.11-13.24.24:937][347]LogAISub: UAISubsystem::~UAISubsystem EnvQueryManager (000001CC5A227C00), frame # 6347
[2022.02.11-13.24.24:943][347]LogAISub: UAISubsystem::~UAISubsystem EnvQueryManager (000001CC5057BC00), frame # 6347
[2022.02.11-13.24.24:943][347]LogAISub: UAISubsystem::~UAISubsystem AIPerceptionSystem (000001CC5F7DA840), frame # 6347
[2022.02.11-13.24.24:961][347]LogExit: Object subsystem successfully closed.
[2022.02.11-13.24.24:980][347]LogShaderCompilers: Display: Shaders left to compile 0
[2022.02.11-13.24.24:999][347]LogModuleManager: Shutting down and abandoning module SequenceRecorderSections (502)
[2022.02.11-13.24.24:999][347]LogModuleManager: Shutting down and abandoning module SequenceRecorder (500)
[2022.02.11-13.24.24:999][347]LogModuleManager: Shutting down and abandoning module AutomationController (498)
[2022.02.11-13.24.24:999][347]LogModuleManager: Shutting down and abandoning module AutomationWorker (496)
[2022.02.11-13.24.24:999][347]LogModuleManager: Shutting down and abandoning module Voice (494)
[2022.02.11-13.24.24:999][347]LogModuleManager: Shutting down and abandoning module AIModule (492)
[2022.02.11-13.24.24:999][347]LogModuleManager: Shutting down and abandoning module GameplayDebugger (491)
[2022.02.11-13.24.24:999][347]LogModuleManager: Shutting down and abandoning module AITestSuite (489)
[2022.02.11-13.24.24:999][347]LogModuleManager: Shutting down and abandoning module NavigationSystem (487)
[2022.02.11-13.24.24:999][347]LogModuleManager: Shutting down and abandoning module OculusMR (484)
[2022.02.11-13.24.24:999][347]LogModuleManager: Shutting down and abandoning module WmfMediaFactory (482)
[2022.02.11-13.24.24:999][347]LogModuleManager: Shutting down and abandoning module WebMMediaFactory (480)
[2022.02.11-13.24.24:999][347]LogModuleManager: Shutting down and abandoning module WebMMedia (478)
[2022.02.11-13.24.24:999][347]LogModuleManager: Shutting down and abandoning module OpenExrWrapper (476)
[2022.02.11-13.24.24:999][347]LogModuleManager: Shutting down and abandoning module ImgMediaFactory (474)
[2022.02.11-13.24.24:999][347]LogModuleManager: Shutting down and abandoning module AvfMediaFactory (472)
[2022.02.11-13.24.24:999][347]LogModuleManager: Shutting down and abandoning module MagicLeapMediaCodecFactory (470)
[2022.02.11-13.24.24:999][347]LogModuleManager: Shutting down and abandoning module MagicLeapMediaFactory (468)
[2022.02.11-13.24.24:999][347]LogModuleManager: Shutting down and abandoning module PlanarCut (466)
[2022.02.11-13.24.24:999][347]LogModuleManager: Shutting down and abandoning module CharacterAI (464)
[2022.02.11-13.24.24:999][347]LogModuleManager: Shutting down and abandoning module SessionServices (462)
[2022.02.11-13.24.24:999][347]LogModuleManager: Shutting down and abandoning module MovieSceneCapture (460)
[2022.02.11-13.24.24:999][347]LogModuleManager: Shutting down and abandoning module LiveCoding (458)
[2022.02.11-13.24.24:999][347]LogModuleManager: Shutting down and abandoning module LevelSequence (456)
[2022.02.11-13.24.24:999][347]LogModuleManager: Shutting down and abandoning module MovieSceneTracks (454)
[2022.02.11-13.24.24:999][347]LogModuleManager: Shutting down and abandoning module MovieScene (452)
[2022.02.11-13.24.24:999][347]LogModuleManager: Shutting down and abandoning module StreamingPauseRendering (450)
[2022.02.11-13.24.24:999][347]LogModuleManager: Shutting down and abandoning module PortalServices (448)
[2022.02.11-13.24.24:999][347]LogModuleManager: Shutting down and abandoning module PortalRpc (446)
[2022.02.11-13.24.24:999][347]LogModuleManager: Shutting down and abandoning module MessagingRpc (444)
[2022.02.11-13.24.24:999][347]LogModuleManager: Shutting down and abandoning module AudioMixerXAudio2 (442)
[2022.02.11-13.24.24:999][347]LogModuleManager: Shutting down and abandoning module AudioMixerCore (441)
[2022.02.11-13.24.25:000][347]LogModuleManager: Shutting down and abandoning module ProfilerService (438)
[2022.02.11-13.24.25:103][347]LogModuleManager: Shutting down and abandoning module TaskGraph (436)
[2022.02.11-13.24.25:104][347]LogModuleManager: Shutting down and abandoning module Synthesis (434)
[2022.02.11-13.24.25:104][347]LogModuleManager: Shutting down and abandoning module ProceduralMeshComponent (432)
[2022.02.11-13.24.25:104][347]LogModuleManager: Shutting down and abandoning module OculusInput (430)
[2022.02.11-13.24.25:104][347]LogModuleManager: Shutting down and abandoning module MobilePatchingUtils (428)
[2022.02.11-13.24.25:104][347]LogModuleManager: Shutting down and abandoning module GooglePAD (426)
[2022.02.11-13.24.25:104][347]LogModuleManager: Shutting down and abandoning module EditableMesh (424)
[2022.02.11-13.24.25:104][347]LogModuleManager: Shutting down and abandoning module CustomMeshComponent (422)
[2022.02.11-13.24.25:104][347]LogModuleManager: Shutting down and abandoning module CableComponent (420)
[2022.02.11-13.24.25:104][347]LogModuleManager: Shutting down and abandoning module AudioCapture (418)
[2022.02.11-13.24.25:104][347]LogModuleManager: Shutting down and abandoning module AudioCaptureRtAudio (417)
[2022.02.11-13.24.25:104][347]LogModuleManager: Shutting down and abandoning module AssetTags (414)
[2022.02.11-13.24.25:104][347]LogModuleManager: Shutting down and abandoning module ArchVisCharacter (412)
[2022.02.11-13.24.25:104][347]LogModuleManager: Shutting down and abandoning module AppleImageUtilsBlueprintSupport (410)
[2022.02.11-13.24.25:104][347]LogModuleManager: Shutting down and abandoning module AppleImageUtils (408)
[2022.02.11-13.24.25:104][347]LogModuleManager: Shutting down and abandoning module AndroidPermission (406)
[2022.02.11-13.24.25:104][347]LogModuleManager: Shutting down and abandoning module NUTUnrealEngine4 (404)
[2022.02.11-13.24.25:104][347]LogModuleManager: Shutting down and abandoning module NetcodeUnitTest (402)
[2022.02.11-13.24.25:104][347]LogModuleManager: Shutting down and abandoning module TemplateSequence (400)
[2022.02.11-13.24.25:104][347]LogModuleManager: Shutting down and abandoning module MovieRenderPipelineRenderPasses (398)
[2022.02.11-13.24.25:104][347]LogModuleManager: Shutting down and abandoning module MovieRenderPipelineSettings (396)
[2022.02.11-13.24.25:104][347]LogModuleManager: Shutting down and abandoning module MovieRenderPipelineCore (394)
[2022.02.11-13.24.25:104][347]LogModuleManager: Shutting down and abandoning module ImageWriteQueue (393)
[2022.02.11-13.24.25:106][347]LogModuleManager: Shutting down and abandoning module MediaCompositing (390)
[2022.02.11-13.24.25:106][347]LogModuleManager: Shutting down and abandoning module ImgMedia (388)
[2022.02.11-13.24.25:107][347]LogModuleManager: Shutting down and abandoning module MagicLeapSharedWorld (386)
[2022.02.11-13.24.25:107][347]LogModuleManager: Shutting down and abandoning module MagicLeapLightEstimation (384)
[2022.02.11-13.24.25:107][347]LogModuleManager: Shutting down and abandoning module MagicLeapHelperVulkan (382)
[2022.02.11-13.24.25:107][347]LogModuleManager: Shutting down and abandoning module MagicLeapHelperOpenGL (380)
[2022.02.11-13.24.25:107][347]LogModuleManager: Shutting down and abandoning module MagicLeapAudio (378)
[2022.02.11-13.24.25:107][347]LogModuleManager: Shutting down and abandoning module MeshSolverUtilities (376)
[2022.02.11-13.24.25:107][347]LogModuleManager: Shutting down and abandoning module MeshConversion (374)
[2022.02.11-13.24.25:107][347]LogModuleManager: Shutting down and abandoning module DynamicMesh (372)
[2022.02.11-13.24.25:107][347]LogModuleManager: Shutting down and abandoning module GeometryAlgorithms (370)
[2022.02.11-13.24.25:107][347]LogModuleManager: Shutting down and abandoning module GeometricObjects (368)
[2022.02.11-13.24.25:107][347]LogModuleManager: Shutting down and abandoning module GeometryCollectionTracks (366)
[2022.02.11-13.24.25:107][347]LogModuleManager: Shutting down and abandoning module GeometryCollectionSequencer (365)
[2022.02.11-13.24.25:107][347]LogModuleManager: Shutting down and abandoning module GeometryCacheTracks (362)
[2022.02.11-13.24.25:107][347]LogModuleManager: Shutting down and abandoning module GeometryCacheSequencer (361)
[2022.02.11-13.24.25:107][347]LogModuleManager: Shutting down and abandoning module GeometryCache (358)
[2022.02.11-13.24.25:107][347]LogModuleManager: Shutting down and abandoning module GeometryCacheEd (357)
[2022.02.11-13.24.25:107][347]LogModuleManager: Shutting down and abandoning module ChaosNiagara (354)
[2022.02.11-13.24.25:107][347]LogModuleManager: Shutting down and abandoning module ChaosCloth (352)
[2022.02.11-13.24.25:107][347]LogModuleManager: Shutting down and abandoning module BackChannel (350)
[2022.02.11-13.24.25:107][347]LogModuleManager: Shutting down and abandoning module AutomationUtils (348)
[2022.02.11-13.24.25:107][347]LogModuleManager: Shutting down and abandoning module VisualStudioSourceCodeAccess (346)
[2022.02.11-13.24.25:107][347]LogModuleManager: Shutting down and abandoning module HotReload (345)
[2022.02.11-13.24.25:107][347]LogModuleManager: Shutting down and abandoning module VisualStudioCodeSourceCodeAccess (342)
[2022.02.11-13.24.25:107][347]LogModuleManager: Shutting down and abandoning module UObjectPlugin (340)
[2022.02.11-13.24.25:107][347]LogModuleManager: Shutting down and abandoning module SubversionSourceControl (338)
[2022.02.11-13.24.25:107][347]LogModuleManager: Shutting down and abandoning module RiderSourceCodeAccess (336)
[2022.02.11-13.24.25:107][347]LogModuleManager: Shutting down and abandoning module PerforceSourceControl (334)
[2022.02.11-13.24.25:107][347]LogModuleManager: Shutting down and abandoning module SourceControl (333)
[2022.02.11-13.24.25:107][347]LogModuleManager: Shutting down and abandoning module CLionSourceCodeAccess (330)
[2022.02.11-13.24.25:107][347]LogModuleManager: Shutting down and abandoning module ActorLayerUtilities (328)
[2022.02.11-13.24.25:107][347]LogModuleManager: Shutting down and abandoning module SoundFields (326)
[2022.02.11-13.24.25:107][347]LogModuleManager: Shutting down and abandoning module SignificanceManager (324)
[2022.02.11-13.24.25:107][347]LogModuleManager: Shutting down and abandoning module RuntimePhysXCooking (322)
[2022.02.11-13.24.25:107][347]LogModuleManager: Shutting down and abandoning module PhysXVehiclesEditor (320)
[2022.02.11-13.24.25:107][347]LogModuleManager: Shutting down and abandoning module LocationServicesBPLibrary (316)
[2022.02.11-13.24.25:107][347]LogModuleManager: Shutting down and abandoning module ActorSequence (314)
[2022.02.11-13.24.25:107][347]LogModuleManager: Shutting down and abandoning module UdpMessaging (312)
[2022.02.11-13.24.25:209][347]LogModuleManager: Shutting down and abandoning module TcpMessaging (310)
[2022.02.11-13.24.25:779][347]LogModuleManager: Shutting down and abandoning module MagicLeapARPin (308)
[2022.02.11-13.24.25:779][347]LogModuleManager: Shutting down and abandoning module MagicLeapHandMeshing (306)
[2022.02.11-13.24.25:779][347]LogModuleManager: Shutting down and abandoning module MagicLeapSecureStorage (304)
[2022.02.11-13.24.25:779][347]LogModuleManager: Shutting down and abandoning module MagicLeapPrivileges (302)
[2022.02.11-13.24.25:779][347]LogModuleManager: Shutting down and abandoning module MagicLeapPlanes (300)
[2022.02.11-13.24.25:779][347]LogMagicLeapPlanes: Planes tracker already destroyed.
[2022.02.11-13.24.25:779][347]LogModuleManager: Shutting down and abandoning module MagicLeapImageTracker (298)
[2022.02.11-13.24.25:779][347]LogModuleManager: Shutting down and abandoning module MagicLeapIdentity (296)
[2022.02.11-13.24.25:779][347]LogModuleManager: Shutting down and abandoning module MagicLeapHandTracking (294)
[2022.02.11-13.24.25:779][347]LogModuleManager: Shutting down and abandoning module MagicLeapEyeTracker (292)
[2022.02.11-13.24.25:779][347]LogModuleManager: Shutting down and abandoning module MagicLeapController (290)
[2022.02.11-13.24.25:779][347]LogSlate: Slate User Destroyed.  User Index 0, Is Virtual User: 0
[2022.02.11-13.24.25:780][347]LogModuleManager: Shutting down and abandoning module MagicLeapARPinImpl (288)
[2022.02.11-13.24.25:780][347]LogModuleManager: Shutting down and abandoning module MagicLeapAR (286)
[2022.02.11-13.24.25:780][347]LogModuleManager: Shutting down and abandoning module AugmentedReality (285)
[2022.02.11-13.24.25:780][347]LogModuleManager: Shutting down and abandoning module NiagaraAnimNotifies (282)
[2022.02.11-13.24.25:780][347]LogModuleManager: Shutting down and abandoning module Niagara (280)
[2022.02.11-13.24.25:780][347]LogModuleManager: Shutting down and abandoning module SignalProcessing (279)
[2022.02.11-13.24.25:780][347]LogModuleManager: Shutting down and abandoning module NiagaraEditor (277)
[2022.02.11-13.24.25:780][347]LogModuleManager: Shutting down and abandoning module NiagaraCore (274)
[2022.02.11-13.24.25:780][347]LogModuleManager: Shutting down and abandoning module GameplayTagsEditor (272)
[2022.02.11-13.24.25:780][347]LogModuleManager: Shutting down and abandoning module FacialAnimation (270)
[2022.02.11-13.24.25:780][347]LogModuleManager: Shutting down and abandoning module AssetManagerEditor (268)
[2022.02.11-13.24.25:780][347]LogModuleManager: Shutting down and abandoning module TreeMap (267)
[2022.02.11-13.24.25:780][347]LogModuleManager: Shutting down and abandoning module AnimationSharing (264)
[2022.02.11-13.24.25:780][347]LogModuleManager: Shutting down and abandoning module LightPropagationVolumeRuntime (262)
[2022.02.11-13.24.25:780][347]LogModuleManager: Shutting down and abandoning module Paper2D (260)
[2022.02.11-13.24.25:780][347]LogModuleManager: Shutting down and abandoning module WindowsMoviePlayer (258)
[2022.02.11-13.24.25:780][347]LogModuleManager: Shutting down and abandoning module WebMMoviePlayer (256)
[2022.02.11-13.24.25:780][347]LogModuleManager: Shutting down and abandoning module NetworkReplayStreaming (254)
[2022.02.11-13.24.25:780][347]LogModuleManager: Shutting down and abandoning module PacketHandler (252)
[2022.02.11-13.24.25:780][347]LogModuleManager: Shutting down and abandoning module ClothingSystemEditor (250)
[2022.02.11-13.24.25:780][347]LogModuleManager: Shutting down and abandoning module ClothingSystemRuntimeNv (248)
[2022.02.11-13.24.25:780][347]LogModuleManager: Shutting down and abandoning module MediaAssets (246)
[2022.02.11-13.24.25:780][347]LogModuleManager: Shutting down and abandoning module Overlay (244)
[2022.02.11-13.24.25:780][347]LogModuleManager: Shutting down and abandoning module OverlayEditor (243)
[2022.02.11-13.24.25:780][347]LogModuleManager: Shutting down and abandoning module VREditor (240)
[2022.02.11-13.24.25:781][347]LogModuleManager: Shutting down and abandoning module StringTableEditor (238)
[2022.02.11-13.24.25:781][347]LogModuleManager: Shutting down and abandoning module GameplayTasksEditor (236)
[2022.02.11-13.24.25:781][347]LogModuleManager: Shutting down and abandoning module BehaviorTreeEditor (234)
[2022.02.11-13.24.25:781][347]LogModuleManager: Shutting down and abandoning module FunctionalTesting (232)
[2022.02.11-13.24.25:781][347]LogModuleManager: Shutting down and abandoning module CollisionAnalyzer (230)
[2022.02.11-13.24.25:781][347]LogModuleManager: Shutting down and abandoning module UMG (228)
[2022.02.11-13.24.25:781][347]LogModuleManager: Shutting down and abandoning module UMGEditor (227)
[2022.02.11-13.24.25:781][347]LogModuleManager: Shutting down and abandoning module Sequencer (226)
[2022.02.11-13.24.25:781][347]LogModuleManager: Shutting down and abandoning module MessageLog (223)
[2022.02.11-13.24.25:781][347]LogModuleManager: Shutting down and abandoning module MaterialEditor (221)
[2022.02.11-13.24.25:781][347]LogModuleManager: Shutting down and abandoning module ContentBrowser (220)
[2022.02.11-13.24.25:781][347]LogModuleManager: Shutting down and abandoning module WorkspaceMenuStructure (219)
[2022.02.11-13.24.25:781][347]LogModuleManager: Shutting down and abandoning module CollectionManager (217)
[2022.02.11-13.24.25:781][347]LogModuleManager: Shutting down and abandoning module DirectoryWatcher (216)
[2022.02.11-13.24.25:781][347]LogModuleManager: Shutting down and abandoning module SlateReflector (208)
[2022.02.11-13.24.25:781][347]LogModuleManager: Shutting down and abandoning module Slate (206)
[2022.02.11-13.24.25:781][347]LogModuleManager: Shutting down and abandoning module SlateCore (204)
[2022.02.11-13.24.25:781][347]LogModuleManager: Shutting down and abandoning module LandscapeEditorUtilities (202)
[2022.02.11-13.24.25:781][347]LogModuleManager: Shutting down and abandoning module EditorStyle (200)
[2022.02.11-13.24.25:782][347]LogModuleManager: Shutting down and abandoning module UnrealEd (198)
[2022.02.11-13.24.25:782][347]LogModuleManager: Shutting down and abandoning module MRMesh (196)
[2022.02.11-13.24.25:782][347]LogModuleManager: Shutting down and abandoning module Messaging (194)
[2022.02.11-13.24.25:782][347]LogModuleManager: Shutting down and abandoning module SourceCodeAccess (192)
[2022.02.11-13.24.25:782][347]LogModuleManager: Shutting down and abandoning module HeadMountedDisplay (190)
[2022.02.11-13.24.25:782][347]LogModuleManager: Shutting down and abandoning module XAudio2 (188)
[2022.02.11-13.24.25:782][347]LogModuleManager: Shutting down and abandoning module Networking (186)
[2022.02.11-13.24.25:782][347]LogModuleManager: Shutting down and abandoning module Core (184)
[2022.02.11-13.24.25:782][347]LogModuleManager: Shutting down and abandoning module MovieSceneTools (182)
[2022.02.11-13.24.25:782][347]LogModuleManager: Shutting down and abandoning module KismetCompiler (180)
[2022.02.11-13.24.25:782][347]LogModuleManager: Shutting down and abandoning module MeshBuilder (178)
[2022.02.11-13.24.25:782][347]LogModuleManager: Shutting down and abandoning module MeshUtilities (176)
[2022.02.11-13.24.25:782][347]LogModuleManager: Shutting down and abandoning module MeshMergeUtilities (175)
[2022.02.11-13.24.25:782][347]LogModuleManager: Shutting down and abandoning module MeshReductionInterface (174)
[2022.02.11-13.24.25:782][347]LogModuleManager: Shutting down and abandoning module MeshBoneReduction (173)
[2022.02.11-13.24.25:782][347]LogModuleManager: Shutting down and abandoning module SkeletalMeshReduction (171)
[2022.02.11-13.24.25:782][347]LogModuleManager: Shutting down and abandoning module ProxyLODMeshReduction (169)
[2022.02.11-13.24.25:782][347]LogModuleManager: Shutting down and abandoning module QuadricMeshReduction (167)
[2022.02.11-13.24.25:782][347]LogModuleManager: Shutting down and abandoning module MaterialBaking (163)
[2022.02.11-13.24.25:782][347]LogModuleManager: Shutting down and abandoning module NullInstallBundleManager (158)
[2022.02.11-13.24.25:782][347]LogModuleManager: Shutting down and abandoning module PIEPreviewDeviceProfileSelector (156)
[2022.02.11-13.24.25:782][347]LogModuleManager: Shutting down and abandoning module DerivedDataCache (154)
[2022.02.11-13.24.25:782][347]LogModuleManager: Shutting down and abandoning module XGEController (152)
[2022.02.11-13.24.25:782][347]LogModuleManager: Shutting down and abandoning module TargetPlatform (150)
[2022.02.11-13.24.25:782][347]LogModuleManager: Shutting down and abandoning module VulkanShaderFormat (149)
[2022.02.11-13.24.25:782][347]LogModuleManager: Shutting down and abandoning module ShaderFormatVectorVM (147)
[2022.02.11-13.24.25:782][347]LogModuleManager: Shutting down and abandoning module ShaderFormatOpenGL (145)
[2022.02.11-13.24.25:782][347]LogModuleManager: Shutting down and abandoning module ShaderFormatD3D (143)
[2022.02.11-13.24.25:782][347]LogModuleManager: Shutting down and abandoning module MetalShaderFormat (141)
[2022.02.11-13.24.25:782][347]LogModuleManager: Shutting down and abandoning module TextureFormatUncompressed (139)
[2022.02.11-13.24.25:782][347]LogModuleManager: Shutting down and abandoning module TextureFormatPVR (137)
[2022.02.11-13.24.25:782][347]LogModuleManager: Shutting down and abandoning module TextureFormatDXT (135)
[2022.02.11-13.24.25:782][347]LogModuleManager: Shutting down and abandoning module TextureFormatIntelISPCTexComp (133)
[2022.02.11-13.24.25:782][347]LogModuleManager: Shutting down and abandoning module TextureFormatASTC (131)
[2022.02.11-13.24.25:782][347]LogModuleManager: Shutting down and abandoning module ImageWrapper (130)
[2022.02.11-13.24.25:782][347]LogModuleManager: Shutting down and abandoning module TextureFormatAndroid (127)
[2022.02.11-13.24.25:782][347]LogModuleManager: Shutting down and abandoning module AudioFormatOpus (125)
[2022.02.11-13.24.25:782][347]LogModuleManager: Shutting down and abandoning module AudioFormatOgg (123)
[2022.02.11-13.24.25:782][347]LogModuleManager: Shutting down and abandoning module AudioFormatADPCM (121)
[2022.02.11-13.24.25:782][347]LogModuleManager: Shutting down and abandoning module WindowsServerTargetPlatform (119)
[2022.02.11-13.24.25:782][347]LogModuleManager: Shutting down and abandoning module WindowsClientTargetPlatform (117)
[2022.02.11-13.24.25:782][347]LogModuleManager: Shutting down and abandoning module WindowsTargetPlatform (115)
[2022.02.11-13.24.25:782][347]LogModuleManager: Shutting down and abandoning module WindowsNoEditorTargetPlatform (113)
[2022.02.11-13.24.25:782][347]LogModuleManager: Shutting down and abandoning module InputCore (110)
[2022.02.11-13.24.25:782][347]LogModuleManager: Shutting down and abandoning module Settings (108)
[2022.02.11-13.24.25:782][347]LogModuleManager: Shutting down and abandoning module PhysXCooking (106)
[2022.02.11-13.24.25:782][347]LogModuleManager: Shutting down and abandoning module ChaosSolvers (104)
[2022.02.11-13.24.25:782][347]LogModuleManager: Shutting down and abandoning module FieldSystemEngine (103)
[2022.02.11-13.24.25:782][347]LogModuleManager: Shutting down and abandoning module Chaos (100)
[2022.02.11-13.24.25:783][347]LogModuleManager: Shutting down and abandoning module WindowsPlatformFeatures (98)
[2022.02.11-13.24.25:783][347]LogModuleManager: Shutting down and abandoning module GameplayMediaEncoder (97)
[2022.02.11-13.24.25:783][347]LogModuleManager: Shutting down and abandoning module AVEncoder (96)
[2022.02.11-13.24.25:783][347]LogModuleManager: Shutting down and abandoning module SteamVRInputDevice (92)
[2022.02.11-13.24.25:783][347]LogModuleManager: Shutting down and abandoning module SteamVRInput (90)
[2022.02.11-13.24.25:783][347]LogModuleManager: Shutting down and abandoning module SteamVR (88)
[2022.02.11-13.24.25:783][347]LogHMD: Freeing OpenVRDLLHandle.
[2022.02.11-13.24.25:783][347]LogModuleManager: Shutting down and abandoning module OculusHMD (86)
[2022.02.11-13.24.25:783][347]LogModuleManager: Shutting down and abandoning module ExampleDeviceProfileSelector (84)
[2022.02.11-13.24.25:783][347]LogModuleManager: Shutting down and abandoning module LauncherChunkInstaller (82)
[2022.02.11-13.24.25:783][347]LogModuleManager: Shutting down and abandoning module OnlineBlueprintSupport (80)
[2022.02.11-13.24.25:783][347]LogModuleManager: Shutting down and abandoning module OnlineSubsystem (76)
[2022.02.11-13.24.25:783][347]LogModuleManager: Shutting down and abandoning module XMPP (71)
[2022.02.11-13.24.25:783][347]LogModuleManager: Shutting down and abandoning module WebSockets (70)
[2022.02.11-13.24.25:795][347]LogModuleManager: Shutting down and abandoning module HTTP (67)
[2022.02.11-13.24.25:812][347]LogModuleManager: Shutting down and abandoning module SSL (66)
[2022.02.11-13.24.25:812][347]LogModuleManager: Shutting down and abandoning module WmfMedia (62)
[2022.02.11-13.24.25:814][347]LogModuleManager: Shutting down and abandoning module Media (61)
[2022.02.11-13.24.25:814][347]LogModuleManager: Shutting down and abandoning module MagicLeap (58)
[2022.02.11-13.24.25:814][347]LogModuleManager: Shutting down and abandoning module NiagaraVertexFactories (56)
[2022.02.11-13.24.25:814][347]LogModuleManager: Shutting down and abandoning module NiagaraShader (54)
[2022.02.11-13.24.25:814][347]LogModuleManager: Shutting down and abandoning module VariantManagerContent (52)
[2022.02.11-13.24.25:814][347]LogModuleManager: Shutting down and abandoning module DatasmithContent (50)
[2022.02.11-13.24.26:858][347]LogModuleManager: Shutting down and abandoning module AISupportModule (48)
[2022.02.11-13.24.26:858][347]LogModuleManager: Shutting down and abandoning module DesktopPlatform (46)
[2022.02.11-13.24.26:858][347]LogModuleManager: Shutting down and abandoning module PlatformCryptoOpenSSL (44)
[2022.02.11-13.24.26:858][347]LogModuleManager: Shutting down and abandoning module PlatformCryptoTypes (42)
[2022.02.11-13.24.26:858][347]LogModuleManager: Shutting down and abandoning module PlatformCrypto (40)
[2022.02.11-13.24.26:858][347]LogModuleManager: Shutting down and abandoning module AnimationModifiers (38)
[2022.02.11-13.24.26:858][347]LogModuleManager: Shutting down and abandoning module PropertyEditor (37)
[2022.02.11-13.24.26:859][347]LogModuleManager: Shutting down and abandoning module AudioEditor (34)
[2022.02.11-13.24.26:859][347]LogModuleManager: Shutting down and abandoning module TextureCompressor (32)
[2022.02.11-13.24.26:859][347]LogModuleManager: Shutting down and abandoning module RenderCore (30)
[2022.02.11-13.24.26:859][347]LogModuleManager: Shutting down and abandoning module Landscape (28)
[2022.02.11-13.24.26:859][347]LogModuleManager: Shutting down and abandoning module SlateRHIRenderer (26)
[2022.02.11-13.24.26:859][347]LogModuleManager: Shutting down and abandoning module OpenGLDrv (24)
[2022.02.11-13.24.26:859][347]LogModuleManager: Shutting down and abandoning module D3D11RHI (22)
[2022.02.11-13.24.26:859][347]LogModuleManager: Shutting down and abandoning module AnimGraphRuntime (20)
[2022.02.11-13.24.26:859][347]LogModuleManager: Shutting down and abandoning module Renderer (18)
[2022.02.11-13.24.26:859][347]LogModuleManager: Shutting down and abandoning module Engine (16)
[2022.02.11-13.24.26:859][347]LogModuleManager: Shutting down and abandoning module CoreUObject (14)
[2022.02.11-13.24.26:859][347]LogModuleManager: Shutting down and abandoning module NetworkFile (12)
[2022.02.11-13.24.26:859][347]LogModuleManager: Shutting down and abandoning module CookedIterativeFile (10)
[2022.02.11-13.24.26:859][347]LogModuleManager: Shutting down and abandoning module StreamingFile (8)
[2022.02.11-13.24.26:859][347]LogModuleManager: Shutting down and abandoning module SandboxFile (6)
[2022.02.11-13.24.26:860][347]LogModuleManager: Shutting down and abandoning module PakFile (4)
[2022.02.11-13.24.26:860][347]LogModuleManager: Shutting down and abandoning module RSA (3)
[2022.02.11-13.24.26:989][347]LogContentStreaming: Display: There are 1 unreleased StreamingManagers
[2022.02.11-13.24.26:990][347]LogD3D11RHI: Shutdown
[2022.02.11-13.24.26:990][347]LogD3D11RHI: CleanupD3DDevice
[2022.02.11-13.24.27:001][347]LogExit: Exiting.
[2022.02.11-13.24.27:752][347]Log file closed, 02/11/22 13:24:27
