Log file open, 02/09/22 15:52:25
LogInit: Display: Running engine for game: Inverted
LogPlatformFile: Not using cached read wrapper
LogTaskGraph: Started task graph with 5 named threads and 35 total threads with 3 sets of task threads.
LogStats: Stats thread started at 0.167056
LogD3D11RHI: Loaded GFSDK_Aftermath_Lib.x64.dll
LogICUInternationalization: ICU TimeZone Detection - Raw Offset: +0:00, Platform Override: ''
LogPluginManager: Mounting plugin Paper2D
LogPluginManager: Mounting plugin AISupport
LogPluginManager: Mounting plugin LightPropagationVolume
LogPluginManager: Mounting plugin CameraShakePreviewer
LogPluginManager: Mounting plugin ActorLayerUtilities
LogPluginManager: Mounting plugin AnimationSharing
LogPluginManager: Mounting plugin CLionSourceCodeAccess
LogPluginManager: Mounting plugin CodeLiteSourceCodeAccess
LogPluginManager: Mounting plugin GitSourceControl
LogPluginManager: Mounting plugin KDevelopSourceCodeAccess
LogPluginManager: Mounting plugin NullSourceCodeAccess
LogPluginManager: Mounting plugin PerforceSourceControl
LogPluginManager: Mounting plugin PlasticSourceControl
LogPluginManager: Mounting plugin RiderSourceCodeAccess
LogPluginManager: Mounting plugin SubversionSourceControl
LogPluginManager: Mounting plugin UObjectPlugin
LogPluginManager: Mounting plugin VisualStudioCodeSourceCodeAccess
LogPluginManager: Mounting plugin VisualStudioSourceCodeAccess
LogPluginManager: Mounting plugin XCodeSourceCodeAccess
LogPluginManager: Mounting plugin AssetManagerEditor
LogPluginManager: Mounting plugin CryptoKeys
LogPluginManager: Mounting plugin CurveEditorTools
LogPluginManager: Mounting plugin DataValidation
LogPluginManager: Mounting plugin EditorScriptingUtilities
LogPluginManager: Mounting plugin FacialAnimation
LogPluginManager: Mounting plugin GameplayTagsEditor
LogPluginManager: Mounting plugin GeometryMode
LogPluginManager: Mounting plugin MacGraphicsSwitching
LogPluginManager: Mounting plugin MaterialAnalyzer
LogPluginManager: Mounting plugin MobileLauncherProfileWizard
LogPluginManager: Mounting plugin PluginBrowser
LogPluginManager: Mounting plugin SpeedTreeImporter
LogPluginManager: Mounting plugin DatasmithContent
LogPluginManager: Mounting plugin VariantManagerContent
LogPluginManager: Mounting plugin AlembicImporter
LogPluginManager: Mounting plugin AutomationUtils
LogPluginManager: Mounting plugin BackChannel
LogPluginManager: Mounting plugin ChaosCloth
LogPluginManager: Mounting plugin ChaosClothEditor
LogPluginManager: Mounting plugin ChaosEditor
LogPluginManager: Mounting plugin ChaosNiagara
LogPluginManager: Mounting plugin ChaosSolverPlugin
LogPluginManager: Mounting plugin CharacterAI
LogPluginManager: Mounting plugin GeometryCache
LogPluginManager: Mounting plugin GeometryCollectionPlugin
LogPluginManager: Mounting plugin GeometryProcessing
LogPluginManager: Mounting plugin PlanarCut
LogPluginManager: Mounting plugin PlatformCrypto
LogPluginManager: Mounting plugin ProxyLODPlugin
LogPluginManager: Mounting plugin SkeletalReduction
LogPluginManager: Mounting plugin Niagara
LogPluginManager: Mounting plugin MagicLeap
LogPluginManager: Mounting plugin MagicLeapLightEstimation
LogPluginManager: Mounting plugin MagicLeapMedia
LogPluginManager: Mounting plugin MagicLeapPassableWorld
LogPluginManager: Mounting plugin MLSDK
LogPluginManager: Mounting plugin AndroidMedia
LogPluginManager: Mounting plugin AvfMedia
LogPluginManager: Mounting plugin ImgMedia
LogPluginManager: Mounting plugin MediaCompositing
LogPluginManager: Mounting plugin MediaPlayerEditor
LogPluginManager: Mounting plugin WebMMedia
LogPluginManager: Mounting plugin WmfMedia
LogPluginManager: Mounting plugin MeshPainting
LogPluginManager: Mounting plugin TcpMessaging
LogPluginManager: Mounting plugin UdpMessaging
LogPluginManager: Mounting plugin ActorSequence
LogPluginManager: Mounting plugin LevelSequenceEditor
LogPluginManager: Mounting plugin MatineeToLevelSequence
LogPluginManager: Mounting plugin MovieRenderPipeline
LogPluginManager: Mounting plugin TemplateSequence
LogPluginManager: Mounting plugin NetcodeUnitTest
LogPluginManager: Mounting plugin NUTUnrealEngine4
LogPluginManager: Mounting plugin OnlineSubsystemGooglePlay
LogPluginManager: Mounting plugin OnlineSubsystemIOS
LogPluginManager: Mounting plugin OnlineSubsystem
LogPluginManager: Mounting plugin OnlineSubsystemNull
LogPluginManager: Mounting plugin OnlineSubsystemUtils
LogPluginManager: Mounting plugin LauncherChunkInstaller
LogPluginManager: Mounting plugin AndroidDeviceProfileSelector
LogPluginManager: Mounting plugin AndroidMoviePlayer
LogPluginManager: Mounting plugin AndroidPermission
LogPluginManager: Mounting plugin AppleImageUtils
LogPluginManager: Mounting plugin AppleMoviePlayer
LogPluginManager: Mounting plugin ArchVisCharacter
LogPluginManager: Mounting plugin AssetTags
LogPluginManager: Mounting plugin AudioCapture
LogPluginManager: Mounting plugin CableComponent
LogPluginManager: Mounting plugin CustomMeshComponent
LogPluginManager: Mounting plugin EditableMesh
LogPluginManager: Mounting plugin ExampleDeviceProfileSelector
LogPluginManager: Mounting plugin GoogleCloudMessaging
LogPluginManager: Mounting plugin GooglePAD
LogPluginManager: Mounting plugin IOSDeviceProfileSelector
LogPluginManager: Mounting plugin LinuxDeviceProfileSelector
LogPluginManager: Mounting plugin LocationServicesBPLibrary
LogPluginManager: Mounting plugin MobilePatchingUtils
LogPluginManager: Mounting plugin OculusVR
LogPluginManager: Mounting plugin PhysXVehicles
LogPluginManager: Mounting plugin PostSplashScreen
LogPluginManager: Mounting plugin ProceduralMeshComponent
LogPluginManager: Mounting plugin RuntimePhysXCooking
LogPluginManager: Mounting plugin SignificanceManager
LogPluginManager: Mounting plugin SoundFields
LogPluginManager: Mounting plugin SteamVR
LogPluginManager: Mounting plugin Synthesis
LogPluginManager: Mounting plugin WebMMoviePlayer
LogPluginManager: Mounting plugin WindowsMoviePlayer
LogPluginManager: Mounting plugin ScreenshotTools
LogInit: Using libcurl 7.55.1-DEV
LogInit:  - built for x86_64-pc-win32
LogInit:  - supports SSL with OpenSSL/1.1.1
LogInit:  - supports HTTP deflate (compression) using libz 1.2.8
LogInit:  - other features:
LogInit:      CURL_VERSION_SSL
LogInit:      CURL_VERSION_LIBZ
LogInit:      CURL_VERSION_IPV6
LogInit:      CURL_VERSION_ASYNCHDNS
LogInit:      CURL_VERSION_LARGEFILE
LogInit:      CURL_VERSION_IDN
LogInit:  CurlRequestOptions (configurable via config and command line):
LogInit:  - bVerifyPeer = true  - Libcurl will verify peer certificate
LogInit:  - bUseHttpProxy = false  - Libcurl will NOT use HTTP proxy
LogInit:  - bDontReuseConnections = false  - Libcurl will reuse connections
LogInit:  - MaxHostConnections = 16  - Libcurl will limit the number of connections to a host
LogInit:  - LocalHostAddr = Default
LogInit:  - BufferSize = 65536
LogOnline: OSS: Creating online subsystem instance for: NULL
LogInit: WinSock: version 1.1 (2.2), MaxSocks=32767, MaxUdp=65467
LogOnline: OSS: TryLoadSubsystemAndSetDefault: Loaded subsystem for module [NULL]
LogInit: Build: ++UE4+Release-4.25-CL-14469661
LogInit: Engine Version: 4.25.4-14469661+++UE4+Release-4.25
LogInit: Compatible Engine Version: 4.25.0-13144385+++UE4+Release-4.25
LogInit: Net CL: 13144385
LogInit: OS: Windows 10 (Release 2009) (), CPU: Intel(R) Core(TM) i7-8750H CPU @ 2.20GHz, GPU: Intel(R) UHD Graphics 630
LogInit: Compiled (64-bit): Oct 11 2020 08:10:49
LogInit: Compiled with Visual C++: 19.24.28315.00
LogInit: Build Configuration: Development
LogInit: Branch Name: ++UE4+Release-4.25
LogInit: Command Line: 
LogInit: Base Directory: C:/Program Files/Epic Games/UE_4.25/Engine/Binaries/Win64/
LogInit: Allocator: TBB
LogInit: Installed Engine Build: 1
LogDevObjectVersion: Number of dev versions registered: 26
LogDevObjectVersion:   Dev-Blueprints (B0D832E4-1F89-4F0D-ACCF-7EB736FD4AA2): 10
LogDevObjectVersion:   Dev-Build (E1C64328-A22C-4D53-A36C-8E866417BD8C): 0
LogDevObjectVersion:   Dev-Core (375EC13C-06E4-48FB-B500-84F0262A717E): 4
LogDevObjectVersion:   Dev-Editor (E4B068ED-F494-42E9-A231-DA0B2E46BB41): 38
LogDevObjectVersion:   Dev-Framework (CFFC743F-43B0-4480-9391-14DF171D2073): 37
LogDevObjectVersion:   Dev-Mobile (B02B49B5-BB20-44E9-A304-32B752E40360): 2
LogDevObjectVersion:   Dev-Networking (A4E4105C-59A1-49B5-A7C5-40C4547EDFEE): 0
LogDevObjectVersion:   Dev-Online (39C831C9-5AE6-47DC-9A44-9C173E1C8E7C): 0
LogDevObjectVersion:   Dev-Physics (78F01B33-EBEA-4F98-B9B4-84EACCB95AA2): 4
LogDevObjectVersion:   Dev-Platform (6631380F-2D4D-43E0-8009-CF276956A95A): 0
LogDevObjectVersion:   Dev-Rendering (12F88B9F-8875-4AFC-A67C-D90C383ABD29): 43
LogDevObjectVersion:   Dev-Sequencer (7B5AE74C-D270-4C10-A958-57980B212A5A): 12
LogDevObjectVersion:   Dev-VR (D7296918-1DD6-4BDD-9DE2-64A83CC13884): 3
LogDevObjectVersion:   Dev-LoadTimes (C2A15278-BFE7-4AFE-6C17-90FF531DF755): 1
LogDevObjectVersion:   Private-Geometry (6EACA3D4-40EC-4CC1-B786-8BED09428FC5): 3
LogDevObjectVersion:   Dev-AnimPhys (29E575DD-E0A3-4627-9D10-D276232CDCEA): 17
LogDevObjectVersion:   Dev-Anim (AF43A65D-7FD3-4947-9873-3E8ED9C1BB05): 7
LogDevObjectVersion:   Dev-ReflectionCapture (6B266CEC-1EC7-4B8F-A30B-E4D90942FC07): 1
LogDevObjectVersion:   Dev-Automation (0DF73D61-A23F-47EA-B727-89E90C41499A): 1
LogDevObjectVersion:   FortniteMain (601D1886-AC64-4F84-AA16-D3DE0DEAC7D6): 31
LogDevObjectVersion:   Dev-Enterprise (9DFFBCD6-494F-0158-E221-12823C92A888): 10
LogDevObjectVersion:   Dev-Niagara (F2AED0AC-9AFE-416F-8664-AA7FFA26D6FC): 1
LogDevObjectVersion:   Dev-Destruction (174F1F0B-B4C6-45A5-B13F-2EE8D0FB917D): 10
LogDevObjectVersion:   Dev-Physics-Ext (35F94A83-E258-406C-A318-09F59610247C): 37
LogDevObjectVersion:   Dev-PhysicsMaterial-Chaos (B68FC16E-8B1B-42E2-B453-215C058844FE): 1
LogDevObjectVersion:   Dev-CineCamera (B2E18506-4273-CFC2-A54E-F4BB758BBA07): 1
LogInit: Presizing for max 25165824 objects, including 0 objects not considered by GC, pre-allocating 0 bytes for permanent pool.
LogConfig: Applying CVar settings from Section [/Script/Engine.StreamingSettings] File [D:/MyGameProjects/2022-yr1-team-icarus/Inverted/Saved/Config/Windows/Engine.ini]
LogConfig: Setting CVar [[s.MinBulkDataSizeForAsyncLoading:131072]]
LogConfig: Setting CVar [[s.AsyncLoadingThreadEnabled:0]]
LogConfig: Setting CVar [[s.EventDrivenLoaderEnabled:1]]
LogConfig: Setting CVar [[s.WarnIfTimeLimitExceeded:0]]
LogConfig: Setting CVar [[s.TimeLimitExceededMultiplier:1.5]]
LogConfig: Setting CVar [[s.TimeLimitExceededMinTime:0.005]]
LogConfig: Setting CVar [[s.UseBackgroundLevelStreaming:1]]
LogConfig: Setting CVar [[s.PriorityAsyncLoadingExtraTime:15.0]]
LogConfig: Setting CVar [[s.LevelStreamingActorsUpdateTimeLimit:5.0]]
LogConfig: Setting CVar [[s.PriorityLevelStreamingActorsUpdateExtraTime:5.0]]
LogConfig: Setting CVar [[s.LevelStreamingComponentsRegistrationGranularity:10]]
LogConfig: Setting CVar [[s.UnregisterComponentsTimeLimit:1.0]]
LogConfig: Setting CVar [[s.LevelStreamingComponentsUnregistrationGranularity:5]]
LogConfig: Setting CVar [[s.FlushStreamingOnExit:1]]
LogInit: Object subsystem initialized
LogConfig: Setting CVar [[con.DebugEarlyDefault:1]]
LogConfig: Setting CVar [[r.setres:1280x720]]
[2022.02.09-15.52.25:796][  0]LogConfig: Setting CVar [[r.VSync:0]]
[2022.02.09-15.52.25:796][  0]LogConfig: Setting CVar [[r.RHICmdBypass:0]]
[2022.02.09-15.52.25:796][  0]LogConfig: Applying CVar settings from Section [/Script/Engine.RendererSettings] File [D:/MyGameProjects/2022-yr1-team-icarus/Inverted/Saved/Config/Windows/Engine.ini]
[2022.02.09-15.52.25:796][  0]LogConfig: Setting CVar [[r.GPUCrashDebugging:0]]
[2022.02.09-15.52.25:796][  0]LogConfig: Applying CVar settings from Section [/Script/Engine.RendererOverrideSettings] File [D:/MyGameProjects/2022-yr1-team-icarus/Inverted/Saved/Config/Windows/Engine.ini]
[2022.02.09-15.52.25:796][  0]LogConfig: Applying CVar settings from Section [/Script/Engine.StreamingSettings] File [D:/MyGameProjects/2022-yr1-team-icarus/Inverted/Saved/Config/Windows/Engine.ini]
[2022.02.09-15.52.25:796][  0]LogConfig: Setting CVar [[s.MinBulkDataSizeForAsyncLoading:131072]]
[2022.02.09-15.52.25:796][  0]LogConfig: Setting CVar [[s.AsyncLoadingThreadEnabled:0]]
[2022.02.09-15.52.25:796][  0]LogConfig: Setting CVar [[s.EventDrivenLoaderEnabled:1]]
[2022.02.09-15.52.25:796][  0]LogConfig: Setting CVar [[s.WarnIfTimeLimitExceeded:0]]
[2022.02.09-15.52.25:796][  0]LogConfig: Setting CVar [[s.TimeLimitExceededMultiplier:1.5]]
[2022.02.09-15.52.25:796][  0]LogConfig: Setting CVar [[s.TimeLimitExceededMinTime:0.005]]
[2022.02.09-15.52.25:796][  0]LogConfig: Setting CVar [[s.UseBackgroundLevelStreaming:1]]
[2022.02.09-15.52.25:796][  0]LogConfig: Setting CVar [[s.PriorityAsyncLoadingExtraTime:15.0]]
[2022.02.09-15.52.25:796][  0]LogConfig: Setting CVar [[s.LevelStreamingActorsUpdateTimeLimit:5.0]]
[2022.02.09-15.52.25:796][  0]LogConfig: Setting CVar [[s.PriorityLevelStreamingActorsUpdateExtraTime:5.0]]
[2022.02.09-15.52.25:796][  0]LogConfig: Setting CVar [[s.LevelStreamingComponentsRegistrationGranularity:10]]
[2022.02.09-15.52.25:796][  0]LogConfig: Setting CVar [[s.UnregisterComponentsTimeLimit:1.0]]
[2022.02.09-15.52.25:796][  0]LogConfig: Setting CVar [[s.LevelStreamingComponentsUnregistrationGranularity:5]]
[2022.02.09-15.52.25:796][  0]LogConfig: Setting CVar [[s.FlushStreamingOnExit:1]]
[2022.02.09-15.52.25:796][  0]LogConfig: Applying CVar settings from Section [/Script/Engine.GarbageCollectionSettings] File [D:/MyGameProjects/2022-yr1-team-icarus/Inverted/Saved/Config/Windows/Engine.ini]
[2022.02.09-15.52.25:796][  0]LogConfig: Setting CVar [[gc.MaxObjectsNotConsideredByGC:1]]
[2022.02.09-15.52.25:796][  0]LogConfig: Setting CVar [[gc.SizeOfPermanentObjectPool:0]]
[2022.02.09-15.52.25:796][  0]LogConfig: Setting CVar [[gc.FlushStreamingOnGC:0]]
[2022.02.09-15.52.25:796][  0]LogConfig: Setting CVar [[gc.NumRetriesBeforeForcingGC:10]]
[2022.02.09-15.52.25:796][  0]LogConfig: Setting CVar [[gc.AllowParallelGC:1]]
[2022.02.09-15.52.25:796][  0]LogConfig: Setting CVar [[gc.TimeBetweenPurgingPendingKillObjects:61.1]]
[2022.02.09-15.52.25:796][  0]LogConfig: Setting CVar [[gc.MaxObjectsInEditor:25165824]]
[2022.02.09-15.52.25:796][  0]LogConfig: Setting CVar [[gc.IncrementalBeginDestroyEnabled:1]]
[2022.02.09-15.52.25:796][  0]LogConfig: Setting CVar [[gc.CreateGCClusters:1]]
[2022.02.09-15.52.25:797][  0]LogConfig: Setting CVar [[gc.MinGCClusterSize:5]]
[2022.02.09-15.52.25:797][  0]LogConfig: Setting CVar [[gc.ActorClusteringEnabled:0]]
[2022.02.09-15.52.25:797][  0]LogConfig: Setting CVar [[gc.BlueprintClusteringEnabled:0]]
[2022.02.09-15.52.25:797][  0]LogConfig: Setting CVar [[gc.UseDisregardForGCOnDedicatedServers:0]]
[2022.02.09-15.52.25:797][  0]LogConfig: Applying CVar settings from Section [/Script/Engine.NetworkSettings] File [D:/MyGameProjects/2022-yr1-team-icarus/Inverted/Saved/Config/Windows/Engine.ini]
[2022.02.09-15.52.25:797][  0]LogConfig: Applying CVar settings from Section [/Script/UnrealEd.CookerSettings] File [D:/MyGameProjects/2022-yr1-team-icarus/Inverted/Saved/Config/Windows/Engine.ini]
[2022.02.09-15.52.25:799][  0]LogConfig: Applying CVar settings from Section [ViewDistanceQuality@3] File [D:/MyGameProjects/2022-yr1-team-icarus/Inverted/Saved/Config/Windows/Scalability.ini]
[2022.02.09-15.52.25:799][  0]LogConfig: Setting CVar [[r.SkeletalMeshLODBias:0]]
[2022.02.09-15.52.25:799][  0]LogConfig: Setting CVar [[r.ViewDistanceScale:1.0]]
[2022.02.09-15.52.25:799][  0]LogConfig: Applying CVar settings from Section [AntiAliasingQuality@3] File [D:/MyGameProjects/2022-yr1-team-icarus/Inverted/Saved/Config/Windows/Scalability.ini]
[2022.02.09-15.52.25:799][  0]LogConfig: Setting CVar [[r.PostProcessAAQuality:4]]
[2022.02.09-15.52.25:799][  0]LogConfig: Applying CVar settings from Section [ShadowQuality@3] File [D:/MyGameProjects/2022-yr1-team-icarus/Inverted/Saved/Config/Windows/Scalability.ini]
[2022.02.09-15.52.25:799][  0]LogConfig: Setting CVar [[r.LightFunctionQuality:1]]
[2022.02.09-15.52.25:799][  0]LogConfig: Setting CVar [[r.ShadowQuality:5]]
[2022.02.09-15.52.25:799][  0]LogConfig: Setting CVar [[r.Shadow.CSM.MaxCascades:10]]
[2022.02.09-15.52.25:799][  0]LogConfig: Setting CVar [[r.Shadow.MaxResolution:2048]]
[2022.02.09-15.52.25:799][  0]LogConfig: Setting CVar [[r.Shadow.MaxCSMResolution:2048]]
[2022.02.09-15.52.25:799][  0]LogConfig: Setting CVar [[r.Shadow.RadiusThreshold:0.01]]
[2022.02.09-15.52.25:799][  0]LogConfig: Setting CVar [[r.Shadow.DistanceScale:1.0]]
[2022.02.09-15.52.25:799][  0]LogConfig: Setting CVar [[r.Shadow.CSM.TransitionScale:1.0]]
[2022.02.09-15.52.25:799][  0]LogConfig: Setting CVar [[r.Shadow.PreShadowResolutionFactor:1.0]]
[2022.02.09-15.52.25:799][  0]LogConfig: Setting CVar [[r.DistanceFieldShadowing:1]]
[2022.02.09-15.52.25:799][  0]LogConfig: Setting CVar [[r.DistanceFieldAO:1]]
[2022.02.09-15.52.25:799][  0]LogConfig: Setting CVar [[r.AOQuality:2]]
[2022.02.09-15.52.25:799][  0]LogConfig: Setting CVar [[r.VolumetricFog:1]]
[2022.02.09-15.52.25:799][  0]LogConfig: Setting CVar [[r.VolumetricFog.GridPixelSize:8]]
[2022.02.09-15.52.25:799][  0]LogConfig: Setting CVar [[r.VolumetricFog.GridSizeZ:128]]
[2022.02.09-15.52.25:799][  0]LogConfig: Setting CVar [[r.VolumetricFog.HistoryMissSupersampleCount:4]]
[2022.02.09-15.52.25:799][  0]LogConfig: Setting CVar [[r.LightMaxDrawDistanceScale:1]]
[2022.02.09-15.52.25:799][  0]LogConfig: Setting CVar [[r.CapsuleShadows:1]]
[2022.02.09-15.52.25:799][  0]LogConfig: Applying CVar settings from Section [PostProcessQuality@3] File [D:/MyGameProjects/2022-yr1-team-icarus/Inverted/Saved/Config/Windows/Scalability.ini]
[2022.02.09-15.52.25:799][  0]LogConfig: Setting CVar [[r.MotionBlurQuality:4]]
[2022.02.09-15.52.25:799][  0]LogConfig: Setting CVar [[r.AmbientOcclusionMipLevelFactor:0.4]]
[2022.02.09-15.52.25:799][  0]LogConfig: Setting CVar [[r.AmbientOcclusionMaxQuality:100]]
[2022.02.09-15.52.25:799][  0]LogConfig: Setting CVar [[r.AmbientOcclusionLevels:-1]]
[2022.02.09-15.52.25:799][  0]LogConfig: Setting CVar [[r.AmbientOcclusionRadiusScale:1.0]]
[2022.02.09-15.52.25:799][  0]LogConfig: Setting CVar [[r.DepthOfFieldQuality:2]]
[2022.02.09-15.52.25:799][  0]LogConfig: Setting CVar [[r.RenderTargetPoolMin:400]]
[2022.02.09-15.52.25:799][  0]LogConfig: Setting CVar [[r.LensFlareQuality:2]]
[2022.02.09-15.52.25:799][  0]LogConfig: Setting CVar [[r.SceneColorFringeQuality:1]]
[2022.02.09-15.52.25:799][  0]LogConfig: Setting CVar [[r.EyeAdaptationQuality:2]]
[2022.02.09-15.52.25:799][  0]LogConfig: Setting CVar [[r.BloomQuality:5]]
[2022.02.09-15.52.25:799][  0]LogConfig: Setting CVar [[r.FastBlurThreshold:100]]
[2022.02.09-15.52.25:799][  0]LogConfig: Setting CVar [[r.Upscale.Quality:3]]
[2022.02.09-15.52.25:799][  0]LogConfig: Setting CVar [[r.Tonemapper.GrainQuantization:1]]
[2022.02.09-15.52.25:799][  0]LogConfig: Setting CVar [[r.LightShaftQuality:1]]
[2022.02.09-15.52.25:799][  0]LogConfig: Setting CVar [[r.Filter.SizeScale:1]]
[2022.02.09-15.52.25:799][  0]LogConfig: Setting CVar [[r.Tonemapper.Quality:5]]
[2022.02.09-15.52.25:799][  0]LogConfig: Setting CVar [[r.DOF.Gather.AccumulatorQuality:1        ; higher gathering accumulator quality]]
[2022.02.09-15.52.25:799][  0]LogConfig: Setting CVar [[r.DOF.Gather.PostfilterMethod:1          ; Median3x3 postfilering method]]
[2022.02.09-15.52.25:799][  0]LogConfig: Setting CVar [[r.DOF.Gather.EnableBokehSettings:0       ; no bokeh simulation when gathering]]
[2022.02.09-15.52.25:799][  0]LogConfig: Setting CVar [[r.DOF.Gather.RingCount:4                 ; medium number of samples when gathering]]
[2022.02.09-15.52.25:799][  0]LogConfig: Setting CVar [[r.DOF.Scatter.ForegroundCompositing:1    ; additive foreground scattering]]
[2022.02.09-15.52.25:799][  0]LogConfig: Setting CVar [[r.DOF.Scatter.BackgroundCompositing:2    ; additive background scattering]]
[2022.02.09-15.52.25:799][  0]LogConfig: Setting CVar [[r.DOF.Scatter.EnableBokehSettings:1      ; bokeh simulation when scattering]]
[2022.02.09-15.52.25:799][  0]LogConfig: Setting CVar [[r.DOF.Scatter.MaxSpriteRatio:0.1         ; only a maximum of 10% of scattered bokeh]]
[2022.02.09-15.52.25:799][  0]LogConfig: Setting CVar [[r.DOF.Recombine.Quality:1                ; cheap slight out of focus]]
[2022.02.09-15.52.25:799][  0]LogConfig: Setting CVar [[r.DOF.Recombine.EnableBokehSettings:0    ; no bokeh simulation on slight out of focus]]
[2022.02.09-15.52.25:799][  0]LogConfig: Setting CVar [[r.DOF.TemporalAAQuality:1                ; more stable temporal accumulation]]
[2022.02.09-15.52.25:799][  0]LogConfig: Setting CVar [[r.DOF.Kernel.MaxForegroundRadius:0.025]]
[2022.02.09-15.52.25:799][  0]LogConfig: Setting CVar [[r.DOF.Kernel.MaxBackgroundRadius:0.025]]
[2022.02.09-15.52.25:799][  0]LogConfig: Applying CVar settings from Section [TextureQuality@3] File [D:/MyGameProjects/2022-yr1-team-icarus/Inverted/Saved/Config/Windows/Scalability.ini]
[2022.02.09-15.52.25:799][  0]LogConfig: Setting CVar [[r.Streaming.MipBias:0]]
[2022.02.09-15.52.25:799][  0]LogConfig: Setting CVar [[r.Streaming.AmortizeCPUToGPUCopy:0]]
[2022.02.09-15.52.25:799][  0]LogConfig: Setting CVar [[r.Streaming.MaxNumTexturesToStreamPerFrame:0]]
[2022.02.09-15.52.25:799][  0]LogConfig: Setting CVar [[r.Streaming.Boost:1]]
[2022.02.09-15.52.25:799][  0]LogConfig: Setting CVar [[r.MaxAnisotropy:8]]
[2022.02.09-15.52.25:799][  0]LogConfig: Setting CVar [[r.VT.MaxAnisotropy:8]]
[2022.02.09-15.52.25:799][  0]LogConfig: Setting CVar [[r.Streaming.LimitPoolSizeToVRAM:0]]
[2022.02.09-15.52.25:799][  0]LogConfig: Setting CVar [[r.Streaming.PoolSize:1000]]
[2022.02.09-15.52.25:799][  0]LogConfig: Setting CVar [[r.Streaming.MaxEffectiveScreenSize:0]]
[2022.02.09-15.52.25:799][  0]LogConfig: Applying CVar settings from Section [EffectsQuality@3] File [D:/MyGameProjects/2022-yr1-team-icarus/Inverted/Saved/Config/Windows/Scalability.ini]
[2022.02.09-15.52.25:799][  0]LogConfig: Setting CVar [[r.TranslucencyLightingVolumeDim:64]]
[2022.02.09-15.52.25:799][  0]LogConfig: Setting CVar [[r.RefractionQuality:2]]
[2022.02.09-15.52.25:799][  0]LogConfig: Setting CVar [[r.SSR.Quality:3]]
[2022.02.09-15.52.25:799][  0]LogConfig: Setting CVar [[r.SSR.HalfResSceneColor:0]]
[2022.02.09-15.52.25:799][  0]LogConfig: Setting CVar [[r.SceneColorFormat:4]]
[2022.02.09-15.52.25:800][  0]LogConfig: Setting CVar [[r.DetailMode:2]]
[2022.02.09-15.52.25:800][  0]LogConfig: Setting CVar [[r.TranslucencyVolumeBlur:1]]
[2022.02.09-15.52.25:800][  0]LogConfig: Setting CVar [[r.MaterialQualityLevel:1 ; High quality]]
[2022.02.09-15.52.25:800][  0]LogConfig: Setting CVar [[r.SSS.Scale:1]]
[2022.02.09-15.52.25:800][  0]LogConfig: Setting CVar [[r.SSS.SampleSet:2]]
[2022.02.09-15.52.25:800][  0]LogConfig: Setting CVar [[r.SSS.Quality:1]]
[2022.02.09-15.52.25:800][  0]LogConfig: Setting CVar [[r.SSS.HalfRes:0]]
[2022.02.09-15.52.25:800][  0]LogConfig: Setting CVar [[r.SSGI.Quality:3]]
[2022.02.09-15.52.25:800][  0]LogConfig: Setting CVar [[r.EmitterSpawnRateScale:1.0]]
[2022.02.09-15.52.25:800][  0]LogConfig: Setting CVar [[r.ParticleLightQuality:2]]
[2022.02.09-15.52.25:800][  0]LogConfig: Setting CVar [[r.SkyAtmosphere.AerialPerspectiveLUT.FastApplyOnOpaque:1 ; Always have FastSkyLUT 1 in this case to avoid wrong sky]]
[2022.02.09-15.52.25:800][  0]LogConfig: Setting CVar [[r.SkyAtmosphere.AerialPerspectiveLUT.SampleCountPerSlice:1]]
[2022.02.09-15.52.25:800][  0]LogConfig: Setting CVar [[r.SkyAtmosphere.AerialPerspectiveLUT.DepthResolution:16.0]]
[2022.02.09-15.52.25:800][  0]LogConfig: Setting CVar [[r.SkyAtmosphere.FastSkyLUT:1]]
[2022.02.09-15.52.25:800][  0]LogConfig: Setting CVar [[r.SkyAtmosphere.FastSkyLUT.SampleCountMin:4.0]]
[2022.02.09-15.52.25:800][  0]LogConfig: Setting CVar [[r.SkyAtmosphere.FastSkyLUT.SampleCountMax:32.0]]
[2022.02.09-15.52.25:800][  0]LogConfig: Setting CVar [[r.SkyAtmosphere.SampleCountMin:4.0]]
[2022.02.09-15.52.25:800][  0]LogConfig: Setting CVar [[r.SkyAtmosphere.SampleCountMax:32.0]]
[2022.02.09-15.52.25:800][  0]LogConfig: Setting CVar [[r.SkyAtmosphere.TransmittanceLUT.UseSmallFormat:0]]
[2022.02.09-15.52.25:800][  0]LogConfig: Setting CVar [[r.SkyAtmosphere.TransmittanceLUT.SampleCount:10.0]]
[2022.02.09-15.52.25:800][  0]LogConfig: Setting CVar [[r.SkyAtmosphere.MultiScatteringLUT.SampleCount:15.0]]
[2022.02.09-15.52.25:800][  0]LogConfig: Applying CVar settings from Section [FoliageQuality@3] File [D:/MyGameProjects/2022-yr1-team-icarus/Inverted/Saved/Config/Windows/Scalability.ini]
[2022.02.09-15.52.25:800][  0]LogConfig: Setting CVar [[foliage.DensityScale:1.0]]
[2022.02.09-15.52.25:800][  0]LogConfig: Setting CVar [[grass.DensityScale:1.0]]
[2022.02.09-15.52.25:800][  0]LogConfig: Applying CVar settings from Section [ShadingQuality@3] File [D:/MyGameProjects/2022-yr1-team-icarus/Inverted/Saved/Config/Windows/Scalability.ini]
[2022.02.09-15.52.25:800][  0]LogConfig: Setting CVar [[r.HairStrands.SkyLighting.SampleCount:16]]
[2022.02.09-15.52.25:800][  0]LogConfig: Setting CVar [[r.HairStrands.SkyLighting.JitterIntegration:0]]
[2022.02.09-15.52.25:800][  0]LogConfig: Setting CVar [[r.HairStrands.SkyAO.SampleCount:16]]
[2022.02.09-15.52.25:800][  0]LogConfig: Setting CVar [[r.HairStrands.DeepShadow.SuperSampling:0]]
[2022.02.09-15.52.25:800][  0]LogConfig: Setting CVar [[r.HairStrands.VisibilityPPLL:0]]
[2022.02.09-15.52.25:800][  0]LogConfig: Setting CVar [[r.HairStrands.RasterizationScale:0.5]]
[2022.02.09-15.52.25:800][  0]LogConfig: Setting CVar [[r.HairStrands.VelocityRasterizationScale:1]]
[2022.02.09-15.52.25:800][  0]LogInit: Selected Device Profile: [Windows]
[2022.02.09-15.52.25:800][  0]LogInit: Applying CVar settings loaded from the selected device profile: [Windows]
[2022.02.09-15.52.25:800][  0]LogHAL: Display: Platform has ~ 16 GB [17032126464 / 17179869184 / 16], which maps to Larger [LargestMinGB=32, LargerMinGB=12, DefaultMinGB=8, SmallerMinGB=6, SmallestMinGB=0)
[2022.02.09-15.52.25:800][  0]LogInit: Going up to parent DeviceProfile []
[2022.02.09-15.52.25:800][  0]LogConfig: Applying CVar settings from Section [ViewDistanceQuality@3] File [D:/MyGameProjects/2022-yr1-team-icarus/Inverted/Saved/Config/Windows/Scalability.ini]
[2022.02.09-15.52.25:800][  0]LogConfig: Setting CVar [[r.SkeletalMeshLODBias:0]]
[2022.02.09-15.52.25:800][  0]LogConfig: Setting CVar [[r.ViewDistanceScale:1.0]]
[2022.02.09-15.52.25:800][  0]LogConfig: Applying CVar settings from Section [AntiAliasingQuality@3] File [D:/MyGameProjects/2022-yr1-team-icarus/Inverted/Saved/Config/Windows/Scalability.ini]
[2022.02.09-15.52.25:800][  0]LogConfig: Setting CVar [[r.PostProcessAAQuality:4]]
[2022.02.09-15.52.25:800][  0]LogConfig: Applying CVar settings from Section [ShadowQuality@3] File [D:/MyGameProjects/2022-yr1-team-icarus/Inverted/Saved/Config/Windows/Scalability.ini]
[2022.02.09-15.52.25:800][  0]LogConfig: Setting CVar [[r.LightFunctionQuality:1]]
[2022.02.09-15.52.25:800][  0]LogConfig: Setting CVar [[r.ShadowQuality:5]]
[2022.02.09-15.52.25:800][  0]LogConfig: Setting CVar [[r.Shadow.CSM.MaxCascades:10]]
[2022.02.09-15.52.25:800][  0]LogConfig: Setting CVar [[r.Shadow.MaxResolution:2048]]
[2022.02.09-15.52.25:800][  0]LogConfig: Setting CVar [[r.Shadow.MaxCSMResolution:2048]]
[2022.02.09-15.52.25:800][  0]LogConfig: Setting CVar [[r.Shadow.RadiusThreshold:0.01]]
[2022.02.09-15.52.25:800][  0]LogConfig: Setting CVar [[r.Shadow.DistanceScale:1.0]]
[2022.02.09-15.52.25:800][  0]LogConfig: Setting CVar [[r.Shadow.CSM.TransitionScale:1.0]]
[2022.02.09-15.52.25:800][  0]LogConfig: Setting CVar [[r.Shadow.PreShadowResolutionFactor:1.0]]
[2022.02.09-15.52.25:800][  0]LogConfig: Setting CVar [[r.DistanceFieldShadowing:1]]
[2022.02.09-15.52.25:800][  0]LogConfig: Setting CVar [[r.DistanceFieldAO:1]]
[2022.02.09-15.52.25:800][  0]LogConfig: Setting CVar [[r.AOQuality:2]]
[2022.02.09-15.52.25:800][  0]LogConfig: Setting CVar [[r.VolumetricFog:1]]
[2022.02.09-15.52.25:800][  0]LogConfig: Setting CVar [[r.VolumetricFog.GridPixelSize:8]]
[2022.02.09-15.52.25:800][  0]LogConfig: Setting CVar [[r.VolumetricFog.GridSizeZ:128]]
[2022.02.09-15.52.25:800][  0]LogConfig: Setting CVar [[r.VolumetricFog.HistoryMissSupersampleCount:4]]
[2022.02.09-15.52.25:800][  0]LogConfig: Setting CVar [[r.LightMaxDrawDistanceScale:1]]
[2022.02.09-15.52.25:800][  0]LogConfig: Setting CVar [[r.CapsuleShadows:1]]
[2022.02.09-15.52.25:800][  0]LogConfig: Applying CVar settings from Section [PostProcessQuality@3] File [D:/MyGameProjects/2022-yr1-team-icarus/Inverted/Saved/Config/Windows/Scalability.ini]
[2022.02.09-15.52.25:800][  0]LogConfig: Setting CVar [[r.MotionBlurQuality:4]]
[2022.02.09-15.52.25:800][  0]LogConfig: Setting CVar [[r.AmbientOcclusionMipLevelFactor:0.4]]
[2022.02.09-15.52.25:800][  0]LogConfig: Setting CVar [[r.AmbientOcclusionMaxQuality:100]]
[2022.02.09-15.52.25:800][  0]LogConfig: Setting CVar [[r.AmbientOcclusionLevels:-1]]
[2022.02.09-15.52.25:800][  0]LogConfig: Setting CVar [[r.AmbientOcclusionRadiusScale:1.0]]
[2022.02.09-15.52.25:800][  0]LogConfig: Setting CVar [[r.DepthOfFieldQuality:2]]
[2022.02.09-15.52.25:800][  0]LogConfig: Setting CVar [[r.RenderTargetPoolMin:400]]
[2022.02.09-15.52.25:800][  0]LogConfig: Setting CVar [[r.LensFlareQuality:2]]
[2022.02.09-15.52.25:800][  0]LogConfig: Setting CVar [[r.SceneColorFringeQuality:1]]
[2022.02.09-15.52.25:800][  0]LogConfig: Setting CVar [[r.EyeAdaptationQuality:2]]
[2022.02.09-15.52.25:800][  0]LogConfig: Setting CVar [[r.BloomQuality:5]]
[2022.02.09-15.52.25:800][  0]LogConfig: Setting CVar [[r.FastBlurThreshold:100]]
[2022.02.09-15.52.25:800][  0]LogConfig: Setting CVar [[r.Upscale.Quality:3]]
[2022.02.09-15.52.25:800][  0]LogConfig: Setting CVar [[r.Tonemapper.GrainQuantization:1]]
[2022.02.09-15.52.25:800][  0]LogConfig: Setting CVar [[r.LightShaftQuality:1]]
[2022.02.09-15.52.25:800][  0]LogConfig: Setting CVar [[r.Filter.SizeScale:1]]
[2022.02.09-15.52.25:800][  0]LogConfig: Setting CVar [[r.Tonemapper.Quality:5]]
[2022.02.09-15.52.25:800][  0]LogConfig: Setting CVar [[r.DOF.Gather.AccumulatorQuality:1        ; higher gathering accumulator quality]]
[2022.02.09-15.52.25:800][  0]LogConfig: Setting CVar [[r.DOF.Gather.PostfilterMethod:1          ; Median3x3 postfilering method]]
[2022.02.09-15.52.25:800][  0]LogConfig: Setting CVar [[r.DOF.Gather.EnableBokehSettings:0       ; no bokeh simulation when gathering]]
[2022.02.09-15.52.25:801][  0]LogConfig: Setting CVar [[r.DOF.Gather.RingCount:4                 ; medium number of samples when gathering]]
[2022.02.09-15.52.25:801][  0]LogConfig: Setting CVar [[r.DOF.Scatter.ForegroundCompositing:1    ; additive foreground scattering]]
[2022.02.09-15.52.25:801][  0]LogConfig: Setting CVar [[r.DOF.Scatter.BackgroundCompositing:2    ; additive background scattering]]
[2022.02.09-15.52.25:801][  0]LogConfig: Setting CVar [[r.DOF.Scatter.EnableBokehSettings:1      ; bokeh simulation when scattering]]
[2022.02.09-15.52.25:801][  0]LogConfig: Setting CVar [[r.DOF.Scatter.MaxSpriteRatio:0.1         ; only a maximum of 10% of scattered bokeh]]
[2022.02.09-15.52.25:801][  0]LogConfig: Setting CVar [[r.DOF.Recombine.Quality:1                ; cheap slight out of focus]]
[2022.02.09-15.52.25:801][  0]LogConfig: Setting CVar [[r.DOF.Recombine.EnableBokehSettings:0    ; no bokeh simulation on slight out of focus]]
[2022.02.09-15.52.25:801][  0]LogConfig: Setting CVar [[r.DOF.TemporalAAQuality:1                ; more stable temporal accumulation]]
[2022.02.09-15.52.25:801][  0]LogConfig: Setting CVar [[r.DOF.Kernel.MaxForegroundRadius:0.025]]
[2022.02.09-15.52.25:801][  0]LogConfig: Setting CVar [[r.DOF.Kernel.MaxBackgroundRadius:0.025]]
[2022.02.09-15.52.25:801][  0]LogConfig: Applying CVar settings from Section [TextureQuality@3] File [D:/MyGameProjects/2022-yr1-team-icarus/Inverted/Saved/Config/Windows/Scalability.ini]
[2022.02.09-15.52.25:801][  0]LogConfig: Setting CVar [[r.Streaming.MipBias:0]]
[2022.02.09-15.52.25:801][  0]LogConfig: Setting CVar [[r.Streaming.AmortizeCPUToGPUCopy:0]]
[2022.02.09-15.52.25:801][  0]LogConfig: Setting CVar [[r.Streaming.MaxNumTexturesToStreamPerFrame:0]]
[2022.02.09-15.52.25:801][  0]LogConfig: Setting CVar [[r.Streaming.Boost:1]]
[2022.02.09-15.52.25:801][  0]LogConfig: Setting CVar [[r.MaxAnisotropy:8]]
[2022.02.09-15.52.25:801][  0]LogConfig: Setting CVar [[r.VT.MaxAnisotropy:8]]
[2022.02.09-15.52.25:801][  0]LogConfig: Setting CVar [[r.Streaming.LimitPoolSizeToVRAM:0]]
[2022.02.09-15.52.25:801][  0]LogConfig: Setting CVar [[r.Streaming.PoolSize:1000]]
[2022.02.09-15.52.25:801][  0]LogConfig: Setting CVar [[r.Streaming.MaxEffectiveScreenSize:0]]
[2022.02.09-15.52.25:801][  0]LogConfig: Applying CVar settings from Section [EffectsQuality@3] File [D:/MyGameProjects/2022-yr1-team-icarus/Inverted/Saved/Config/Windows/Scalability.ini]
[2022.02.09-15.52.25:801][  0]LogConfig: Setting CVar [[r.TranslucencyLightingVolumeDim:64]]
[2022.02.09-15.52.25:801][  0]LogConfig: Setting CVar [[r.RefractionQuality:2]]
[2022.02.09-15.52.25:801][  0]LogConfig: Setting CVar [[r.SSR.Quality:3]]
[2022.02.09-15.52.25:801][  0]LogConfig: Setting CVar [[r.SSR.HalfResSceneColor:0]]
[2022.02.09-15.52.25:801][  0]LogConfig: Setting CVar [[r.SceneColorFormat:4]]
[2022.02.09-15.52.25:801][  0]LogConfig: Setting CVar [[r.DetailMode:2]]
[2022.02.09-15.52.25:801][  0]LogConfig: Setting CVar [[r.TranslucencyVolumeBlur:1]]
[2022.02.09-15.52.25:801][  0]LogConfig: Setting CVar [[r.MaterialQualityLevel:1 ; High quality]]
[2022.02.09-15.52.25:801][  0]LogConfig: Setting CVar [[r.SSS.Scale:1]]
[2022.02.09-15.52.25:801][  0]LogConfig: Setting CVar [[r.SSS.SampleSet:2]]
[2022.02.09-15.52.25:801][  0]LogConfig: Setting CVar [[r.SSS.Quality:1]]
[2022.02.09-15.52.25:801][  0]LogConfig: Setting CVar [[r.SSS.HalfRes:0]]
[2022.02.09-15.52.25:801][  0]LogConfig: Setting CVar [[r.SSGI.Quality:3]]
[2022.02.09-15.52.25:801][  0]LogConfig: Setting CVar [[r.EmitterSpawnRateScale:1.0]]
[2022.02.09-15.52.25:801][  0]LogConfig: Setting CVar [[r.ParticleLightQuality:2]]
[2022.02.09-15.52.25:801][  0]LogConfig: Setting CVar [[r.SkyAtmosphere.AerialPerspectiveLUT.FastApplyOnOpaque:1 ; Always have FastSkyLUT 1 in this case to avoid wrong sky]]
[2022.02.09-15.52.25:801][  0]LogConfig: Setting CVar [[r.SkyAtmosphere.AerialPerspectiveLUT.SampleCountPerSlice:1]]
[2022.02.09-15.52.25:801][  0]LogConfig: Setting CVar [[r.SkyAtmosphere.AerialPerspectiveLUT.DepthResolution:16.0]]
[2022.02.09-15.52.25:801][  0]LogConfig: Setting CVar [[r.SkyAtmosphere.FastSkyLUT:1]]
[2022.02.09-15.52.25:801][  0]LogConfig: Setting CVar [[r.SkyAtmosphere.FastSkyLUT.SampleCountMin:4.0]]
[2022.02.09-15.52.25:801][  0]LogConfig: Setting CVar [[r.SkyAtmosphere.FastSkyLUT.SampleCountMax:32.0]]
[2022.02.09-15.52.25:801][  0]LogConfig: Setting CVar [[r.SkyAtmosphere.SampleCountMin:4.0]]
[2022.02.09-15.52.25:801][  0]LogConfig: Setting CVar [[r.SkyAtmosphere.SampleCountMax:32.0]]
[2022.02.09-15.52.25:801][  0]LogConfig: Setting CVar [[r.SkyAtmosphere.TransmittanceLUT.UseSmallFormat:0]]
[2022.02.09-15.52.25:801][  0]LogConfig: Setting CVar [[r.SkyAtmosphere.TransmittanceLUT.SampleCount:10.0]]
[2022.02.09-15.52.25:801][  0]LogConfig: Setting CVar [[r.SkyAtmosphere.MultiScatteringLUT.SampleCount:15.0]]
[2022.02.09-15.52.25:801][  0]LogConfig: Applying CVar settings from Section [FoliageQuality@3] File [D:/MyGameProjects/2022-yr1-team-icarus/Inverted/Saved/Config/Windows/Scalability.ini]
[2022.02.09-15.52.25:801][  0]LogConfig: Setting CVar [[foliage.DensityScale:1.0]]
[2022.02.09-15.52.25:801][  0]LogConfig: Setting CVar [[grass.DensityScale:1.0]]
[2022.02.09-15.52.25:801][  0]LogConfig: Applying CVar settings from Section [ShadingQuality@3] File [D:/MyGameProjects/2022-yr1-team-icarus/Inverted/Saved/Config/Windows/Scalability.ini]
[2022.02.09-15.52.25:801][  0]LogConfig: Setting CVar [[r.HairStrands.SkyLighting.SampleCount:16]]
[2022.02.09-15.52.25:801][  0]LogConfig: Setting CVar [[r.HairStrands.SkyLighting.JitterIntegration:0]]
[2022.02.09-15.52.25:801][  0]LogConfig: Setting CVar [[r.HairStrands.SkyAO.SampleCount:16]]
[2022.02.09-15.52.25:801][  0]LogConfig: Setting CVar [[r.HairStrands.DeepShadow.SuperSampling:0]]
[2022.02.09-15.52.25:801][  0]LogConfig: Setting CVar [[r.HairStrands.VisibilityPPLL:0]]
[2022.02.09-15.52.25:801][  0]LogConfig: Setting CVar [[r.HairStrands.RasterizationScale:0.5]]
[2022.02.09-15.52.25:801][  0]LogConfig: Setting CVar [[r.HairStrands.VelocityRasterizationScale:1]]
[2022.02.09-15.52.25:801][  0]LogConfig: Applying CVar settings from Section [Startup] File [../../../Engine/Config/ConsoleVariables.ini]
[2022.02.09-15.52.25:801][  0]LogConfig: Setting CVar [[net.UseAdaptiveNetUpdateFrequency:0]]
[2022.02.09-15.52.25:801][  0]LogConfig: Setting CVar [[p.chaos.AllowCreatePhysxBodies:1]]
[2022.02.09-15.52.25:801][  0]LogConfig: Setting CVar [[fx.SkipVectorVMBackendOptimizations:1]]
[2022.02.09-15.52.25:801][  0]LogConfig: Applying CVar settings from Section [ConsoleVariables] File [D:/MyGameProjects/2022-yr1-team-icarus/Inverted/Saved/Config/Windows/Engine.ini]
[2022.02.09-15.52.25:801][  0]LogInit: Computer: DARBOS-LAPTOP
[2022.02.09-15.52.25:802][  0]LogInit: User: muscl
[2022.02.09-15.52.25:802][  0]LogInit: CPU Page size=4096, Cores=6
[2022.02.09-15.52.25:802][  0]LogInit: High frequency timer resolution =10.000000 MHz
[2022.02.09-15.52.25:802][  0]LogMemory: Memory total: Physical=15.9GB (16GB approx)
[2022.02.09-15.52.25:802][  0]LogMemory: Platform Memory Stats for Windows
[2022.02.09-15.52.25:802][  0]LogMemory: Process Physical Memory: 114.80 MB used, 114.81 MB peak
[2022.02.09-15.52.25:802][  0]LogMemory: Process Virtual Memory: 96.98 MB used, 96.98 MB peak
[2022.02.09-15.52.25:802][  0]LogMemory: Physical Memory: 5449.76 MB used,  10793.34 MB free, 16243.10 MB total
[2022.02.09-15.52.25:802][  0]LogMemory: Virtual Memory: 5166.64 MB used,  134212560.00 MB free, 134217728.00 MB total
[2022.02.09-15.52.25:806][  0]LogWindows: WindowsPlatformFeatures enabled
[2022.02.09-15.52.25:851][  0]LogInit: Physics initialised using underlying interface: PhysX
[2022.02.09-15.52.25:851][  0]LogInit: Using OS detected language (en-GB).
[2022.02.09-15.52.25:852][  0]LogInit: Using OS detected locale (en-GB).
[2022.02.09-15.52.25:854][  0]LogTextLocalizationManager: No specific localization for 'en-GB' exists, so the 'en' localization will be used.
[2022.02.09-15.52.26:015][  0]LogInit: Setting process to per monitor DPI aware
[2022.02.09-15.52.26:049][  0]LogSlate: New Slate User Created.  User Index 0, Is Virtual User: 0
[2022.02.09-15.52.26:049][  0]LogSlate: Slate User Registered.  User Index 0, Is Virtual User: 0
[2022.02.09-15.52.26:229][  0]LogHMD: Failed to initialize OpenVR with code 110
[2022.02.09-15.52.26:229][  0]LogD3D11RHI: D3D11 min allowed feature level: 11_0
[2022.02.09-15.52.26:229][  0]LogD3D11RHI: D3D11 max allowed feature level: 11_0
[2022.02.09-15.52.26:229][  0]LogD3D11RHI: D3D11 adapters:
[2022.02.09-15.52.27:290][  0]LogD3D11RHI:    0. 'NVIDIA GeForce GTX 1060' (Feature Level 11_0)
[2022.02.09-15.52.27:290][  0]LogD3D11RHI:       6052/0/8121 MB DedicatedVideo/DedicatedSystem/SharedSystem, Outputs:1, VendorId:0x10de
[2022.02.09-15.52.27:324][  0]LogD3D11RHI:    1. 'Intel(R) UHD Graphics 630' (Feature Level 11_0)
[2022.02.09-15.52.27:324][  0]LogD3D11RHI:       128/0/8121 MB DedicatedVideo/DedicatedSystem/SharedSystem, Outputs:0, VendorId:0x8086
[2022.02.09-15.52.27:326][  0]LogD3D11RHI:    2. 'Microsoft Basic Render Driver' (Feature Level 11_0)
[2022.02.09-15.52.27:326][  0]LogD3D11RHI:       0/0/8121 MB DedicatedVideo/DedicatedSystem/SharedSystem, Outputs:0, VendorId:0x1414
[2022.02.09-15.52.27:326][  0]LogD3D11RHI: Chosen D3D11 Adapter: 0
[2022.02.09-15.52.27:331][  0]LogD3D11RHI: Creating new Direct3DDevice
[2022.02.09-15.52.27:331][  0]LogD3D11RHI:     GPU DeviceId: 0x1c20 (for the marketing name, search the web for "GPU Device Id")
[2022.02.09-15.52.27:331][  0]LogWindows: EnumDisplayDevices:
[2022.02.09-15.52.27:331][  0]LogWindows:    0. 'Intel(R) UHD Graphics 630' (P:1 D:1)
[2022.02.09-15.52.27:331][  0]LogWindows:    1. 'Intel(R) UHD Graphics 630' (P:0 D:0)
[2022.02.09-15.52.27:331][  0]LogWindows:    2. 'Intel(R) UHD Graphics 630' (P:0 D:0)
[2022.02.09-15.52.27:332][  0]LogWindows:    3. 'NVIDIA GeForce GTX 1060' (P:0 D:0)
[2022.02.09-15.52.27:332][  0]LogWindows:    4. 'NVIDIA GeForce GTX 1060' (P:0 D:0)
[2022.02.09-15.52.27:332][  0]LogWindows:    5. 'NVIDIA GeForce GTX 1060' (P:0 D:0)
[2022.02.09-15.52.27:333][  0]LogWindows:    6. 'NVIDIA GeForce GTX 1060' (P:0 D:0)
[2022.02.09-15.52.27:333][  0]LogWindows: DebugString: PrimaryIsNotTheChoosenAdapter PrimaryIsNotTheChoosenAdapter PrimaryIsNotTheChoosenAdapter FoundDriverCount:4 
[2022.02.09-15.52.27:333][  0]LogD3D11RHI:     Adapter Name: NVIDIA GeForce GTX 1060
[2022.02.09-15.52.27:333][  0]LogD3D11RHI:   Driver Version: 461.40 (internal:27.21.14.6140, unified:461.40)
[2022.02.09-15.52.27:333][  0]LogD3D11RHI:      Driver Date: 1-22-2021
[2022.02.09-15.52.27:333][  0]LogRHI: Texture pool is 4236 MB (70% of 6052 MB)
[2022.02.09-15.52.27:412][  0]LogD3D11RHI: RHI has support for 64 bit atomics
[2022.02.09-15.52.27:412][  0]LogD3D11RHI: Async texture creation enabled
[2022.02.09-15.52.27:412][  0]LogD3D11RHI: Array index from any shader is supported
[2022.02.09-15.52.27:432][  0]LogD3D11RHI: GPU Timing Frequency: 1000.000000 (Debug: 2 1)
[2022.02.09-15.52.27:717][  0]LogTargetPlatformManager: Display: Loaded TargetPlatform 'AllDesktop'
[2022.02.09-15.52.27:737][  0]LogTargetPlatformManager: Display: Loaded TargetPlatform 'Android'
[2022.02.09-15.52.27:737][  0]LogTargetPlatformManager: Display: Loaded TargetPlatform 'Android_ASTC'
[2022.02.09-15.52.27:737][  0]LogTargetPlatformManager: Display: Loaded TargetPlatform 'Android_DXT'
[2022.02.09-15.52.27:737][  0]LogTargetPlatformManager: Display: Loaded TargetPlatform 'Android_ETC2'
[2022.02.09-15.52.27:737][  0]LogTargetPlatformManager: Display: Loaded TargetPlatform 'AndroidClient'
[2022.02.09-15.52.27:737][  0]LogTargetPlatformManager: Display: Loaded TargetPlatform 'Android_ASTCClient'
[2022.02.09-15.52.27:737][  0]LogTargetPlatformManager: Display: Loaded TargetPlatform 'Android_DXTClient'
[2022.02.09-15.52.27:737][  0]LogTargetPlatformManager: Display: Loaded TargetPlatform 'Android_ETC2Client'
[2022.02.09-15.52.27:737][  0]LogTargetPlatformManager: Display: Loaded TargetPlatform 'Android_Multi'
[2022.02.09-15.52.27:737][  0]LogTargetPlatformManager: Display: Loaded TargetPlatform 'Android_MultiClient'
[2022.02.09-15.52.27:757][  0]LogTargetPlatformManager: Display: Loaded TargetPlatform 'IOSClient'
[2022.02.09-15.52.27:757][  0]LogTargetPlatformManager: Display: Loaded TargetPlatform 'IOS'
[2022.02.09-15.52.27:766][  0]LogTargetPlatformManager: Display: Loaded TargetPlatform 'Linux'
[2022.02.09-15.52.27:774][  0]LogTargetPlatformManager: Display: Loaded TargetPlatform 'LinuxNoEditor'
[2022.02.09-15.52.27:782][  0]LogTargetPlatformManager: Display: Loaded TargetPlatform 'LinuxClient'
[2022.02.09-15.52.27:790][  0]LogTargetPlatformManager: Display: Loaded TargetPlatform 'LinuxServer'
[2022.02.09-15.52.27:798][  0]LogTargetPlatformManager: Display: Loaded TargetPlatform 'LinuxAArch64NoEditor'
[2022.02.09-15.52.27:805][  0]LogTargetPlatformManager: Display: Loaded TargetPlatform 'LinuxAArch64Client'
[2022.02.09-15.52.27:814][  0]LogTargetPlatformManager: Display: Loaded TargetPlatform 'LinuxAArch64Server'
[2022.02.09-15.52.27:837][  0]LogTargetPlatformManager: Display: Loaded TargetPlatform 'Lumin'
[2022.02.09-15.52.27:837][  0]LogTargetPlatformManager: Display: Loaded TargetPlatform 'LuminClient'
[2022.02.09-15.52.27:851][  0]LogTargetPlatformManager: Display: Loaded TargetPlatform 'TVOSClient'
[2022.02.09-15.52.27:851][  0]LogTargetPlatformManager: Display: Loaded TargetPlatform 'TVOS'
[2022.02.09-15.52.27:859][  0]LogTargetPlatformManager: Display: Loaded TargetPlatform 'WindowsNoEditor'
[2022.02.09-15.52.27:867][  0]LogTargetPlatformManager: Display: Loaded TargetPlatform 'Windows'
[2022.02.09-15.52.27:875][  0]LogTargetPlatformManager: Display: Loaded TargetPlatform 'WindowsClient'
[2022.02.09-15.52.27:883][  0]LogTargetPlatformManager: Display: Loaded TargetPlatform 'WindowsServer'
[2022.02.09-15.52.27:883][  0]LogTargetPlatformManager: Display: Building Assets For Windows
[2022.02.09-15.52.27:889][  0]LogAudioDebug: Display: Lib vorbis DLL was dynamically loaded.
[2022.02.09-15.52.27:939][  0]LogShaderCompilers: Guid format shader working directory is -2 characters bigger than the processId version (D:/MyGameProjects/2022-yr1-team-icarus/Inverted/Intermediate/Shaders/WorkingDirectory/12460/).
[2022.02.09-15.52.27:939][  0]LogShaderCompilers: Cleaned the shader compiler working directory 'C:/Users/muscl/AppData/Local/Temp/UnrealShaderWorkingDir/99011EB34DDE3C738923A79452F8145F/'.
[2022.02.09-15.52.27:939][  0]LogXGEController: Cleaning working directory: C:/Users/muscl/AppData/Local/Temp/UnrealXGEWorkingDir/
[2022.02.09-15.52.27:940][  0]LogXGEController: Cannot use XGE Controller as Incredibuild is not installed on this machine.
[2022.02.09-15.52.27:940][  0]LogShaderCompilers: Cannot use XGE Shader Compiler as Incredibuild is not installed on this machine.
[2022.02.09-15.52.27:940][  0]LogShaderCompilers: Display: Using Local Shader Compiler.
[2022.02.09-15.52.28:615][  0]LogDerivedDataCache: Display: Max Cache Size: 512 MB
[2022.02.09-15.52.28:664][  0]LogDerivedDataCache: Loaded boot cache 0.05s 75MB C:/Users/muscl/AppData/Local/UnrealEngine/4.25/DerivedDataCache/Boot.ddc.
[2022.02.09-15.52.28:665][  0]LogDerivedDataCache: Display: Loaded Boot cache: C:/Users/muscl/AppData/Local/UnrealEngine/4.25/DerivedDataCache/Boot.ddc
[2022.02.09-15.52.28:665][  0]LogDerivedDataCache: FDerivedDataBackendGraph:  Pak pak cache file D:/MyGameProjects/2022-yr1-team-icarus/Inverted/DerivedDataCache/DDC.ddp not found, will not use a pak cache.
[2022.02.09-15.52.28:665][  0]LogDerivedDataCache: Unable to find inner node Pak for hierarchical cache Hierarchy.
[2022.02.09-15.52.28:665][  0]LogDerivedDataCache: FDerivedDataBackendGraph:  CompressedPak pak cache file D:/MyGameProjects/2022-yr1-team-icarus/Inverted/DerivedDataCache/Compressed.ddp not found, will not use a pak cache.
[2022.02.09-15.52.28:665][  0]LogDerivedDataCache: Unable to find inner node CompressedPak for hierarchical cache Hierarchy.
[2022.02.09-15.52.28:676][  0]LogDerivedDataCache: Display: Pak cache opened for reading ../../../Engine/DerivedDataCache/Compressed.ddp.
[2022.02.09-15.52.28:676][  0]LogDerivedDataCache: FDerivedDataBackendGraph:  EnterprisePak pak cache file ../../../Enterprise/DerivedDataCache/Compressed.ddp not found, will not use a pak cache.
[2022.02.09-15.52.28:676][  0]LogDerivedDataCache: Unable to find inner node EnterprisePak for hierarchical cache Hierarchy.
[2022.02.09-15.52.28:677][  0]LogDerivedDataCache: Using Local data cache path C:/Users/muscl/AppData/Local/UnrealEngine/Common/DerivedDataCache: Writable
[2022.02.09-15.52.28:677][  0]LogDerivedDataCache: Shared data cache path not found in *engine.ini, will not use an Shared cache.
[2022.02.09-15.52.28:677][  0]LogDerivedDataCache: Unable to find inner node Shared for hierarchical cache Hierarchy.
[2022.02.09-15.52.28:732][  0]LogSlate: Using FreeType 2.10.0
[2022.02.09-15.52.28:732][  0]LogSlate: SlateFontServices - WITH_FREETYPE: 1, WITH_HARFBUZZ: 1
[2022.02.09-15.52.28:764][  0]LogAssetRegistry: FAssetRegistry took 0.0025 seconds to start up
[2022.02.09-15.52.28:986][  0]LogInit: Selected Device Profile: [Windows]
[2022.02.09-15.52.29:264][  0]LogMeshReduction: Using QuadricMeshReduction for automatic static mesh reduction
[2022.02.09-15.52.29:264][  0]LogMeshReduction: Using SimplygonMeshReduction for automatic skeletal mesh reduction
[2022.02.09-15.52.29:264][  0]LogMeshReduction: Using ProxyLODMeshReduction for automatic mesh merging
[2022.02.09-15.52.29:264][  0]LogMeshReduction: No distributed automatic mesh merging module available
[2022.02.09-15.52.29:264][  0]LogMeshMerging: No distributed automatic mesh merging module available
[2022.02.09-15.52.29:277][  0]LogNetVersion: Inverted 1.0.0, NetCL: 13144385, EngineNetVer: 14, GameNetVer: 0 (Checksum: 3839550269)
[2022.02.09-15.52.29:715][  0]LogAISub: UAISubsystem::UAISubsystem AISubsystem (000001C1A2134340), frame # 0
[2022.02.09-15.52.29:715][  0]LogAISub: UAISubsystem::UAISubsystem AIPerceptionSystem (000001C1A20711C0), frame # 0
[2022.02.09-15.52.29:717][  0]LogAISub: UAISubsystem::UAISubsystem EnvQueryManager (000001C1A20B5E00), frame # 0
[2022.02.09-15.52.30:400][  0]LogPackageLocalizationCache: Processed 19 localized package path(s) for 1 prioritized culture(s) in 0.677051 seconds
[2022.02.09-15.52.30:405][  0]LogUObjectArray: 15917 objects as part of root set at end of initial load.
[2022.02.09-15.52.30:405][  0]LogUObjectAllocator: 3965568 out of 0 bytes used by permanent object pool.
[2022.02.09-15.52.30:405][  0]LogUObjectArray: CloseDisregardForGC: 0/0 objects in disregard for GC pool
[2022.02.09-15.52.30:691][  0]LogTcpMessaging: Initializing TcpMessaging bridge
[2022.02.09-15.52.30:694][  0]LogUdpMessaging: Initializing bridge on interface 0.0.0.0:0 to multicast group 230.0.0.1:6666.
[2022.02.09-15.52.30:772][  0]SourceControl: Source control is disabled
[2022.02.09-15.52.30:772][  0]SourceControl: Source control is disabled
[2022.02.09-15.52.30:775][  0]SourceControl: Source control is disabled
[2022.02.09-15.52.30:777][  0]SourceControl: Source control is disabled
[2022.02.09-15.52.30:783][  0]SourceControl: Source control is disabled
[2022.02.09-15.52.31:015][  0]LogAndroidPermission: UAndroidPermissionCallbackProxy::GetInstance
[2022.02.09-15.52.31:031][  0]LogAudioCaptureCore: Display: No Audio Capture implementations found. Audio input will be silent.
[2022.02.09-15.52.31:031][  0]LogAudioCaptureCore: Display: No Audio Capture implementations found. Audio input will be silent.
[2022.02.09-15.52.31:073][  0]LogOcInput: OculusInput pre-init called
[2022.02.09-15.52.31:083][  0]LogWindows: Failed to load 'OVRPlugin.dll' (GetLastError=126)
[2022.02.09-15.52.31:083][  0]LogWindows: File 'OVRPlugin.dll' does not exist
[2022.02.09-15.52.31:133][  0]LogEngine: Initializing Engine...
[2022.02.09-15.52.31:135][  0]LogHMD: Failed to initialize OpenVR with code 110
[2022.02.09-15.52.31:135][  0]LogMagicLeap: Warning: VR disabled because ZI is not enabled.  To enable, in the editor, Edit -> Project Settings -> Plugins -> Magic Leap Plugin -> Enable Zero Iteration
[2022.02.09-15.52.31:136][  0]LogStats: UGameplayTagsManager::InitializeManager -  0.000 s
[2022.02.09-15.52.31:238][  0]LogInit: Initializing FReadOnlyCVARCache
[2022.02.09-15.52.31:245][  0]LogAIModule: Creating AISystem for world Untitled
[2022.02.09-15.52.31:245][  0]LogAISub: UAISubsystem::UAISubsystem EnvQueryManager (000001C1A6E3C600), frame # 0
[2022.02.09-15.52.31:245][  0]LogAISub: UAISubsystem::UAISubsystem AIPerceptionSystem (000001C1A6E59080), frame # 0
[2022.02.09-15.52.31:266][  0]LogAudioMixer: Display: Audio Mixer Platform Settings:
[2022.02.09-15.52.31:266][  0]LogAudioMixer: Display: 	Sample Rate:						  48000
[2022.02.09-15.52.31:266][  0]LogAudioMixer: Display: 	Callback Buffer Frame Size Requested: 1024
[2022.02.09-15.52.31:266][  0]LogAudioMixer: Display: 	Callback Buffer Frame Size To Use:	  1024
[2022.02.09-15.52.31:266][  0]LogAudioMixer: Display: 	Number of buffers to queue:			  2
[2022.02.09-15.52.31:267][  0]LogAudioMixer: Display: 	Max Channels (voices):				  32
[2022.02.09-15.52.31:267][  0]LogAudioMixer: Display: 	Number of Async Source Workers:		  0
[2022.02.09-15.52.31:267][  0]LogAudio: Display: AudioDevice MaxSources: 32
[2022.02.09-15.52.31:267][  0]LogAudio: Display: Using built-in audio occlusion.
[2022.02.09-15.52.31:267][  0]LogAudioMixer: Display: Initializing audio mixer.
[2022.02.09-15.52.31:280][  0]LogAudioMixer: Display: 0: FrontLeft
[2022.02.09-15.52.31:280][  0]LogAudioMixer: Display: 1: FrontRight
[2022.02.09-15.52.31:309][  0]LogAudioMixer: Display: Using Audio Device Speakers (Realtek(R) Audio)
[2022.02.09-15.52.31:310][  0]LogAudioMixer: Display: Initializing Sound Submixes...
[2022.02.09-15.52.31:313][  0]LogAudioMixer: Display: Creating Master Submix 'MasterSubmixDefault'
[2022.02.09-15.52.31:313][  0]LogAudioMixer: Display: Creating Master Submix 'MasterReverbSubmixDefault'
[2022.02.09-15.52.31:314][  0]LogAudioMixer: Display: Creating Master Submix 'MasterEQSubmixDefault'
[2022.02.09-15.52.31:315][  0]LogInit: FAudioDevice initialized.
[2022.02.09-15.52.31:315][  0]LogNetVersion: Set ProjectVersion to 1.0.0.0. Version Checksum will be recalculated on next use.
[2022.02.09-15.52.31:360][  0]LogDerivedDataCache: Saved boot cache 0.05s 75MB C:/Users/muscl/AppData/Local/UnrealEngine/4.25/DerivedDataCache/Boot.ddc.
[2022.02.09-15.52.31:360][  0]LogInit: Texture streaming: Enabled
[2022.02.09-15.52.31:373][  0]LogEngineSessionManager: EngineSessionManager initialized
[2022.02.09-15.52.31:373][  0]LogEditorSessionSummary: Verbose: Initializing EditorSessionSummaryWriter for editor session tracking
[2022.02.09-15.52.31:375][  0]LogEditorSessionSummary: EditorSessionSummaryWriter initialized
[2022.02.09-15.52.32:110][  0]LogInit: Transaction tracking system initialized
[2022.02.09-15.52.32:129][  0]BlueprintLog: New page: Editor Load
[2022.02.09-15.52.32:196][  0]LocalizationService: Localization service is disabled
[2022.02.09-15.52.32:372][  0]LogCook: Display: Max memory allowance for cook 16384mb min free memory 0mb
[2022.02.09-15.52.32:372][  0]LogCook: Display: Mobile HDR setting 1
[2022.02.09-15.52.32:512][  0]LogFileCache: Scanning file cache for directory 'D:/MyGameProjects/2022-yr1-team-icarus/Inverted/Content/' took 0.01s
[2022.02.09-15.52.32:759][  0]SourceControl: Source control is disabled
[2022.02.09-15.52.32:759][  0]LogUnrealEdMisc: Loading editor; pre map load, took 8.408
[2022.02.09-15.52.32:759][  0]Cmd: MAP LOAD FILE="D:/MyGameProjects/2022-yr1-team-icarus/Inverted/Content/FirstPersonBP/Maps/FirstPersonExampleMap.umap" TEMPLATE=0 SHOWPROGRESS=1 FEATURELEVEL=3
[2022.02.09-15.52.32:759][  0]LightingResults: New page: Lighting Build
[2022.02.09-15.52.32:760][  0]LogWorld: UWorld::CleanupWorld for Untitled, bSessionEnded=true, bCleanupResources=true
[2022.02.09-15.52.32:760][  0]LogSlate: InvalidateAllWidgets triggered.  All widgets were invalidated
[2022.02.09-15.52.32:760][  0]MapCheck: New page: Map Check
[2022.02.09-15.52.32:760][  0]LightingResults: New page: Lighting Build
[2022.02.09-15.52.32:772][  0]LogAISub: UAISubsystem::~UAISubsystem EnvQueryManager (000001C1A6E3C600), frame # 0
[2022.02.09-15.52.32:772][  0]LogAISub: UAISubsystem::~UAISubsystem AIPerceptionSystem (000001C1A6E59080), frame # 0
[2022.02.09-15.52.32:773][  0]LogUObjectHash: Compacting FUObjectHashTables data took   1.21ms
[2022.02.09-15.52.32:898][  0]LogLinker: Warning: While loading 'D:/MyGameProjects/2022-yr1-team-icarus/Inverted/Content/FirstPersonBP/Maps/FirstPersonExampleMap.umap' failed to load '/Game/FirstPersonBP/Maps/FirstPersonExampleMap_BuiltData': Can't find file.
[2022.02.09-15.52.32:898][  0]LogLinker: Warning: While loading 'D:/MyGameProjects/2022-yr1-team-icarus/Inverted/Content/FirstPersonBP/Maps/FirstPersonExampleMap.umap' failed to load '/Game/FirstPersonBP/Maps/FirstPersonExampleMap_BuiltData': Can't find file.
[2022.02.09-15.52.32:900][  0]LogLinker: Warning: While loading 'D:/MyGameProjects/2022-yr1-team-icarus/Inverted/Content/FirstPersonBP/Maps/FirstPersonExampleMap.umap' failed to load '/Game/FirstPersonBP/Maps/FirstPersonExampleMap_BuiltData': Can't find file.
[2022.02.09-15.52.32:900][  0]LogLinker: Warning: While loading 'D:/MyGameProjects/2022-yr1-team-icarus/Inverted/Content/FirstPersonBP/Maps/FirstPersonExampleMap.umap' failed to load '/Game/FirstPersonBP/Maps/FirstPersonExampleMap_BuiltData': Can't find file.
[2022.02.09-15.52.32:901][  0]LogLinker: Warning: Failed to load '/Game/FirstPersonBP/Maps/FirstPersonExampleMap_BuiltData': Can't find file.
[2022.02.09-15.52.32:901][  0]LogLinker: Warning: Failed to load '/Game/FirstPersonBP/Maps/FirstPersonExampleMap_BuiltData': Can't find file.
[2022.02.09-15.52.32:901][  0]LogLinker: Warning: Failed to load '/Game/FirstPersonBP/Maps/FirstPersonExampleMap_BuiltData': Can't find file.
[2022.02.09-15.52.32:902][  0]LogLinker: Warning: Failed to load '/Game/FirstPersonBP/Maps/FirstPersonExampleMap_BuiltData': Can't find file.
[2022.02.09-15.52.32:956][  0]LogLinker: Warning: While loading 'D:/MyGameProjects/2022-yr1-team-icarus/Inverted/Content/FirstPersonBP/Maps/FirstPersonExampleMap.umap' failed to load '/Game/FirstPersonBP/Maps/FirstPersonExampleMap_BuiltData': Can't find file.
[2022.02.09-15.52.32:956][  0]LoadErrors: Failed to load /Game/FirstPersonBP/Maps/FirstPersonExampleMap_BuiltData.FirstPersonExampleMap_BuiltData Referenced by PersistentLevel
[2022.02.09-15.52.32:956][  0]LogLinker: Warning: While loading 'D:/MyGameProjects/2022-yr1-team-icarus/Inverted/Content/FirstPersonBP/Maps/FirstPersonExampleMap.umap' failed to load '/Game/FirstPersonBP/Maps/FirstPersonExampleMap_BuiltData': Can't find file.
[2022.02.09-15.52.32:956][  0]LoadErrors: Failed to load /Game/FirstPersonBP/Maps/FirstPersonExampleMap_BuiltData.FirstPersonExampleMap_BuiltData Referenced by PersistentLevel
[2022.02.09-15.52.33:001][  0]LogAIModule: Creating AISystem for world FirstPersonExampleMap
[2022.02.09-15.52.33:002][  0]LogAISub: UAISubsystem::UAISubsystem EnvQueryManager (000001C19893B400), frame # 0
[2022.02.09-15.52.33:002][  0]LogAISub: UAISubsystem::UAISubsystem AIPerceptionSystem (000001C198882D40), frame # 0
[2022.02.09-15.52.33:019][  0]LogEditorServer: Finished looking for orphan Actors (0.000 secs)
[2022.02.09-15.52.33:034][  0]LogUObjectHash: Compacting FUObjectHashTables data took   0.97ms
[2022.02.09-15.52.33:034][  0]Cmd: MAP CHECKDEP NOCLEARLOG
[2022.02.09-15.52.33:034][  0]MapCheck: Map check complete: 0 Error(s), 0 Warning(s), took 0.128ms to complete.
[2022.02.09-15.52.33:034][  0]LogFileHelpers: Loading map 'FirstPersonExampleMap' took 0.276
[2022.02.09-15.52.33:036][  0]LogUnrealEdMisc: Total Editor Startup Time, took 8.686
[2022.02.09-15.52.33:151][  0]LogSlate: Updating window title bar state: overlay mode, drag disabled, window buttons hidden, title bar hidden
[2022.02.09-15.52.33:158][  0]LogSlate: Updating window title bar state: overlay mode, drag disabled, window buttons hidden, title bar hidden
[2022.02.09-15.52.33:165][  0]LogSlate: Updating window title bar state: overlay mode, drag disabled, window buttons hidden, title bar hidden
[2022.02.09-15.52.33:172][  0]LogSlate: Updating window title bar state: overlay mode, drag disabled, window buttons hidden, title bar hidden
[2022.02.09-15.52.33:177][  0]LogCollectionManager: Loaded 0 collections in 0.001524 seconds
[2022.02.09-15.52.33:189][  0]LogFileCache: Scanning file cache for directory 'D:/MyGameProjects/2022-yr1-team-icarus/Inverted/Saved/Collections/' took 0.00s
[2022.02.09-15.52.33:189][  0]LogFileCache: Scanning file cache for directory 'D:/MyGameProjects/2022-yr1-team-icarus/Inverted/Content/Developers/muscl/Collections/' took 0.00s
[2022.02.09-15.52.33:189][  0]LogFileCache: Scanning file cache for directory 'D:/MyGameProjects/2022-yr1-team-icarus/Inverted/Content/Collections/' took 0.00s
[2022.02.09-15.52.33:189][  0]LogContentBrowser: Native class hierarchy populated in 0.0081 seconds. Added 3427 classes and 821 folders.
[2022.02.09-15.52.33:191][  0]LogContentBrowser: Native class hierarchy updated for 'WidgetCarousel' in 0.0002 seconds. Added 0 classes and 0 folders.
[2022.02.09-15.52.33:237][  0]LogContentBrowser: Native class hierarchy updated for 'AddContentDialog' in 0.0002 seconds. Added 0 classes and 0 folders.
[2022.02.09-15.52.33:238][  0]LogContentBrowser: Native class hierarchy updated for 'SceneOutliner' in 0.0002 seconds. Added 2 classes and 0 folders.
[2022.02.09-15.52.33:293][  0]LogSlate: Took 0.000158 seconds to synchronously load lazily loaded font '../../../Engine/Content/Slate/Fonts/Roboto-Regular.ttf' (155K)
[2022.02.09-15.52.33:295][  0]LogSlate: Took 0.000162 seconds to synchronously load lazily loaded font '../../../Engine/Content/Slate/Fonts/Roboto-Bold.ttf' (160K)
[2022.02.09-15.52.33:303][  0]LogSlate: Took 0.000149 seconds to synchronously load lazily loaded font '../../../Engine/Content/Editor/Slate/Fonts/FontAwesome.ttf' (139K)
[2022.02.09-15.52.33:373][  0]LogRenderer: Reallocating scene render targets to support 972x452 Format 10 NumSamples 1 (Frame:1).
[2022.02.09-15.52.33:590][  0]LogContentBrowser: Native class hierarchy updated for 'HierarchicalLODOutliner' in 0.0004 seconds. Added 0 classes and 0 folders.
[2022.02.09-15.52.33:590][  0]LogLoad: (Engine Initialization) Total time: 9.24 seconds
[2022.02.09-15.52.33:590][  0]LogLoad: (Engine Initialization) Total Blueprint compile time: 0.00 seconds
[2022.02.09-15.52.33:648][  0]LogAssetRegistry: Asset discovery search completed in 4.8849 seconds
[2022.02.09-15.52.33:653][  0]LogCollectionManager: Fixed up redirectors for 0 collections in 0.000002 seconds (updated 0 objects)
[2022.02.09-15.52.33:654][  0]LogContentStreaming: Texture pool size now 1000 MB
[2022.02.09-15.52.33:853][  0]LogSlate: Took 0.000139 seconds to synchronously load lazily loaded font '../../../Engine/Content/Slate/Fonts/Roboto-Light.ttf' (167K)
[2022.02.09-15.52.33:860][  0]LogSlate: Took 0.000130 seconds to synchronously load lazily loaded font '../../../Engine/Content/Slate/Fonts/DroidSansMono.ttf' (77K)
[2022.02.09-15.52.36:923][177]LogSlate: Window 'Message Log' being destroyed
[2022.02.09-15.52.36:929][177]LogSlate: Window 'Message Log' being destroyed
[2022.02.09-15.52.42:534][409]LogLinker: Warning: While loading 'D:/MyGameProjects/2022-yr1-team-icarus/Inverted/Content/MapFiles/TheMap.umap' failed to load '/Game/MapFiles/TheMap_BuiltData': Can't find file.
[2022.02.09-15.52.42:534][409]LogLinker: Warning: While loading 'D:/MyGameProjects/2022-yr1-team-icarus/Inverted/Content/MapFiles/TheMap.umap' failed to load '/Game/MapFiles/TheMap_BuiltData': Can't find file.
[2022.02.09-15.52.42:534][409]LogLinker: Warning: While loading 'D:/MyGameProjects/2022-yr1-team-icarus/Inverted/Content/MapFiles/TheMap.umap' failed to load '/Game/MapFiles/TheMap_BuiltData': Can't find file.
[2022.02.09-15.52.42:534][409]LogLinker: Warning: While loading 'D:/MyGameProjects/2022-yr1-team-icarus/Inverted/Content/MapFiles/TheMap.umap' failed to load '/Game/MapFiles/TheMap_BuiltData': Can't find file.
[2022.02.09-15.52.42:541][409]LogLinker: Warning: While loading 'D:/MyGameProjects/2022-yr1-team-icarus/Inverted/Content/MapFiles/TheMap.umap' failed to load '/Game/MapFiles/TheMap_BuiltData': Can't find file.
[2022.02.09-15.52.42:541][409]LoadErrors: Failed to load /Game/MapFiles/TheMap_BuiltData.TheMap_BuiltData Referenced by PersistentLevel
[2022.02.09-15.52.42:541][409]LogLinker: Warning: While loading 'D:/MyGameProjects/2022-yr1-team-icarus/Inverted/Content/MapFiles/TheMap.umap' failed to load '/Game/MapFiles/TheMap_BuiltData': Can't find file.
[2022.02.09-15.52.43:772][477]LogSlate: Took 0.000312 seconds to synchronously load lazily loaded font '../../../Engine/Content/Slate/Fonts/Roboto-Light.ttf' (167K)
[2022.02.09-15.52.46:204][612]LogSlate: Window 'Failed Renames' being destroyed
[2022.02.09-15.52.52:445][975]LogAssetEditorSubsystem: Opening Asset editor for WidgetBlueprint /Game/MapFiles/MainMenu/MainMenuWidget.MainMenuWidget
[2022.02.09-15.52.52:622][975]LogContentBrowser: Native class hierarchy updated for 'BlueprintGraph' in 0.0005 seconds. Added 125 classes and 0 folders.
[2022.02.09-15.52.53:785][975]LogSlate: Took 0.000167 seconds to synchronously load lazily loaded font '../../../Engine/Content/Slate/Fonts/Roboto-BoldCondensed.ttf' (158K)
[2022.02.09-15.52.55:091][ 37]LogSlate: Took 0.000143 seconds to synchronously load lazily loaded font '../../../Engine/Content/Slate/Fonts/Roboto-Italic.ttf' (157K)
[2022.02.09-15.53.19:826][503]LogSlate: Window 'MainMenuWidget' being destroyed
[2022.02.09-15.53.19:834][503]LogSlate: Window 'MainMenuWidget' being destroyed
[2022.02.09-15.53.19:837][503]LogWorld: UWorld::CleanupWorld for World_1, bSessionEnded=true, bCleanupResources=true
[2022.02.09-15.53.19:837][503]LogSlate: InvalidateAllWidgets triggered.  All widgets were invalidated
[2022.02.09-15.53.19:855][503]LogWorld: UWorld::CleanupWorld for World_0, bSessionEnded=true, bCleanupResources=true
[2022.02.09-15.53.19:855][503]LogSlate: InvalidateAllWidgets triggered.  All widgets were invalidated
[2022.02.09-15.53.27:852][956]LogObjectTools: Deleting 1 worlds: /Game/MapFiles/TheMap.TheMap
[2022.02.09-15.53.27:852][956]LogObjectTools: Currently 1 active worlds: /Game/FirstPersonBP/Maps/FirstPersonExampleMap.FirstPersonExampleMap
[2022.02.09-15.53.27:914][956]LogUObjectHash: Compacting FUObjectHashTables data took   3.33ms
[2022.02.09-15.53.30:278][956]LogSlate: Window 'Delete Assets' being destroyed
[2022.02.09-15.53.30:320][956]LogWorld: UWorld::CleanupWorld for TheMap, bSessionEnded=true, bCleanupResources=true
[2022.02.09-15.53.30:320][956]LogSlate: InvalidateAllWidgets triggered.  All widgets were invalidated
[2022.02.09-15.53.30:631][956]LogUObjectHash: Compacting FUObjectHashTables data took   1.97ms
[2022.02.09-15.53.30:662][956]LogUObjectHash: Compacting FUObjectHashTables data took   1.63ms
[2022.02.09-15.53.30:677][956]LogUObjectHash: Compacting FUObjectHashTables data took   0.37ms
[2022.02.09-15.53.32:424][ 52]LogAssetEditorSubsystem: Opening Asset editor for World /Game/MapFiles/TheMap/TheMap.TheMap
[2022.02.09-15.53.32:441][ 52]LogUObjectHash: Compacting FUObjectHashTables data took   0.35ms
[2022.02.09-15.53.32:442][ 52]Cmd: MAP LOAD FILE="D:/MyGameProjects/2022-yr1-team-icarus/Inverted/Content/MapFiles/TheMap/TheMap.umap" TEMPLATE=0 SHOWPROGRESS=1 FEATURELEVEL=3
[2022.02.09-15.53.32:442][ 52]LightingResults: New page: Lighting Build
[2022.02.09-15.53.32:442][ 52]LoadErrors: New page: Loading map: TheMap.umap
[2022.02.09-15.53.32:443][ 52]LogWorld: UWorld::CleanupWorld for FirstPersonExampleMap, bSessionEnded=true, bCleanupResources=true
[2022.02.09-15.53.32:443][ 52]LogSlate: InvalidateAllWidgets triggered.  All widgets were invalidated
[2022.02.09-15.53.32:443][ 52]MapCheck: New page: Map Check
[2022.02.09-15.53.32:443][ 52]LightingResults: New page: Lighting Build
[2022.02.09-15.53.32:459][ 52]LogAISub: UAISubsystem::~UAISubsystem EnvQueryManager (000001C19893B400), frame # 3052
[2022.02.09-15.53.32:459][ 52]LogAISub: UAISubsystem::~UAISubsystem AIPerceptionSystem (000001C198882D40), frame # 3052
[2022.02.09-15.53.32:460][ 52]LogUObjectHash: Compacting FUObjectHashTables data took   1.46ms
[2022.02.09-15.53.32:463][ 52]LogEditorServer: Finished looking for orphan Actors (0.000 secs)
[2022.02.09-15.53.32:463][ 52]LogAIModule: Creating AISystem for world TheMap
[2022.02.09-15.53.32:463][ 52]LogAISub: UAISubsystem::UAISubsystem EnvQueryManager (000001C1987E3E00), frame # 3052
[2022.02.09-15.53.32:463][ 52]LogAISub: UAISubsystem::UAISubsystem AIPerceptionSystem (000001C1E044FC40), frame # 3052
[2022.02.09-15.53.32:481][ 52]LogUObjectHash: Compacting FUObjectHashTables data took   1.28ms
[2022.02.09-15.53.32:495][ 52]Cmd: MAP CHECKDEP NOCLEARLOG
[2022.02.09-15.53.32:495][ 52]MapCheck: Map check complete: 0 Error(s), 0 Warning(s), took 0.113ms to complete.
[2022.02.09-15.53.32:495][ 52]LogFileHelpers: Loading map 'TheMap' took 0.053
[2022.02.09-15.53.37:235][311]MapCheck: New page: Map Check
[2022.02.09-15.53.37:258][311]Cmd: MAP REBUILD ALLVISIBLE
[2022.02.09-15.53.37:258][311]LogEditorServer: Rebuildmap Clear paths rebuilt
[2022.02.09-15.53.37:448][311]LogWorld: UWorld::CleanupWorld for TheMap, bSessionEnded=true, bCleanupResources=false
[2022.02.09-15.53.37:470][311]LightingResults: New page: Lighting Build - 9 Feb 2022, 15:53:37
[2022.02.09-15.53.37:563][311]LogSwarmInterface: [OpenConnection] Registering TCP channel ...
[2022.02.09-15.53.37:624][311]LogSwarmInterface: [OpenConnection] Connecting to agent ...
[2022.02.09-15.53.37:638][311]LogSwarmInterface: [TryOpenConnection] Testing the Agent
[2022.02.09-15.53.38:160][311]LogSwarmInterface: [TryOpenConnection] Opening Connection to Agent
[2022.02.09-15.53.38:160][311]LogSwarmInterface: [TryOpenConnection] Local Process ID is 12460
[2022.02.09-15.53.40:767][311]LogStaticLightingSystem: Warning: No importance volume found, so the scene bounding box was used.  You can optimize your scene's quality and lighting build times by adding importance volumes.
[2022.02.09-15.53.40:767][311]LogStaticLightingSystem: Running Lightmass w/ ImmediateImport mode ENABLED
[2022.02.09-15.53.40:767][311]LogStaticLightingSystem: Running Lightmass w/ ImmediateProcess mode ENABLED
[2022.02.09-15.53.40:767][311]LogStaticLightingSystem: Running Lightmass w/ Sorting mode ENABLED
[2022.02.09-15.53.40:767][311]LogStaticLightingSystem: Running Lightmass w/ Mapping paddings ENABLED
[2022.02.09-15.53.40:767][311]LogStaticLightingSystem: Running Lightmass w/ Mapping debug paddings DISABLED
[2022.02.09-15.53.40:967][311]LogEditorBuildUtils: Build time 0:03
[2022.02.09-15.53.41:031][312]LogUObjectHash: Compacting FUObjectHashTables data took   1.53ms
[2022.02.09-15.53.42:998][403]Job is a success!
[2022.02.09-15.53.43:273][404]LogVolumetricLightmapImport: Imported Volumetric Lightmap in 0.026s
[2022.02.09-15.53.43:273][404]LogVolumetricLightmapImport:      Indirection Texture 16x16x16 = 0.0Mb
[2022.02.09-15.53.43:273][404]LogVolumetricLightmapImport:      BrickData (all levels) 0.1Mb
[2022.02.09-15.53.43:273][404]LogVolumetricLightmapImport:      Bricks at depth
[2022.02.09-15.53.43:273][404]LogVolumetricLightmapImport:          0: 4.8% covering 100.0% of volume
[2022.02.09-15.53.43:273][404]LogVolumetricLightmapImport:          1: 9.5% covering 3.1% of volume
[2022.02.09-15.53.43:273][404]LogVolumetricLightmapImport:          2: 85.7% covering 0.4% of volume
[2022.02.09-15.53.43:273][404]LogVolumetricLightmapImport:      Bricks in each level
[2022.02.09-15.53.43:273][404]LogVolumetricLightmapImport:          TheMap 			 21 bricks 	 100.0% (Persistent Level)
[2022.02.09-15.53.43:313][404]LightingResults: Warning: RectLight_4 Severe performance loss: Failed to allocate shadowmap channel for stationary light due to overlap - light will fall back to dynamic shadows!
[2022.02.09-15.53.43:314][404]LightingResults: Warning: SpotLight_3 Severe performance loss: Failed to allocate shadowmap channel for stationary light due to overlap - light will fall back to dynamic shadows!
[2022.02.09-15.53.43:432][404]LogTexture: Display: Building textures: HQ_Lightmap0_1 (AutoDXT, 512X512)
[2022.02.09-15.53.43:432][404]LogTexture: Display: Building textures: LQ_Lightmap_0_1 (DXT1, 512X512)
[2022.02.09-15.53.43:432][404]LogTexture: Display: Building textures: SkyOcclusion0_1 (AutoDXT, 512X256)
[2022.02.09-15.53.43:432][404]LogTexture: Display: Building textures: ShadowMapTexture2D_0 (BGRA8, 256X256)
[2022.02.09-15.53.43:432][404]Lightmass on DARBOS-LAPTOP: 1.77 sec total, 225 ms importing, 24 ms setup, 75 ms photons, 1.26 sec processing, 0 ms extra exporting [258/258 mappings]. Threads: 13.8 sec total, 1.57 sec processing.
[2022.02.09-15.53.43:470][404]LogStaticLightingSystem: TheMap_BuiltData storing lightmap data for 8 meshes in 1 LightmapResourceClusters (8.0 Meshes per cluster).
[2022.02.09-15.53.43:499][404]LogUObjectHash: Compacting FUObjectHashTables data took   1.77ms
[2022.02.09-15.53.43:557][404]LogStaticLightingSystem: Illumination: 6.02 sec (51 ms encoding lightmaps, 14 ms encoding shadowmaps)
[2022.02.09-15.53.43:557][404]LogStaticLightingSystem: Lightmap texture memory:  0.7 MB (0.0 MB streaming, 0.7 MB non-streaming), 2 textures
[2022.02.09-15.53.43:557][404]LogStaticLightingSystem: Shadowmap texture memory: 0.3 MB (0.0 MB streaming, 0.3 MB non-streaming), 1 textures
[2022.02.09-15.53.43:756][404]DumpUnbuiltLightIteractions
[2022.02.09-15.53.43:756][404]Lights with unbuilt interactions: 0
[2022.02.09-15.53.43:756][404]
[2022.02.09-15.53.43:756][404]Primitives with unbuilt interactions: 0
[2022.02.09-15.53.43:878][405]Cmd: MAP CHECK NOTIFYRESULTS
[2022.02.09-15.53.43:878][405]MapCheck: New page: TheMap - 9 Feb 2022, 15:53:43
[2022.02.09-15.53.43:880][405]MapCheck: Map check complete: 0 Error(s), 0 Warning(s), took 2.019ms to complete.
[2022.02.09-15.54.11:454][826]LogEditorViewport: Clicking on Actor (LMB): RectLight (RectLight)
[2022.02.09-15.54.38:644][286]LogWindows: Error: === Critical error: ===
[2022.02.09-15.54.38:644][286]LogWindows: Error: 
[2022.02.09-15.54.38:644][286]LogWindows: Error: Fatal error!
[2022.02.09-15.54.38:644][286]LogWindows: Error: 
[2022.02.09-15.54.38:644][286]LogWindows: Error: Unhandled Exception: EXCEPTION_ACCESS_VIOLATION reading address 0xffffffff
[2022.02.09-15.54.38:644][286]LogWindows: Error: 
[2022.02.09-15.54.38:644][286]LogWindows: Error: [Callstack] 0x00007ffbee455c29 UE4Editor-Core.dll!UnknownFunction []
[2022.02.09-15.54.38:644][286]LogWindows: Error: [Callstack] 0x00007ffbee45a6f3 UE4Editor-Core.dll!UnknownFunction []
[2022.02.09-15.54.38:644][286]LogWindows: Error: [Callstack] 0x00007ffbee0567e7 UE4Editor-Core.dll!UnknownFunction []
[2022.02.09-15.54.38:644][286]LogWindows: Error: [Callstack] 0x00007ffbff3befb5 UE4Editor-Slate.dll!UnknownFunction []
[2022.02.09-15.54.38:644][286]LogWindows: Error: [Callstack] 0x00007ffbff3c6c83 UE4Editor-Slate.dll!UnknownFunction []
[2022.02.09-15.54.38:644][286]LogWindows: Error: [Callstack] 0x00007ffbff4e0d84 UE4Editor-Slate.dll!UnknownFunction []
[2022.02.09-15.54.38:644][286]LogWindows: Error: [Callstack] 0x00007ffbff4e1753 UE4Editor-Slate.dll!UnknownFunction []
[2022.02.09-15.54.38:644][286]LogWindows: Error: [Callstack] 0x00007ffbedb1d6f1 UE4Editor-SlateCore.dll!UnknownFunction []
[2022.02.09-15.54.38:644][286]LogWindows: Error: [Callstack] 0x00007ffbeda8fc12 UE4Editor-SlateCore.dll!UnknownFunction []
[2022.02.09-15.54.38:645][286]LogWindows: Error: [Callstack] 0x00007ffbedb1d6f1 UE4Editor-SlateCore.dll!UnknownFunction []
[2022.02.09-15.54.38:645][286]LogWindows: Error: [Callstack] 0x00007ffbeda8fc12 UE4Editor-SlateCore.dll!UnknownFunction []
[2022.02.09-15.54.38:645][286]LogWindows: Error: [Callstack] 0x00007ffbedb1ddfd UE4Editor-SlateCore.dll!UnknownFunction []
[2022.02.09-15.54.38:645][286]LogWindows: Error: [Callstack] 0x00007ffbedb1d6f1 UE4Editor-SlateCore.dll!UnknownFunction []
[2022.02.09-15.54.38:645][286]LogWindows: Error: [Callstack] 0x00007ffbeda98176 UE4Editor-SlateCore.dll!UnknownFunction []
[2022.02.09-15.54.38:645][286]LogWindows: Error: [Callstack] 0x00007ffbeda8fd1a UE4Editor-SlateCore.dll!UnknownFunction []
[2022.02.09-15.54.38:645][286]LogWindows: Error: [Callstack] 0x00007ffbedb1d6f1 UE4Editor-SlateCore.dll!UnknownFunction []
[2022.02.09-15.54.38:645][286]LogWindows: Error: [Callstack] 0x00007ffbff26a686 UE4Editor-Slate.dll!UnknownFunction []
[2022.02.09-15.54.38:645][286]LogWindows: Error: [Callstack] 0x00007ffbedb1d6f1 UE4Editor-SlateCore.dll!UnknownFunction []
[2022.02.09-15.54.38:645][286]LogWindows: Error: [Callstack] 0x00007ffbeda9c43c UE4Editor-SlateCore.dll!UnknownFunction []
[2022.02.09-15.54.38:645][286]LogWindows: Error: [Callstack] 0x00007ffbeda8fa0a UE4Editor-SlateCore.dll!UnknownFunction []
[2022.02.09-15.54.38:645][286]LogWindows: Error: [Callstack] 0x00007ffbedb1d6f1 UE4Editor-SlateCore.dll!UnknownFunction []
[2022.02.09-15.54.38:645][286]LogWindows: Error: [Callstack] 0x00007ffbeda8fc12 UE4Editor-SlateCore.dll!UnknownFunction []
[2022.02.09-15.54.38:645][286]LogWindows: Error: [Callstack] 0x00007ffbd75a611c UE4Editor-SceneOutliner.dll!UnknownFunction []
[2022.02.09-15.54.38:645][286]LogWindows: Error: [Callstack] 0x00007ffbedb1d6f1 UE4Editor-SlateCore.dll!UnknownFunction []
[2022.02.09-15.54.38:645][286]LogWindows: Error: [Callstack] 0x00007ffbeda9c43c UE4Editor-SlateCore.dll!UnknownFunction []
[2022.02.09-15.54.38:645][286]LogWindows: Error: [Callstack] 0x00007ffbeda8fa0a UE4Editor-SlateCore.dll!UnknownFunction []
[2022.02.09-15.54.38:645][286]LogWindows: Error: [Callstack] 0x00007ffbedb1d6f1 UE4Editor-SlateCore.dll!UnknownFunction []
[2022.02.09-15.54.38:645][286]LogWindows: Error: [Callstack] 0x00007ffbeda9c43c UE4Editor-SlateCore.dll!UnknownFunction []
[2022.02.09-15.54.38:645][286]LogWindows: Error: [Callstack] 0x00007ffbeda8fa0a UE4Editor-SlateCore.dll!UnknownFunction []
[2022.02.09-15.54.38:645][286]LogWindows: Error: [Callstack] 0x00007ffbedb1d6f1 UE4Editor-SlateCore.dll!UnknownFunction []
[2022.02.09-15.54.38:645][286]LogWindows: Error: [Callstack] 0x00007ffbeda8fc12 UE4Editor-SlateCore.dll!UnknownFunction []
[2022.02.09-15.54.38:645][286]LogWindows: Error: [Callstack] 0x00007ffbd762f7af UE4Editor-SceneOutliner.dll!UnknownFunction []
[2022.02.09-15.54.38:645][286]LogWindows: Error: [Callstack] 0x00007ffbd7630b64 UE4Editor-SceneOutliner.dll!UnknownFunction []
[2022.02.09-15.54.38:645][286]LogWindows: Error: [Callstack] 0x00007ffbff51a933 UE4Editor-Slate.dll!UnknownFunction []
[2022.02.09-15.54.38:645][286]LogWindows: Error: [Callstack] 0x00007ffbd76478db UE4Editor-SceneOutliner.dll!UnknownFunction []
[2022.02.09-15.54.38:645][286]LogWindows: Error: [Callstack] 0x00007ffbedb77031 UE4Editor-SlateCore.dll!UnknownFunction []
[2022.02.09-15.54.38:645][286]LogWindows: Error: [Callstack] 0x00007ffbedb75915 UE4Editor-SlateCore.dll!UnknownFunction []
[2022.02.09-15.54.38:645][286]LogWindows: Error: [Callstack] 0x00007ffbedb77866 UE4Editor-SlateCore.dll!UnknownFunction []
[2022.02.09-15.54.38:645][286]LogWindows: Error: [Callstack] 0x00007ffbedb78248 UE4Editor-SlateCore.dll!UnknownFunction []
[2022.02.09-15.54.38:645][286]LogWindows: Error: [Callstack] 0x00007ffbedb75aab UE4Editor-SlateCore.dll!UnknownFunction []
[2022.02.09-15.54.38:645][286]LogWindows: Error: [Callstack] 0x00007ffbedb77866 UE4Editor-SlateCore.dll!UnknownFunction []
[2022.02.09-15.54.38:645][286]LogWindows: Error: [Callstack] 0x00007ffbedb74fe4 UE4Editor-SlateCore.dll!UnknownFunction []
[2022.02.09-15.54.38:645][286]LogWindows: Error: [Callstack] 0x00007ffbff4bc664 UE4Editor-Slate.dll!UnknownFunction []
[2022.02.09-15.54.38:645][286]LogWindows: Error: [Callstack] 0x00007ffbedb77866 UE4Editor-SlateCore.dll!UnknownFunction []
[2022.02.09-15.54.38:645][286]LogWindows: Error: [Callstack] 0x00007ffbedb74fe4 UE4Editor-SlateCore.dll!UnknownFunction []
[2022.02.09-15.54.38:645][286]LogWindows: Error: [Callstack] 0x00007ffbedb77866 UE4Editor-SlateCore.dll!UnknownFunction []
[2022.02.09-15.54.38:645][286]LogWindows: Error: [Callstack] 0x00007ffbedb74fe4 UE4Editor-SlateCore.dll!UnknownFunction []
[2022.02.09-15.54.38:645][286]LogWindows: Error: [Callstack] 0x00007ffbff4bc664 UE4Editor-Slate.dll!UnknownFunction []
[2022.02.09-15.54.38:645][286]LogWindows: Error: [Callstack] 0x00007ffbedb77866 UE4Editor-SlateCore.dll!UnknownFunction []
[2022.02.09-15.54.38:645][286]LogWindows: Error: [Callstack] 0x00007ffbedb74fe4 UE4Editor-SlateCore.dll!UnknownFunction []
[2022.02.09-15.54.38:645][286]LogWindows: Error: [Callstack] 0x00007ffbff4bc664 UE4Editor-Slate.dll!UnknownFunction []
[2022.02.09-15.54.38:645][286]LogWindows: Error: [Callstack] 0x00007ffbedb77866 UE4Editor-SlateCore.dll!UnknownFunction []
[2022.02.09-15.54.38:645][286]LogWindows: Error: [Callstack] 0x00007ffbedb75915 UE4Editor-SlateCore.dll!UnknownFunction []
[2022.02.09-15.54.38:645][286]LogWindows: Error: [Callstack] 0x00007ffbedb77866 UE4Editor-SlateCore.dll!UnknownFunction []
[2022.02.09-15.54.38:645][286]LogWindows: Error: [Callstack] 0x00007ffbedb78248 UE4Editor-SlateCore.dll!UnknownFunction []
[2022.02.09-15.54.38:645][286]LogWindows: Error: [Callstack] 0x00007ffbedb75aab UE4Editor-SlateCore.dll!UnknownFunction []
[2022.02.09-15.54.38:645][286]LogWindows: Error: [Callstack] 0x00007ffbedb77866 UE4Editor-SlateCore.dll!UnknownFunction []
[2022.02.09-15.54.38:645][286]LogWindows: Error: [Callstack] 0x00007ffbedb74fe4 UE4Editor-SlateCore.dll!UnknownFunction []
[2022.02.09-15.54.38:645][286]LogWindows: Error: [Callstack] 0x00007ffbedb77866 UE4Editor-SlateCore.dll!UnknownFunction []
[2022.02.09-15.54.38:645][286]LogWindows: Error: [Callstack] 0x00007ffbedb78248 UE4Editor-SlateCore.dll!UnknownFunction []
[2022.02.09-15.54.38:645][286]LogWindows: Error: [Callstack] 0x00007ffbff4bea00 UE4Editor-Slate.dll!UnknownFunction []
[2022.02.09-15.54.38:645][286]LogWindows: Error: [Callstack] 0x00007ffbedb77866 UE4Editor-SlateCore.dll!UnknownFunction []
[2022.02.09-15.54.38:645][286]LogWindows: Error: [Callstack] 0x00007ffbedb74fe4 UE4Editor-SlateCore.dll!UnknownFunction []
[2022.02.09-15.54.38:645][286]LogWindows: Error: [Callstack] 0x00007ffbedb77866 UE4Editor-SlateCore.dll!UnknownFunction []
[2022.02.09-15.54.38:645][286]LogWindows: Error: [Callstack] 0x00007ffbedb78248 UE4Editor-SlateCore.dll!UnknownFunction []
[2022.02.09-15.54.38:645][286]LogWindows: Error: [Callstack] 0x00007ffbff4bea00 UE4Editor-Slate.dll!UnknownFunction []
[2022.02.09-15.54.38:645][286]LogWindows: Error: [Callstack] 0x00007ffbedb77866 UE4Editor-SlateCore.dll!UnknownFunction []
[2022.02.09-15.54.38:645][286]LogWindows: Error: [Callstack] 0x00007ffbedb75915 UE4Editor-SlateCore.dll!UnknownFunction []
[2022.02.09-15.54.38:645][286]LogWindows: Error: [Callstack] 0x00007ffbedb77866 UE4Editor-SlateCore.dll!UnknownFunction []
[2022.02.09-15.54.38:645][286]LogWindows: Error: [Callstack] 0x00007ffbedb74fe4 UE4Editor-SlateCore.dll!UnknownFunction []
[2022.02.09-15.54.38:645][286]LogWindows: Error: [Callstack] 0x00007ffbedb77866 UE4Editor-SlateCore.dll!UnknownFunction []
[2022.02.09-15.54.38:645][286]LogWindows: Error: [Callstack] 0x00007ffbedb78248 UE4Editor-SlateCore.dll!UnknownFunction []
[2022.02.09-15.54.38:645][286]LogWindows: Error: [Callstack] 0x00007ffbedb75aab UE4Editor-SlateCore.dll!UnknownFunction []
[2022.02.09-15.54.38:645][286]LogWindows: Error: [Callstack] 0x00007ffbedb77866 UE4Editor-SlateCore.dll!UnknownFunction []
[2022.02.09-15.54.38:645][286]LogWindows: Error: [Callstack] 0x00007ffbedb74fe4 UE4Editor-SlateCore.dll!UnknownFunction []
[2022.02.09-15.54.38:645][286]LogWindows: Error: [Callstack] 0x00007ffbedb77866 UE4Editor-SlateCore.dll!UnknownFunction []
[2022.02.09-15.54.38:646][286]LogWindows: Error: [Callstack] 0x00007ffbedb74fe4 UE4Editor-SlateCore.dll!UnknownFunction []
[2022.02.09-15.54.38:646][286]LogWindows: Error: [Callstack] 0x00007ffbff4bc664 UE4Editor-Slate.dll!UnknownFunction []
[2022.02.09-15.54.38:646][286]LogWindows: Error: [Callstack] 0x00007ffbedb77866 UE4Editor-SlateCore.dll!UnknownFunction []
[2022.02.09-15.54.38:646][286]LogWindows: Error: [Callstack] 0x00007ffbedb75915 UE4Editor-SlateCore.dll!UnknownFunction []
[2022.02.09-15.54.38:646][286]LogWindows: Error: [Callstack] 0x00007ffbedb77866 UE4Editor-SlateCore.dll!UnknownFunction []
[2022.02.09-15.54.38:646][286]LogWindows: Error: [Callstack] 0x00007ffbedb78248 UE4Editor-SlateCore.dll!UnknownFunction []
[2022.02.09-15.54.38:646][286]LogWindows: Error: [Callstack] 0x00007ffbedb75aab UE4Editor-SlateCore.dll!UnknownFunction []
[2022.02.09-15.54.38:646][286]LogWindows: Error: [Callstack] 0x00007ffbedb77866 UE4Editor-SlateCore.dll!UnknownFunction []
[2022.02.09-15.54.38:646][286]LogWindows: Error: [Callstack] 0x00007ffbedb74fe4 UE4Editor-SlateCore.dll!UnknownFunction []
[2022.02.09-15.54.38:646][286]LogWindows: Error: [Callstack] 0x00007ffbedb77866 UE4Editor-SlateCore.dll!UnknownFunction []
[2022.02.09-15.54.38:646][286]LogWindows: Error: [Callstack] 0x00007ffbedb78248 UE4Editor-SlateCore.dll!UnknownFunction []
[2022.02.09-15.54.38:646][286]LogWindows: Error: [Callstack] 0x00007ffbff4bea00 UE4Editor-Slate.dll!UnknownFunction []
[2022.02.09-15.54.38:646][286]LogWindows: Error: [Callstack] 0x00007ffbedb77866 UE4Editor-SlateCore.dll!UnknownFunction []
[2022.02.09-15.54.38:646][286]LogWindows: Error: [Callstack] 0x00007ffbedb75915 UE4Editor-SlateCore.dll!UnknownFunction []
[2022.02.09-15.54.38:646][286]LogWindows: Error: [Callstack] 0x00007ffbedb77866 UE4Editor-SlateCore.dll!UnknownFunction []
[2022.02.09-15.54.38:646][286]LogWindows: Error: [Callstack] 0x00007ffbedb74fe4 UE4Editor-SlateCore.dll!UnknownFunction []
[2022.02.09-15.54.38:646][286]LogWindows: Error: [Callstack] 0x00007ffbedb77866 UE4Editor-SlateCore.dll!UnknownFunction []
[2022.02.09-15.54.38:646][286]LogWindows: Error: [Callstack] 0x00007ffbedb78248 UE4Editor-SlateCore.dll!UnknownFunction []
[2022.02.09-15.54.38:646][286]LogWindows: Error: [Callstack] 0x00007ffbedb75aab UE4Editor-SlateCore.dll!UnknownFunction []
[2022.02.09-15.54.38:646][286]LogWindows: Error: [Callstack] 0x00007ffbedb77866 UE4Editor-SlateCore.dll!UnknownFunction []
[2022.02.09-15.54.38:646][286]LogWindows: Error: [Callstack] 0x00007ffbedb78248 UE4Editor-SlateCore.dll!UnknownFunction []
[2022.02.09-15.54.38:646][286]LogWindows: Error: [Callstack] 0x00007ffbedb75aab UE4Editor-SlateCore.dll!UnknownFunction []
[2022.02.09-15.54.38:646][286]LogWindows: Error: [Callstack] 0x00007ffbedb77866 UE4Editor-SlateCore.dll!UnknownFunction []
[2022.02.09-15.54.38:646][286]LogWindows: Error: [Callstack] 0x00007ffbedb75915 UE4Editor-SlateCore.dll!UnknownFunction []
[2022.02.09-15.54.38:646][286]LogWindows: Error: 
[2022.02.09-15.54.38:659][286]LogExit: Executing StaticShutdownAfterError
[2022.02.09-15.54.38:663][286]LogWindows: FPlatformMisc::RequestExit(1)
[2022.02.09-15.54.38:663][286]LogCore: Engine exit requested (reason: Win RequestExit)
[2022.02.09-15.54.38:729][286]Log file closed, 02/09/22 15:54:38
